<?xml version="1.0" encoding="UTF-8"?>
<!-- Generated by org.testng.reporters.JUnitXMLReporter -->
<testsuite ignored="0" hostname="Rafia" failures="9" tests="93" name="TutorialsNinja Tests" time="390.398" errors="0" timestamp="2023-04-25T18:28:57 EDT">
  <testcase classname="com.tutorials.ninja.qa.testcases.RegisterTest" name="@BeforeMethod setUp" time="14.457">
    <failure type="org.openqa.selenium.TimeoutException" message="timeout: Timed out receiving message from renderer: 10.000
  (Session info: chrome=112.0.5615.87)
Build info: version: &amp;apos;4.7.2&amp;apos;, revision: &amp;apos;4d4020c3b7&amp;apos;
System info: os.name: &amp;apos;Windows 11&amp;apos;, os.arch: &amp;apos;amd64&amp;apos;, os.version: &amp;apos;10.0&amp;apos;, java.version: &amp;apos;17.0.5&amp;apos;
Driver info: org.openqa.selenium.chrome.ChromeDriver
Command: [ed2a77c54073b17b075aa21b3cba9550, clickElement {id=40faf6ca-54ca-4903-8668-2b32e9b81be0}]
Capabilities {acceptInsecureCerts: false, browserName: chrome, browserVersion: 112.0.5615.87, chrome: {chromedriverVersion: 112.0.5615.49 (bd2a7bcb881c..., userDataDir: C:\Users\RAFIAS~1\AppData\L...}, goog:chromeOptions: {debuggerAddress: localhost:56625}, networkConnectionEnabled: false, pageLoadStrategy: normal, platformName: WINDOWS, proxy: Proxy(), se:cdp: ws://localhost:56625/devtoo..., se:cdpVersion: 112.0.5615.87, setWindowRect: true, strictFileInteractability: false, timeouts: {implicit: 0, pageLoad: 300000, script: 30000}, unhandledPromptBehavior: dismiss and notify, webauthn:extension:credBlob: true, webauthn:extension:largeBlob: true, webauthn:extension:minPinLength: true, webauthn:extension:prf: true, webauthn:virtualAuthenticators: true}
Element: [[ChromeDriver: chrome on WINDOWS (ed2a77c54073b17b075aa21b3cba9550)] -&amp;gt; link text: Register]
Session ID: ed2a77c54073b17b075aa21b3cba9550">
      <![CDATA[org.openqa.selenium.TimeoutException: timeout: Timed out receiving message from renderer: 10.000
  (Session info: chrome=112.0.5615.87)
Build info: version: '4.7.2', revision: '4d4020c3b7'
System info: os.name: 'Windows 11', os.arch: 'amd64', os.version: '10.0', java.version: '17.0.5'
Driver info: org.openqa.selenium.chrome.ChromeDriver
Command: [ed2a77c54073b17b075aa21b3cba9550, clickElement {id=40faf6ca-54ca-4903-8668-2b32e9b81be0}]
Capabilities {acceptInsecureCerts: false, browserName: chrome, browserVersion: 112.0.5615.87, chrome: {chromedriverVersion: 112.0.5615.49 (bd2a7bcb881c..., userDataDir: C:\Users\RAFIAS~1\AppData\L...}, goog:chromeOptions: {debuggerAddress: localhost:56625}, networkConnectionEnabled: false, pageLoadStrategy: normal, platformName: WINDOWS, proxy: Proxy(), se:cdp: ws://localhost:56625/devtoo..., se:cdpVersion: 112.0.5615.87, setWindowRect: true, strictFileInteractability: false, timeouts: {implicit: 0, pageLoad: 300000, script: 30000}, unhandledPromptBehavior: dismiss and notify, webauthn:extension:credBlob: true, webauthn:extension:largeBlob: true, webauthn:extension:minPinLength: true, webauthn:extension:prf: true, webauthn:virtualAuthenticators: true}
Element: [[ChromeDriver: chrome on WINDOWS (ed2a77c54073b17b075aa21b3cba9550)] -> link text: Register]
Session ID: ed2a77c54073b17b075aa21b3cba9550
at org.openqa.selenium.remote.codec.w3c.W3CHttpResponseCodec.createException(W3CHttpResponseCodec.java:200)
at org.openqa.selenium.remote.codec.w3c.W3CHttpResponseCodec.decode(W3CHttpResponseCodec.java:133)
at org.openqa.selenium.remote.codec.w3c.W3CHttpResponseCodec.decode(W3CHttpResponseCodec.java:53)
at org.openqa.selenium.remote.HttpCommandExecutor.execute(HttpCommandExecutor.java:184)
at org.openqa.selenium.remote.service.DriverCommandExecutor.invokeExecute(DriverCommandExecutor.java:167)
at org.openqa.selenium.remote.service.DriverCommandExecutor.execute(DriverCommandExecutor.java:142)
at org.openqa.selenium.remote.RemoteWebDriver.execute(RemoteWebDriver.java:535)
at org.openqa.selenium.remote.RemoteWebElement.execute(RemoteWebElement.java:257)
at org.openqa.selenium.remote.RemoteWebElement.click(RemoteWebElement.java:78)
at org.openqa.selenium.support.pagefactory.internal.LocatingElementHandler.invoke(LocatingElementHandler.java:52)
at jdk.proxy2/jdk.proxy2.$Proxy18.click(Unknown Source)
at com.tutorials.ninja.qa.testpages.LandingPage.clickOnRegisterLink(LandingPage.java:45)
at com.tutorials.ninja.qa.testcases.RegisterTest.setUp(RegisterTest.java:43)
at java.base/java.util.ArrayList.forEach(ArrayList.java:1511)
... Removed 39 stack frames]]>
    </failure>
  </testcase> <!-- @BeforeMethod setUp -->
  <testcase classname="com.tutorials.ninja.qa.testcases.RegisterTest" name="@AfterMethod tearDown" time="0.0">
    <skipped/>
  </testcase> <!-- @AfterMethod tearDown -->
  <testcase classname="com.tutorials.ninja.qa.testcases.RegisterTest" name="@BeforeMethod setUp" time="0.0">
    <skipped/>
  </testcase> <!-- @BeforeMethod setUp -->
  <testcase classname="com.tutorials.ninja.qa.testcases.RegisterTest" name="@AfterMethod tearDown" time="0.0">
    <skipped/>
  </testcase> <!-- @AfterMethod tearDown -->
  <testcase classname="com.tutorials.ninja.qa.testcases.RegisterTest" name="@BeforeMethod setUp" time="0.0">
    <skipped/>
  </testcase> <!-- @BeforeMethod setUp -->
  <testcase classname="com.tutorials.ninja.qa.testcases.RegisterTest" name="@AfterMethod tearDown" time="0.0">
    <skipped/>
  </testcase> <!-- @AfterMethod tearDown -->
  <testcase classname="com.tutorials.ninja.qa.testcases.RegisterTest" name="@BeforeMethod setUp" time="0.0">
    <skipped/>
  </testcase> <!-- @BeforeMethod setUp -->
  <testcase classname="com.tutorials.ninja.qa.testcases.RegisterTest" name="@AfterMethod tearDown" time="0.0">
    <skipped/>
  </testcase> <!-- @AfterMethod tearDown -->
  <testcase classname="com.tutorials.ninja.qa.testcases.RegisterTest" name="@BeforeMethod setUp" time="0.0">
    <skipped/>
  </testcase> <!-- @BeforeMethod setUp -->
  <testcase classname="com.tutorials.ninja.qa.testcases.RegisterTest" name="@AfterMethod tearDown" time="0.0">
    <skipped/>
  </testcase> <!-- @AfterMethod tearDown -->
  <testcase classname="com.tutorials.ninja.qa.testcases.RegisterTest" name="@BeforeMethod setUp" time="0.0">
    <skipped/>
  </testcase> <!-- @BeforeMethod setUp -->
  <testcase classname="com.tutorials.ninja.qa.testcases.RegisterTest" name="@AfterMethod tearDown" time="0.0">
    <skipped/>
  </testcase> <!-- @AfterMethod tearDown -->
  <testcase classname="com.tutorials.ninja.qa.testcases.RegisterTest" name="@BeforeMethod setUp" time="0.0">
    <skipped/>
  </testcase> <!-- @BeforeMethod setUp -->
  <testcase classname="com.tutorials.ninja.qa.testcases.RegisterTest" name="@AfterMethod tearDown" time="0.0">
    <skipped/>
  </testcase> <!-- @AfterMethod tearDown -->
  <testcase classname="com.tutorials.ninja.qa.testcases.RegisterTest" name="@BeforeMethod setUp" time="0.0">
    <skipped/>
  </testcase> <!-- @BeforeMethod setUp -->
  <testcase classname="com.tutorials.ninja.qa.testcases.RegisterTest" name="@AfterMethod tearDown" time="0.0">
    <skipped/>
  </testcase> <!-- @AfterMethod tearDown -->
  <testcase classname="com.tutorials.ninja.qa.testcases.RegisterTest" name="@BeforeMethod setUp" time="0.0">
    <skipped/>
  </testcase> <!-- @BeforeMethod setUp -->
  <testcase classname="com.tutorials.ninja.qa.testcases.RegisterTest" name="@AfterMethod tearDown" time="0.0">
    <skipped/>
  </testcase> <!-- @AfterMethod tearDown -->
  <testcase classname="com.tutorials.ninja.qa.testcases.RegisterTest" name="@BeforeMethod setUp" time="0.0">
    <skipped/>
  </testcase> <!-- @BeforeMethod setUp -->
  <testcase classname="com.tutorials.ninja.qa.testcases.RegisterTest" name="@AfterMethod tearDown" time="0.0">
    <skipped/>
  </testcase> <!-- @AfterMethod tearDown -->
  <testcase classname="com.tutorials.ninja.qa.testcases.RegisterTest" name="@BeforeMethod setUp" time="0.0">
    <skipped/>
  </testcase> <!-- @BeforeMethod setUp -->
  <testcase classname="com.tutorials.ninja.qa.testcases.RegisterTest" name="@AfterMethod tearDown" time="0.0">
    <skipped/>
  </testcase> <!-- @AfterMethod tearDown -->
  <testcase classname="com.tutorials.ninja.qa.testcases.RegisterTest" name="@BeforeMethod setUp" time="0.0">
    <skipped/>
  </testcase> <!-- @BeforeMethod setUp -->
  <testcase classname="com.tutorials.ninja.qa.testcases.RegisterTest" name="@AfterMethod tearDown" time="0.0">
    <skipped/>
  </testcase> <!-- @AfterMethod tearDown -->
  <testcase classname="com.tutorials.ninja.qa.testcases.RegisterTest" name="@BeforeMethod setUp" time="0.0">
    <skipped/>
  </testcase> <!-- @BeforeMethod setUp -->
  <testcase classname="com.tutorials.ninja.qa.testcases.RegisterTest" name="@AfterMethod tearDown" time="0.0">
    <skipped/>
  </testcase> <!-- @AfterMethod tearDown -->
  <testcase classname="com.tutorials.ninja.qa.testcases.RegisterTest" name="@BeforeMethod setUp" time="0.0">
    <skipped/>
  </testcase> <!-- @BeforeMethod setUp -->
  <testcase classname="com.tutorials.ninja.qa.testcases.RegisterTest" name="@AfterMethod tearDown" time="0.0">
    <skipped/>
  </testcase> <!-- @AfterMethod tearDown -->
  <testcase classname="com.tutorials.ninja.qa.testcases.RegisterTest" name="@BeforeMethod setUp" time="0.0">
    <skipped/>
  </testcase> <!-- @BeforeMethod setUp -->
  <testcase classname="com.tutorials.ninja.qa.testcases.RegisterTest" name="@AfterMethod tearDown" time="0.0">
    <skipped/>
  </testcase> <!-- @AfterMethod tearDown -->
  <testcase classname="com.tutorials.ninja.qa.testcases.RegisterTest" name="@BeforeMethod setUp" time="0.0">
    <skipped/>
  </testcase> <!-- @BeforeMethod setUp -->
  <testcase classname="com.tutorials.ninja.qa.testcases.RegisterTest" name="@AfterMethod tearDown" time="0.0">
    <skipped/>
  </testcase> <!-- @AfterMethod tearDown -->
  <testcase classname="com.tutorials.ninja.qa.testcases.RegisterTest" name="@BeforeMethod setUp" time="0.0">
    <skipped/>
  </testcase> <!-- @BeforeMethod setUp -->
  <testcase classname="com.tutorials.ninja.qa.testcases.RegisterTest" name="@AfterMethod tearDown" time="0.0">
    <skipped/>
  </testcase> <!-- @AfterMethod tearDown -->
  <testcase classname="com.tutorials.ninja.qa.testcases.RegisterTest" name="@BeforeMethod setUp" time="0.0">
    <skipped/>
  </testcase> <!-- @BeforeMethod setUp -->
  <testcase classname="com.tutorials.ninja.qa.testcases.RegisterTest" name="@AfterMethod tearDown" time="0.0">
    <skipped/>
  </testcase> <!-- @AfterMethod tearDown -->
  <testcase classname="com.tutorials.ninja.qa.testcases.RegisterTest" name="@BeforeMethod setUp" time="0.0">
    <skipped/>
  </testcase> <!-- @BeforeMethod setUp -->
  <testcase classname="com.tutorials.ninja.qa.testcases.RegisterTest" name="@AfterMethod tearDown" time="0.0">
    <skipped/>
  </testcase> <!-- @AfterMethod tearDown -->
  <testcase classname="com.tutorials.ninja.qa.testcases.RegisterTest" name="@BeforeMethod setUp" time="0.0">
    <skipped/>
  </testcase> <!-- @BeforeMethod setUp -->
  <testcase classname="com.tutorials.ninja.qa.testcases.RegisterTest" name="@AfterMethod tearDown" time="0.0">
    <skipped/>
  </testcase> <!-- @AfterMethod tearDown -->
  <testcase classname="com.tutorials.ninja.qa.testcases.RegisterTest" name="@BeforeMethod setUp" time="0.0">
    <skipped/>
  </testcase> <!-- @BeforeMethod setUp -->
  <testcase classname="com.tutorials.ninja.qa.testcases.RegisterTest" name="@AfterMethod tearDown" time="0.0">
    <skipped/>
  </testcase> <!-- @AfterMethod tearDown -->
  <testcase classname="com.tutorials.ninja.qa.testcases.RegisterTest" name="@BeforeMethod setUp" time="0.0">
    <skipped/>
  </testcase> <!-- @BeforeMethod setUp -->
  <testcase classname="com.tutorials.ninja.qa.testcases.RegisterTest" name="@AfterMethod tearDown" time="0.0">
    <skipped/>
  </testcase> <!-- @AfterMethod tearDown -->
  <testcase classname="com.tutorials.ninja.qa.testcases.RegisterTest" name="@BeforeMethod setUp" time="0.0">
    <skipped/>
  </testcase> <!-- @BeforeMethod setUp -->
  <testcase classname="com.tutorials.ninja.qa.testcases.RegisterTest" name="@AfterMethod tearDown" time="0.0">
    <skipped/>
  </testcase> <!-- @AfterMethod tearDown -->
  <testcase classname="com.tutorials.ninja.qa.testcases.RegisterTest" name="@BeforeMethod setUp" time="0.0">
    <skipped/>
  </testcase> <!-- @BeforeMethod setUp -->
  <testcase classname="com.tutorials.ninja.qa.testcases.RegisterTest" name="@AfterMethod tearDown" time="0.0">
    <skipped/>
  </testcase> <!-- @AfterMethod tearDown -->
  <testcase classname="com.tutorials.ninja.qa.testcases.RegisterTest" name="@BeforeMethod setUp" time="0.0">
    <skipped/>
  </testcase> <!-- @BeforeMethod setUp -->
  <testcase classname="com.tutorials.ninja.qa.testcases.RegisterTest" name="@AfterMethod tearDown" time="0.0">
    <skipped/>
  </testcase> <!-- @AfterMethod tearDown -->
  <testcase classname="com.tutorials.ninja.qa.testcases.RegisterTest" name="@BeforeMethod setUp" time="0.0">
    <skipped/>
  </testcase> <!-- @BeforeMethod setUp -->
  <testcase classname="com.tutorials.ninja.qa.testcases.RegisterTest" name="@AfterMethod tearDown" time="0.0">
    <skipped/>
  </testcase> <!-- @AfterMethod tearDown -->
  <testcase classname="com.tutorials.ninja.qa.testcases.RegisterTest" name="@BeforeMethod setUp" time="0.0">
    <skipped/>
  </testcase> <!-- @BeforeMethod setUp -->
  <testcase classname="com.tutorials.ninja.qa.testcases.RegisterTest" name="@AfterMethod tearDown" time="0.0">
    <skipped/>
  </testcase> <!-- @AfterMethod tearDown -->
  <testcase classname="com.tutorials.ninja.qa.testcases.LoginTest" name="verifyLoginUsingValidCredentials_001" time="0.84"/>
  <testcase classname="com.tutorials.ninja.qa.testcases.LoginTest" name="verifyLoginUsingValidCredentials_001" time="0.877"/>
  <testcase classname="com.tutorials.ninja.qa.testcases.LoginTest" name="verifyLoginUsingValidCredentials_001" time="0.828"/>
  <testcase classname="com.tutorials.ninja.qa.testcases.LoginTest" name="verifyLoginUsingValidCredentials_001" time="0.819"/>
  <testcase classname="com.tutorials.ninja.qa.testcases.LoginTest" name="verifyLoginUsingValidCredentials_001" time="0.829"/>
  <testcase classname="com.tutorials.ninja.qa.testcases.LoginTest" name="verifyLoginUsingInvalidCredentials_002" time="0.627"/>
  <testcase classname="com.tutorials.ninja.qa.testcases.LoginTest" name="verifyLoginUsingInvalidEmailandValidPassword_003" time="0.59"/>
  <testcase classname="com.tutorials.ninja.qa.testcases.LoginTest" name="verifyLoginUsingValidEmailandInvalidPassword_004" time="0.571"/>
  <testcase classname="com.tutorials.ninja.qa.testcases.LoginTest" name="verifyLoginUsingBlankEmailandValidPassword_005" time="0.454"/>
  <testcase classname="com.tutorials.ninja.qa.testcases.LoginTest" name="verifyLoginUsingValidEmailandBlankPassword_006" time="0.511"/>
  <testcase classname="com.tutorials.ninja.qa.testcases.LoginTest" name="verifyLoginUsingBlankCredentials_007" time="0.424"/>
  <testcase classname="com.tutorials.ninja.qa.testcases.LoginTest" name="verifyLoginUsingInactiveCredentials_008" time="0.562">
    <failure type="java.lang.AssertionError" message="The following asserts failed:
	Warning Message Does Not Match expected [true] but found [false]">
      <![CDATA[java.lang.AssertionError: The following asserts failed:
Warning Message Does Not Match expected [true] but found [false]
at com.tutorials.ninja.qa.testcases.LoginTest.verifyLoginUsingInactiveCredentials_008(LoginTest.java:139)
at java.base/java.util.ArrayList.forEach(ArrayList.java:1511)
... Removed 29 stack frames]]>
    </failure>
  </testcase> <!-- verifyLoginUsingInactiveCredentials_008 -->
  <testcase classname="com.tutorials.ninja.qa.testcases.LoginTest" name="verifyWorkingOfForgetPasswordLink_009" time="0.417">
    <failure type="java.lang.AssertionError" message="The following asserts failed:
	Warning Message Does Not Match expected [true] but found [false]">
      <![CDATA[java.lang.AssertionError: The following asserts failed:
Warning Message Does Not Match expected [true] but found [false]
at com.tutorials.ninja.qa.testcases.LoginTest.verifyWorkingOfForgetPasswordLink_009(LoginTest.java:150)
at java.base/java.util.ArrayList.forEach(ArrayList.java:1511)
... Removed 29 stack frames]]>
    </failure>
  </testcase> <!-- verifyWorkingOfForgetPasswordLink_009 -->
  <testcase classname="com.tutorials.ninja.qa.testcases.LoginTest" name="verifyLoginIntoApplicationAndBrowsingBackWithoutBeingLoggedOut_010" time="0.813">
    <failure type="java.lang.AssertionError" message="The following asserts failed:
	Warning Message Does Not Match expected [true] but found [false]">
      <![CDATA[java.lang.AssertionError: The following asserts failed:
Warning Message Does Not Match expected [true] but found [false]
at com.tutorials.ninja.qa.testcases.LoginTest.verifyLoginIntoApplicationAndBrowsingBackWithoutBeingLoggedOut_010(LoginTest.java:164)
at java.base/java.util.ArrayList.forEach(ArrayList.java:1511)
... Removed 29 stack frames]]>
    </failure>
  </testcase> <!-- verifyLoginIntoApplicationAndBrowsingBackWithoutBeingLoggedOut_010 -->
  <testcase classname="com.tutorials.ninja.qa.testcases.LoginTest" name="verifyNavigationToDifferentPagesFromLoginPage_011" time="0.85">
    <failure type="java.lang.AssertionError" message="The following asserts failed:
	Warning Message Does Not Match expected [true] but found [false]">
      <![CDATA[java.lang.AssertionError: The following asserts failed:
Warning Message Does Not Match expected [true] but found [false]
at com.tutorials.ninja.qa.testcases.LoginTest.verifyNavigationToDifferentPagesFromLoginPage_011(LoginTest.java:193)
at java.base/java.util.ArrayList.forEach(ArrayList.java:1511)
... Removed 29 stack frames]]>
    </failure>
  </testcase> <!-- verifyNavigationToDifferentPagesFromLoginPage_011 -->
  <testcase classname="com.tutorials.ninja.qa.testcases.LoginTest" name="verifyOpeningOfLoginPageInANewTab_012" time="0.545"/>
  <testcase classname="com.tutorials.ninja.qa.testcases.LoginTest" name="verifyOpeningOfLoginPageInANewWindow_013" time="1.124"/>
  <testcase classname="com.tutorials.ninja.qa.testcases.LoginTest" name="verifyProperLogoutAfterLogin_014" time="1.464">
    <failure type="java.lang.AssertionError" message="The following asserts failed:
	Warning Message Does Not Match expected [true] but found [false]">
      <![CDATA[java.lang.AssertionError: The following asserts failed:
Warning Message Does Not Match expected [true] but found [false]
at com.tutorials.ninja.qa.testcases.LoginTest.verifyProperLogoutAfterLogin_014(LoginTest.java:233)
at java.base/java.util.ArrayList.forEach(ArrayList.java:1511)
... Removed 29 stack frames]]>
    </failure>
  </testcase> <!-- verifyProperLogoutAfterLogin_014 -->
  <testcase classname="com.tutorials.ninja.qa.testcases.LoginTest" name="verifyLoginPressingTheEnterKeyOfKeyboard_015" time="0.844">
    <failure type="java.lang.AssertionError" message="The following asserts failed:
	Warning Message Does Not Match expected [true] but found [false]">
      <![CDATA[java.lang.AssertionError: The following asserts failed:
Warning Message Does Not Match expected [true] but found [false]
at com.tutorials.ninja.qa.testcases.LoginTest.verifyLoginPressingTheEnterKeyOfKeyboard_015(LoginTest.java:283)
at java.base/java.util.ArrayList.forEach(ArrayList.java:1511)
... Removed 29 stack frames]]>
    </failure>
  </testcase> <!-- verifyLoginPressingTheEnterKeyOfKeyboard_015 -->
  <testcase classname="com.tutorials.ninja.qa.testcases.LoginTest" name="verifyTabKeyofTheKeyboardWorksOnLoginPage_016" time="0.801">
    <failure type="java.lang.AssertionError" message="The following asserts failed:
	Warning Message Does Not Match expected [true] but found [false]">
      <![CDATA[java.lang.AssertionError: The following asserts failed:
Warning Message Does Not Match expected [true] but found [false]
at com.tutorials.ninja.qa.testcases.LoginTest.verifyTabKeyofTheKeyboardWorksOnLoginPage_016(LoginTest.java:297)
at java.base/java.util.ArrayList.forEach(ArrayList.java:1511)
... Removed 29 stack frames]]>
    </failure>
  </testcase> <!-- verifyTabKeyofTheKeyboardWorksOnLoginPage_016 -->
  <testcase classname="com.tutorials.ninja.qa.testcases.LoginTest" name="verifyNavigationTOcommandInLoginPage_017" time="0.604"/>
  <testcase classname="com.tutorials.ninja.qa.testcases.LoginTest" name="verifyNavigationBACKcommandInLoginPage_018" time="0.782"/>
  <testcase classname="com.tutorials.ninja.qa.testcases.LoginTest" name="verifyNavigationREFRESHcommandInLoginPage_020" time="0.428"/>
  <testcase classname="com.tutorials.ninja.qa.testcases.LoginTest" name="verifyNavigationFORWARDcommandOfLoginPage_019" time="0.146"/>
  <testcase classname="com.tutorials.ninja.qa.testcases.LoginTest" name="verifyWorkingOfBackspaceKeyOnLoginPage_021" time="0.58">
    <failure type="java.lang.AssertionError" message="The following asserts failed:
	Warning Message Does Not Match expected [true] but found [false]">
      <![CDATA[java.lang.AssertionError: The following asserts failed:
Warning Message Does Not Match expected [true] but found [false]
at com.tutorials.ninja.qa.testcases.LoginTest.verifyWorkingOfBackspaceKeyOnLoginPage_021(LoginTest.java:359)
at java.base/java.util.ArrayList.forEach(ArrayList.java:1511)
... Removed 29 stack frames]]>
    </failure>
  </testcase> <!-- verifyWorkingOfBackspaceKeyOnLoginPage_021 -->
  <testcase classname="com.tutorials.ninja.qa.testcases.RegisterTest" name="verifyRegisterAnAccountWithMandatoryFields" time="1.161"/>
  <testcase classname="com.tutorials.ninja.qa.testcases.RegisterTest" name="verifyRegisterAnAccountByProvidingAllFields" time="1.209"/>
  <testcase classname="com.tutorials.ninja.qa.testcases.RegisterTest" name="verifyRegisterWithOnlyFirstName" time="0.565"/>
  <testcase classname="com.tutorials.ninja.qa.testcases.RegisterTest" name="verifyRegisterWithOnlyFirstAndLastName" time="0.0">
    <skipped/>
  </testcase> <!-- verifyRegisterWithOnlyFirstAndLastName -->
  <testcase classname="com.tutorials.ninja.qa.testcases.RegisterTest" name="verifyRegisterUptoEmail" time="0.0">
    <skipped/>
  </testcase> <!-- verifyRegisterUptoEmail -->
  <testcase classname="com.tutorials.ninja.qa.testcases.RegisterTest" name="verifyRegisterUptoTelePhoneNumber" time="0.0">
    <skipped/>
  </testcase> <!-- verifyRegisterUptoTelePhoneNumber -->
  <testcase classname="com.tutorials.ninja.qa.testcases.RegisterTest" name="verifyRegisterUptoPassword" time="0.0">
    <skipped/>
  </testcase> <!-- verifyRegisterUptoPassword -->
  <testcase classname="com.tutorials.ninja.qa.testcases.RegisterTest" name="verifyRegisterWithoutCheckingPrivacyPolicy" time="0.0">
    <skipped/>
  </testcase> <!-- verifyRegisterWithoutCheckingPrivacyPolicy -->
  <testcase classname="com.tutorials.ninja.qa.testcases.RegisterTest" name="verifyRegisterByEnteringDifferentPasswordForThePasswordFields" time="0.0">
    <skipped/>
  </testcase> <!-- verifyRegisterByEnteringDifferentPasswordForThePasswordFields -->
  <testcase classname="com.tutorials.ninja.qa.testcases.RegisterTest" name="verifyRegisterSubscribedYes" time="0.0">
    <skipped/>
  </testcase> <!-- verifyRegisterSubscribedYes -->
  <testcase classname="com.tutorials.ninja.qa.testcases.RegisterTest" name="verifyRegisterSubscribedNo" time="0.0">
    <skipped/>
  </testcase> <!-- verifyRegisterSubscribedNo -->
  <testcase classname="com.tutorials.ninja.qa.testcases.RegisterTest" name="verifyRegisterUsingExistingEmail" time="0.0">
    <skipped/>
  </testcase> <!-- verifyRegisterUsingExistingEmail -->
  <testcase classname="com.tutorials.ninja.qa.testcases.RegisterTest" name="verifyRegisterUsingMoreThan32NumbersForTelePhoneNumber" time="0.0">
    <skipped/>
  </testcase> <!-- verifyRegisterUsingMoreThan32NumbersForTelePhoneNumber -->
  <testcase classname="com.tutorials.ninja.qa.testcases.RegisterTest" name="verifyRegisterAnAccountWithoutFillingAnything" time="0.0">
    <skipped/>
  </testcase> <!-- verifyRegisterAnAccountWithoutFillingAnything -->
  <testcase classname="com.tutorials.ninja.qa.testcases.RegisterTest" name="verifyRegisterUsingMoreThan32CharactersForFirstName" time="0.0">
    <skipped/>
  </testcase> <!-- verifyRegisterUsingMoreThan32CharactersForFirstName -->
  <testcase classname="com.tutorials.ninja.qa.testcases.RegisterTest" name="verifyRegisterUsingMoreThan32CharactersForLastName" time="0.0">
    <skipped/>
  </testcase> <!-- verifyRegisterUsingMoreThan32CharactersForLastName -->
  <testcase classname="com.tutorials.ninja.qa.testcases.RegisterTest" name="verifyRegisterUsingMoreThan20CharactersForPassword" time="0.0">
    <skipped/>
  </testcase> <!-- verifyRegisterUsingMoreThan20CharactersForPassword -->
  <testcase classname="com.tutorials.ninja.qa.testcases.RegisterTest" name="verifyRegisterUsingLessThan4CharactersForPassword" time="0.0">
    <skipped/>
  </testcase> <!-- verifyRegisterUsingLessThan4CharactersForPassword -->
  <testcase classname="com.tutorials.ninja.qa.testcases.RegisterTest" name="verifyRegisterUsingLessThan3NumbersForTelePhoneNumber" time="0.0">
    <skipped/>
  </testcase> <!-- verifyRegisterUsingLessThan3NumbersForTelePhoneNumber -->
  <testcase classname="com.tutorials.ninja.qa.testcases.RegisterTest" name="verifyOpeningOfRegisterPageInANewTab" time="0.0">
    <skipped/>
  </testcase> <!-- verifyOpeningOfRegisterPageInANewTab -->
  <testcase classname="com.tutorials.ninja.qa.testcases.RegisterTest" name="verifyOpeningOfRegisterPageInANewWindow" time="0.0">
    <skipped/>
  </testcase> <!-- verifyOpeningOfRegisterPageInANewWindow -->
  <testcase classname="com.tutorials.ninja.qa.testcases.RegisterTest" name="verifyLoginAfterRegistration" time="0.0">
    <skipped/>
  </testcase> <!-- verifyLoginAfterRegistration -->
  <testcase classname="com.tutorials.ninja.qa.testcases.RegisterTest" name="verifyProperLogoutAfterRegistration" time="0.0">
    <skipped/>
  </testcase> <!-- verifyProperLogoutAfterRegistration -->
  <testcase classname="com.tutorials.ninja.qa.testcases.RegisterTest" name="verifyENTERKeyOfKeyboardWorksOnRegistrationPage" time="0.0">
    <skipped/>
  </testcase> <!-- verifyENTERKeyOfKeyboardWorksOnRegistrationPage -->
  <testcase classname="com.tutorials.ninja.qa.testcases.RegisterTest" name="verifyBACKSPACEofKeyboardWorksInRegisterPage" time="0.0">
    <skipped/>
  </testcase> <!-- verifyBACKSPACEofKeyboardWorksInRegisterPage -->
  <testcase classname="com.tutorials.ninja.qa.testcases.RegisterTest" name="verifyCopyAndPasteWorksOnRegisterPage" time="0.0">
    <skipped/>
  </testcase> <!-- verifyCopyAndPasteWorksOnRegisterPage -->
  <testcase classname="com.tutorials.ninja.qa.testcases.RegisterTest" name="verifyNavigateTOcommandInRegisterPage" time="0.0">
    <skipped/>
  </testcase> <!-- verifyNavigateTOcommandInRegisterPage -->
  <testcase classname="com.tutorials.ninja.qa.testcases.RegisterTest" name="verifyNavigateBACKcommandInRegisterPage" time="0.0">
    <skipped/>
  </testcase> <!-- verifyNavigateBACKcommandInRegisterPage -->
  <testcase classname="com.tutorials.ninja.qa.testcases.RegisterTest" name="verifyNavigationFORWARDcommandInRegisterPage" time="0.0">
    <skipped/>
  </testcase> <!-- verifyNavigationFORWARDcommandInRegisterPage -->
  <testcase classname="com.tutorials.ninja.qa.testcases.RegisterTest" name="verifyNavigationREFRESHcommandInRegisterPage" time="0.0">
    <skipped/>
  </testcase> <!-- verifyNavigationREFRESHcommandInRegisterPage -->
  <testcase classname="com.tutorials.ninja.qa.testcases.SearchProductTest" name="verifySearchBoxIsClickable" time="0.035"/>
  <testcase classname="com.tutorials.ninja.qa.testcases.SearchProductTest" name="verifySearchWithExistingProductName" time="0.653"/>
  <testcase classname="com.tutorials.ninja.qa.testcases.SearchProductTest" name="verifySearchWithANonExistingProductName" time="0.463"/>
  <testcase classname="com.tutorials.ninja.qa.testcases.SearchProductTest" name="verifySearchWithoutProvidingAnything" time="0.437"/>
  <testcase classname="com.tutorials.ninja.qa.testcases.SearchProductTest" name="verifySearchProductAfterLogin" time="1.939"/>
  <testcase classname="com.tutorials.ninja.qa.testcases.SearchProductTest" name="verifyProperLogoutAfterSearchingForProduct" time="2.619"/>
  <testcase classname="com.tutorials.ninja.qa.testcases.SearchProductTest" name="verifyCorrectResultsAreDisplayedAfterASearch" time="0.644"/>
  <testcase classname="com.tutorials.ninja.qa.testcases.SearchProductTest" name="verifySearchWithSpecialCharacter" time="0.441"/>
  <testcase classname="com.tutorials.ninja.qa.testcases.SearchProductTest" name="verifySearchWhenTheSearchTermIsMisspelled" time="0.649"/>
  <testcase classname="com.tutorials.ninja.qa.testcases.SearchProductTest" name="verifySearchByProvidingASearchCriteriaThatResultsInMultipleProducts" time="0.666"/>
  <testcase classname="com.tutorials.ninja.qa.testcases.SearchProductTest" name="verifySearchWithExtraSpacesBetweenLetters" time="0.774"/>
  <testcase classname="com.tutorials.ninja.qa.testcases.SearchProductTest" name="verifySearchWithAllUppercase" time="0.64"/>
  <testcase classname="com.tutorials.ninja.qa.testcases.SearchProductTest" name="verifySearchWithAllLowercase" time="10.096">
    <failure type="org.openqa.selenium.TimeoutException" message="timeout: Timed out receiving message from renderer: 10.000
  (Session info: chrome=112.0.5615.87)
Build info: version: &amp;apos;4.7.2&amp;apos;, revision: &amp;apos;4d4020c3b7&amp;apos;
System info: os.name: &amp;apos;Windows 11&amp;apos;, os.arch: &amp;apos;amd64&amp;apos;, os.version: &amp;apos;10.0&amp;apos;, java.version: &amp;apos;17.0.5&amp;apos;
Driver info: org.openqa.selenium.chrome.ChromeDriver
Command: [d95dd3912932d8f9b5416fca99ec9205, clickElement {id=1d30f45a-1e3a-4803-b6b2-bdb4c181573e}]
Capabilities {acceptInsecureCerts: false, browserName: chrome, browserVersion: 112.0.5615.87, chrome: {chromedriverVersion: 112.0.5615.49 (bd2a7bcb881c..., userDataDir: C:\Users\RAFIAS~1\AppData\L...}, goog:chromeOptions: {debuggerAddress: localhost:56948}, networkConnectionEnabled: false, pageLoadStrategy: normal, platformName: WINDOWS, proxy: Proxy(), se:cdp: ws://localhost:56948/devtoo..., se:cdpVersion: 112.0.5615.87, setWindowRect: true, strictFileInteractability: false, timeouts: {implicit: 0, pageLoad: 300000, script: 30000}, unhandledPromptBehavior: dismiss and notify, webauthn:extension:credBlob: true, webauthn:extension:largeBlob: true, webauthn:extension:minPinLength: true, webauthn:extension:prf: true, webauthn:virtualAuthenticators: true}
Element: [[ChromeDriver: chrome on WINDOWS (d95dd3912932d8f9b5416fca99ec9205)] -&amp;gt; css selector: .fa.fa-search]
Session ID: d95dd3912932d8f9b5416fca99ec9205">
      <![CDATA[org.openqa.selenium.TimeoutException: timeout: Timed out receiving message from renderer: 10.000
  (Session info: chrome=112.0.5615.87)
Build info: version: '4.7.2', revision: '4d4020c3b7'
System info: os.name: 'Windows 11', os.arch: 'amd64', os.version: '10.0', java.version: '17.0.5'
Driver info: org.openqa.selenium.chrome.ChromeDriver
Command: [d95dd3912932d8f9b5416fca99ec9205, clickElement {id=1d30f45a-1e3a-4803-b6b2-bdb4c181573e}]
Capabilities {acceptInsecureCerts: false, browserName: chrome, browserVersion: 112.0.5615.87, chrome: {chromedriverVersion: 112.0.5615.49 (bd2a7bcb881c..., userDataDir: C:\Users\RAFIAS~1\AppData\L...}, goog:chromeOptions: {debuggerAddress: localhost:56948}, networkConnectionEnabled: false, pageLoadStrategy: normal, platformName: WINDOWS, proxy: Proxy(), se:cdp: ws://localhost:56948/devtoo..., se:cdpVersion: 112.0.5615.87, setWindowRect: true, strictFileInteractability: false, timeouts: {implicit: 0, pageLoad: 300000, script: 30000}, unhandledPromptBehavior: dismiss and notify, webauthn:extension:credBlob: true, webauthn:extension:largeBlob: true, webauthn:extension:minPinLength: true, webauthn:extension:prf: true, webauthn:virtualAuthenticators: true}
Element: [[ChromeDriver: chrome on WINDOWS (d95dd3912932d8f9b5416fca99ec9205)] -> css selector: .fa.fa-search]
Session ID: d95dd3912932d8f9b5416fca99ec9205
at org.openqa.selenium.remote.codec.w3c.W3CHttpResponseCodec.createException(W3CHttpResponseCodec.java:200)
at org.openqa.selenium.remote.codec.w3c.W3CHttpResponseCodec.decode(W3CHttpResponseCodec.java:133)
at org.openqa.selenium.remote.codec.w3c.W3CHttpResponseCodec.decode(W3CHttpResponseCodec.java:53)
at org.openqa.selenium.remote.HttpCommandExecutor.execute(HttpCommandExecutor.java:184)
at org.openqa.selenium.remote.service.DriverCommandExecutor.invokeExecute(DriverCommandExecutor.java:167)
at org.openqa.selenium.remote.service.DriverCommandExecutor.execute(DriverCommandExecutor.java:142)
at org.openqa.selenium.remote.RemoteWebDriver.execute(RemoteWebDriver.java:535)
at org.openqa.selenium.remote.RemoteWebElement.execute(RemoteWebElement.java:257)
at org.openqa.selenium.remote.RemoteWebElement.click(RemoteWebElement.java:78)
at org.openqa.selenium.support.pagefactory.internal.LocatingElementHandler.invoke(LocatingElementHandler.java:52)
at jdk.proxy2/jdk.proxy2.$Proxy18.click(Unknown Source)
at com.tutorials.ninja.qa.testpages.SearchPage.clickOnSubmitButton(SearchPage.java:175)
at com.tutorials.ninja.qa.testcases.SearchProductTest.verifySearchWithAllLowercase(SearchProductTest.java:230)
at java.base/java.util.ArrayList.forEach(ArrayList.java:1511)
... Removed 35 stack frames]]>
    </failure>
  </testcase> <!-- verifySearchWithAllLowercase -->
  <testcase classname="com.tutorials.ninja.qa.testcases.SearchProductTest" name="verifySearchWithMixedUppercaseAndlowercase" time="0.672"/>
  <testcase classname="com.tutorials.ninja.qa.testcases.SearchProductTest" name="verifySearchingForProductAfterLogout" time="2.634"/>
  <testcase classname="com.tutorials.ninja.qa.testcases.SearchProductTest" name="verifySearchingForProductUsingTheENTERkey" time="0.639"/>
  <testcase classname="com.tutorials.ninja.qa.testcases.SearchProductTest" name="verifyWorkingOfTABkeyWhenLookingForProducts" time="6.01"/>
  <testcase classname="com.tutorials.ninja.qa.testcases.SearchProductTest" name="verifyClickingOnDesktopsLink" time="0.071"/>
  <testcase classname="com.tutorials.ninja.qa.testcases.SearchProductTest" name="verifyClickingOnLaptopsAndNotebooksLink" time="0.071"/>
  <testcase classname="com.tutorials.ninja.qa.testcases.SearchProductTest" name="verifyClickingOnComponentsLink" time="0.077"/>
  <testcase classname="com.tutorials.ninja.qa.testcases.SearchProductTest" name="verifyClickingOnTabletsLink" time="0.628"/>
  <testcase classname="com.tutorials.ninja.qa.testcases.SearchProductTest" name="verifyClickingOnSoftwareLink" time="0.614"/>
  <testcase classname="com.tutorials.ninja.qa.testcases.SearchProductTest" name="verifyClickingOnPhonesAndPDAsLink" time="0.652"/>
  <testcase classname="com.tutorials.ninja.qa.testcases.SearchProductTest" name="verifyClickingOnCamerasLink" time="0.657"/>
  <testcase classname="com.tutorials.ninja.qa.testcases.SearchProductTest" name="verifyClickingOnMP3PlayersLink" time="0.078"/>
  <testcase classname="com.tutorials.ninja.qa.testcases.SearchProductTest" name="verifyClickingOnDesktopsSublinkPC" time="2.663"/>
  <testcase classname="com.tutorials.ninja.qa.testcases.SearchProductTest" name="verifyClickingOnDesktopsSublinkMac" time="0.698"/>
  <testcase classname="com.tutorials.ninja.qa.testcases.SearchProductTest" name="verifyClickingOnDesktopsSublinkShowAllDesktops" time="0.979"/>
  <testcase classname="com.tutorials.ninja.qa.testcases.SearchProductTest" name="verifyClickingOnLaptopsAndNotebooksSublinkMacs" time="0.701"/>
  <testcase classname="com.tutorials.ninja.qa.testcases.SearchProductTest" name="verifyClickingOnLaptopsAndNotebooksSublinkWindows" time="0.788"/>
  <testcase classname="com.tutorials.ninja.qa.testcases.SearchProductTest" name="verifyClickingOnLaptopsAndNotebooksSublinkShowAll" time="0.723"/>
  <testcase classname="com.tutorials.ninja.qa.testcases.SearchProductTest" name="verifyClickingOnComponentsSublinkMiceAndTrackballs" time="0.704"/>
  <testcase classname="com.tutorials.ninja.qa.testcases.SearchProductTest" name="verifyClickingOnComponentsSublinkMonitor" time="0.781"/>
  <testcase classname="com.tutorials.ninja.qa.testcases.SearchProductTest" name="verifyClickingOnComponentsSublinkPrinters" time="0.986"/>
  <testcase classname="com.tutorials.ninja.qa.testcases.SearchProductTest" name="verifyClickingOnComponentsSublinkScanners" time="0.762"/>
  <testcase classname="com.tutorials.ninja.qa.testcases.SearchProductTest" name="verifyClickingOnComponentsSublinkWebCameras" time="0.68"/>
  <testcase classname="com.tutorials.ninja.qa.testcases.SearchProductTest" name="verifyClickingOnComponentsSublinkShowAllComponents" time="0.682"/>
  <testcase classname="com.tutorials.ninja.qa.testcases.SearchProductTest" name="verifyClickingOnMP3PlayersSublinkShowAllMP3Players" time="0.713"/>
</testsuite> <!-- TutorialsNinja Tests -->
