<!DOCTYPE html PUBLIC "-//W3C//DTD XHTML 1.1//EN" "http://www.w3.org/TR/xhtml11/DTD/xhtml11.dtd">
<html xmlns="http://www.w3.org/1999/xhtml">
<head>
<meta http-equiv="content-type" content="text/html; charset=UTF-8"/>
<title>TestNG Report</title>
<style type="text/css">table {margin-bottom:10px;border-collapse:collapse;empty-cells:show}th,td {border:1px solid #009;padding:.25em .5em}th {vertical-align:bottom}td {vertical-align:top}table a {font-weight:bold}.stripe td {background-color: #E6EBF9}.num {text-align:right}.passedodd td {background-color: #3F3}.passedeven td {background-color: #0A0}.skippedodd td {background-color: #DDD}.skippedeven td {background-color: #CCC}.failedodd td,.attn {background-color: #F33}.failedeven td,.stripe .attn {background-color: #D00}.stacktrace {white-space:pre;font-family:monospace}.totop {font-size:85%;text-align:center;border-bottom:2px solid #000}.invisible {display:none}</style>
</head>
<body>
<table>
<tr><th>Test</th><th># Passed</th><th># Skipped</th><th># Retried</th><th># Failed</th><th>Time (ms)</th><th>Included Groups</th><th>Excluded Groups</th></tr>
<tr><th colspan="7">TutorialsNinja Automation Suite</th></tr>
<tr><td><a href="#t0">Tutorials Ninja Test Cases</a></td><td class="num">84</td><td class="num attn">2</td><td class="num">0</td><td class="num attn">16</td><td class="num">679,294</td><td></td><td></td></tr>
</table>
<table id='summary'><thead><tr><th>Class</th><th>Method</th><th>Start</th><th>Time (ms)</th></tr></thead><tbody><tr><th colspan="4">TutorialsNinja Automation Suite</th></tr></tbody><tbody id="t0"><tr><th colspan="4">Tutorials Ninja Test Cases &#8212; failed (configuration methods)</th></tr><tr class="failedeven"><td rowspan="1">com.tutorials.ninja.qa.testcases.SearchProductTest</td><td><a href="#m0">setUp</a></td><td rowspan="1">1682651873607</td><td rowspan="1">10792</td></tr><tr><th colspan="4">Tutorials Ninja Test Cases &#8212; failed</th></tr><tr class="failedeven"><td rowspan="16">com.tutorials.ninja.qa.testcases.LoginTest</td><td><a href="#m1">verifyLoginPressingTheEnterKeyOfKeyboard</a></td><td rowspan="1">1682651645538</td><td rowspan="1">805</td></tr><tr class="failedeven"><td><a href="#m2">verifyLoginUsingValidCredentials</a></td><td rowspan="3">1682651212289</td><td rowspan="3">10868</td></tr><tr class="failedeven"><td><a href="#m3">verifyLoginUsingValidCredentials</a></td></tr><tr class="failedeven"><td><a href="#m4">verifyLoginUsingValidCredentials</a></td></tr><tr class="failedeven"><td><a href="#m5">verifyLoginWithNewPasswordAfterUpdatingThePassword</a></td><td rowspan="1">1682651624626</td><td rowspan="1">3730</td></tr><tr class="failedeven"><td><a href="#m6">verifyNavigationToDifferentPagesFromLoginPage</a></td><td rowspan="1">1682651502732</td><td rowspan="1">851</td></tr><tr class="failedeven"><td><a href="#m7">verifyNumberOfUnsuccessfulLoginAttempts</a></td><td rowspan="6">1682651466459</td><td rowspan="6">530</td></tr><tr class="failedeven"><td><a href="#m8">verifyNumberOfUnsuccessfulLoginAttempts</a></td></tr><tr class="failedeven"><td><a href="#m9">verifyNumberOfUnsuccessfulLoginAttempts</a></td></tr><tr class="failedeven"><td><a href="#m10">verifyNumberOfUnsuccessfulLoginAttempts</a></td></tr><tr class="failedeven"><td><a href="#m11">verifyNumberOfUnsuccessfulLoginAttempts</a></td></tr><tr class="failedeven"><td><a href="#m12">verifyNumberOfUnsuccessfulLoginAttempts</a></td></tr><tr class="failedeven"><td><a href="#m13">verifyProperLogoutAfterLogin</a></td><td rowspan="1">1682651557669</td><td rowspan="1">1481</td></tr><tr class="failedeven"><td><a href="#m14">verifyProperLogoutAfterUpdatingThePassword</a></td><td rowspan="1">1682651599229</td><td rowspan="1">2661</td></tr><tr class="failedeven"><td><a href="#m15">verifyTabKeyOfTheKeyboardWorksOnLoginPage</a></td><td rowspan="1">1682651756436</td><td rowspan="1">808</td></tr><tr class="failedeven"><td><a href="#m16">verifyWorkingOfBackspaceKeyOnLoginPage</a></td><td rowspan="1">1682651663197</td><td rowspan="1">568</td></tr><tr><th colspan="4">Tutorials Ninja Test Cases &#8212; skipped (configuration methods)</th></tr><tr class="skippedeven"><td rowspan="3">com.tutorials.ninja.qa.testcases.SearchProductTest</td><td><a href="#m17">setUp</a></td><td rowspan="1">1682651884405</td><td rowspan="1">-1682651884405</td></tr><tr class="skippedeven"><td><a href="#m18">tearDown</a></td><td rowspan="2">1682651884406</td><td rowspan="2">-1682651884406</td></tr><tr class="skippedeven"><td><a href="#m19">tearDown</a></td></tr><tr><th colspan="4">Tutorials Ninja Test Cases &#8212; skipped</th></tr><tr class="skippedeven"><td rowspan="2">com.tutorials.ninja.qa.testcases.SearchProductTest</td><td><a href="#m20">verifyClickingOnComponentsSublinkShowAllComponents</a></td><td rowspan="1">1682651884404</td><td rowspan="1">0</td></tr><tr class="skippedeven"><td><a href="#m21">verifyClickingOnMP3PlayersSublinkShowAllMP3Players</a></td><td rowspan="1">1682651884406</td><td rowspan="1">0</td></tr><tr><th colspan="4">Tutorials Ninja Test Cases &#8212; passed</th></tr><tr class="passedeven"><td rowspan="17">com.tutorials.ninja.qa.testcases.LoginTest</td><td><a href="#m22">verifyLoginIntoApplicationAndBrowsingBackWithoutBeingLoggedOut</a></td><td rowspan="1">1682651430637</td><td rowspan="1">850</td></tr><tr class="passedeven"><td><a href="#m23">verifyLoginUsingBlankCredentials</a></td><td rowspan="1">1682651373880</td><td rowspan="1">416</td></tr><tr class="passedeven"><td><a href="#m24">verifyLoginUsingBlankEmailandValidPassword</a></td><td rowspan="1">1682651334790</td><td rowspan="1">455</td></tr><tr class="passedeven"><td><a href="#m25">verifyLoginUsingInactiveCredentials</a></td><td rowspan="1">1682651391440</td><td rowspan="1">544</td></tr><tr class="passedeven"><td><a href="#m26">verifyLoginUsingInvalidCredentials</a></td><td rowspan="1">1682651279818</td><td rowspan="1">629</td></tr><tr class="passedeven"><td><a href="#m27">verifyLoginUsingInvalidEmailandValidPassword</a></td><td rowspan="1">1682651298277</td><td rowspan="1">607</td></tr><tr class="passedeven"><td><a href="#m28">verifyLoginUsingValidCredentials</a></td><td rowspan="1">1682651245074</td><td rowspan="1">875</td></tr><tr class="passedeven"><td><a href="#m29">verifyLoginUsingValidEmailandBlankPassword</a></td><td rowspan="1">1682651354186</td><td rowspan="1">487</td></tr><tr class="passedeven"><td><a href="#m30">verifyLoginUsingValidEmailandInvalidPassword</a></td><td rowspan="1">1682651316006</td><td rowspan="1">555</td></tr><tr class="passedeven"><td><a href="#m31">verifyNavigationBACKcommandInLoginPage</a></td><td rowspan="1">1682651699001</td><td rowspan="1">1720</td></tr><tr class="passedeven"><td><a href="#m32">verifyNavigationFORWARDcommandOfLoginPage</a></td><td rowspan="1">1682651718690</td><td rowspan="1">127</td></tr><tr class="passedeven"><td><a href="#m33">verifyNavigationREFRESHcommandInLoginPage</a></td><td rowspan="1">1682651738017</td><td rowspan="1">410</td></tr><tr class="passedeven"><td><a href="#m34">verifyNavigationTOcommandInLoginPage</a></td><td rowspan="1">1682651680566</td><td rowspan="1">774</td></tr><tr class="passedeven"><td><a href="#m35">verifyOpeningOfLoginPageInANewTab</a></td><td rowspan="1">1682651521432</td><td rowspan="1">559</td></tr><tr class="passedeven"><td><a href="#m36">verifyOpeningOfLoginPageInANewWindow</a></td><td rowspan="1">1682651539643</td><td rowspan="1">1119</td></tr><tr class="passedeven"><td><a href="#m37">verifyUpdatingThePassword</a></td><td rowspan="1">1682651579931</td><td rowspan="1">1991</td></tr><tr class="passedeven"><td><a href="#m38">verifyWorkingOfForgetPasswordLink</a></td><td rowspan="1">1682651409570</td><td rowspan="1">402</td></tr><tr class="passedodd"><td rowspan="31">com.tutorials.ninja.qa.testcases.RegisterTest</td><td><a href="#m39">verifyBACKSPACEofKeyboardWorksInRegisterPage</a></td><td rowspan="1">1682651762762</td><td rowspan="1">84</td></tr><tr class="passedodd"><td><a href="#m40">verifyCopyAndPasteWorksOnRegisterPage</a></td><td rowspan="1">1682651773656</td><td rowspan="1">161</td></tr><tr class="passedodd"><td><a href="#m41">verifyENTERKeyOfKeyboardWorksOnRegistrationPage</a></td><td rowspan="1">1682651743978</td><td rowspan="1">1159</td></tr><tr class="passedodd"><td><a href="#m42">verifyLoginAfterRegistration</a></td><td rowspan="1">1682651706249</td><td rowspan="1">1590</td></tr><tr class="passedodd"><td><a href="#m43">verifyNavigateBACKcommandInRegisterPage</a></td><td rowspan="1">1682651799646</td><td rowspan="1">733</td></tr><tr class="passedodd"><td><a href="#m44">verifyNavigateTOcommandInRegisterPage</a></td><td rowspan="1">1682651787555</td><td rowspan="1">730</td></tr><tr class="passedodd"><td><a href="#m45">verifyNavigationFORWARDcommandInRegisterPage</a></td><td rowspan="1">1682651814446</td><td rowspan="1">95</td></tr><tr class="passedodd"><td><a href="#m46">verifyNavigationREFRESHcommandInRegisterPage</a></td><td rowspan="1">1682651825606</td><td rowspan="1">799</td></tr><tr class="passedodd"><td><a href="#m47">verifyOpeningOfRegisterPageInANewTab</a></td><td rowspan="1">1682651669436</td><td rowspan="1">541</td></tr><tr class="passedodd"><td><a href="#m48">verifyOpeningOfRegisterPageInANewWindow</a></td><td rowspan="1">1682651686888</td><td rowspan="1">1082</td></tr><tr class="passedodd"><td><a href="#m49">verifyProperLogoutAfterRegistration</a></td><td rowspan="1">1682651724375</td><td rowspan="1">2231</td></tr><tr class="passedodd"><td><a href="#m50">verifyRegisterAnAccountByProvidingAllFields</a></td><td rowspan="1">1682651285960</td><td rowspan="1">1196</td></tr><tr class="passedodd"><td><a href="#m51">verifyRegisterAnAccountWithOnlyMandatoryFields</a></td><td rowspan="1">1682651267270</td><td rowspan="1">1146</td></tr><tr class="passedodd"><td><a href="#m52">verifyRegisterAnAccountWithoutFillingAnything</a></td><td rowspan="1">1682651546326</td><td rowspan="1">493</td></tr><tr class="passedodd"><td><a href="#m53">verifyRegisterByEnteringDifferentPasswordForThePasswordFields</a></td><td rowspan="1">1682651415604</td><td rowspan="1">939</td></tr><tr class="passedodd"><td><a href="#m54">verifyRegisterSubscribedNo</a></td><td rowspan="1">1682651490499</td><td rowspan="1">1164</td></tr><tr class="passedodd"><td><a href="#m55">verifyRegisterSubscribedYes</a></td><td rowspan="1">1682651437162</td><td rowspan="1">1206</td></tr><tr class="passedodd"><td><a href="#m56">verifyRegisterUptoEmail</a></td><td rowspan="1">1682651341080</td><td rowspan="1">751</td></tr><tr class="passedodd"><td><a href="#m57">verifyRegisterUptoPassword</a></td><td rowspan="1">1682651379888</td><td rowspan="1">870</td></tr><tr class="passedodd"><td><a href="#m58">verifyRegisterUptoTelePhoneNumber</a></td><td rowspan="1">1682651360267</td><td rowspan="1">799</td></tr><tr class="passedodd"><td><a href="#m59">verifyRegisterUsingExistingEmail</a></td><td rowspan="1">1682651509319</td><td rowspan="1">853</td></tr><tr class="passedodd"><td><a href="#m60">verifyRegisterUsingLessThan3NumbersForTelePhoneNumber</a></td><td rowspan="1">1682651651910</td><td rowspan="1">861</td></tr><tr class="passedodd"><td><a href="#m61">verifyRegisterUsingLessThan4CharactersForPassword</a></td><td rowspan="1">1682651634168</td><td rowspan="1">871</td></tr><tr class="passedodd"><td><a href="#m62">verifyRegisterUsingMoreThan20CharactersForPassword</a></td><td rowspan="1">1682651607453</td><td rowspan="1">907</td></tr><tr class="passedodd"><td><a href="#m63">verifyRegisterUsingMoreThan32CharactersForFirstName</a></td><td rowspan="1">1682651564627</td><td rowspan="1">926</td></tr><tr class="passedodd"><td><a href="#m64">verifyRegisterUsingMoreThan32CharactersForLastName</a></td><td rowspan="1">1682651587495</td><td rowspan="1">905</td></tr><tr class="passedodd"><td><a href="#m65">verifyRegisterUsingMoreThan32NumbersForTelePhoneNumber</a></td><td rowspan="1">1682651527637</td><td rowspan="1">899</td></tr><tr class="passedodd"><td><a href="#m66">verifyRegisterWithOnlyFirstAndLastName</a></td><td rowspan="1">1682651322266</td><td rowspan="1">622</td></tr><tr class="passedodd"><td><a href="#m67">verifyRegisterWithOnlyFirstName</a></td><td rowspan="1">1682651304492</td><td rowspan="1">565</td></tr><tr class="passedodd"><td><a href="#m68">verifyRegisterWithoutCheckingPrivacyPolicy</a></td><td rowspan="1">1682651397834</td><td rowspan="1">911</td></tr><tr class="passedodd"><td><a href="#m69">verifyWorkingOfTABkeyOfKeyBoardInRegistrationPage</a></td><td rowspan="1">1682651837656</td><td rowspan="1">1066</td></tr><tr class="passedeven"><td rowspan="36">com.tutorials.ninja.qa.testcases.SearchProductTest</td><td><a href="#m70">verifyClickingOnCamerasLink</a></td><td rowspan="1">1682651750330</td><td rowspan="1">726</td></tr><tr class="passedeven"><td><a href="#m71">verifyClickingOnComponentsLink</a></td><td rowspan="1">1682651674954</td><td rowspan="1">79</td></tr><tr class="passedeven"><td><a href="#m72">verifyClickingOnComponentsSublinkMiceAndTrackballs</a></td><td rowspan="1">1682651849585</td><td rowspan="1">733</td></tr><tr class="passedeven"><td><a href="#m73">verifyClickingOnComponentsSublinkMonitor</a></td><td rowspan="1">1682651855354</td><td rowspan="1">690</td></tr><tr class="passedeven"><td><a href="#m74">verifyClickingOnComponentsSublinkPrinters</a></td><td rowspan="1">1682651861014</td><td rowspan="1">674</td></tr><tr class="passedeven"><td><a href="#m75">verifyClickingOnComponentsSublinkScanners</a></td><td rowspan="1">1682651866635</td><td rowspan="1">668</td></tr><tr class="passedeven"><td><a href="#m76">verifyClickingOnComponentsSublinkWebCameras</a></td><td rowspan="1">1682651872321</td><td rowspan="1">693</td></tr><tr class="passedeven"><td><a href="#m77">verifyClickingOnDesktopsLink</a></td><td rowspan="1">1682651640012</td><td rowspan="1">83</td></tr><tr class="passedeven"><td><a href="#m78">verifyClickingOnDesktopsSublinkMac</a></td><td rowspan="1">1682651793380</td><td rowspan="1">704</td></tr><tr class="passedeven"><td><a href="#m79">verifyClickingOnDesktopsSublinkPC</a></td><td rowspan="1">1682651778793</td><td rowspan="1">3278</td></tr><tr class="passedeven"><td><a href="#m80">verifyClickingOnDesktopsSublinkShowAllDesktops</a></td><td rowspan="1">1682651805325</td><td rowspan="1">949</td></tr><tr class="passedeven"><td><a href="#m81">verifyClickingOnLaptopsAndNotebooksLink</a></td><td rowspan="1">1682651657692</td><td rowspan="1">89</td></tr><tr class="passedeven"><td><a href="#m82">verifyClickingOnLaptopsAndNotebooksSublinkMacs</a></td><td rowspan="1">1682651819455</td><td rowspan="1">651</td></tr><tr class="passedeven"><td><a href="#m83">verifyClickingOnLaptopsAndNotebooksSublinkShowAll</a></td><td rowspan="1">1682651843885</td><td rowspan="1">690</td></tr><tr class="passedeven"><td><a href="#m84">verifyClickingOnLaptopsAndNotebooksSublinkWindows</a></td><td rowspan="1">1682651831384</td><td rowspan="1">683</td></tr><tr class="passedeven"><td><a href="#m85">verifyClickingOnMP3PlayersLink</a></td><td rowspan="1">1682651767911</td><td rowspan="1">80</td></tr><tr class="passedeven"><td><a href="#m86">verifyClickingOnPhonesAndPDAsLink</a></td><td rowspan="1">1682651731493</td><td rowspan="1">1178</td></tr><tr class="passedeven"><td><a href="#m87">verifyClickingOnSoftwareLink</a></td><td rowspan="1">1682651712752</td><td rowspan="1">625</td></tr><tr class="passedeven"><td><a href="#m88">verifyClickingOnTabletsLink</a></td><td rowspan="1">1682651693102</td><td rowspan="1">650</td></tr><tr class="passedeven"><td><a href="#m89">verifyCorrectResultsAreDisplayedAfterASearch</a></td><td rowspan="1">1682651385809</td><td rowspan="1">646</td></tr><tr class="passedeven"><td><a href="#m90">verifyProperLogoutAfterSearchingForProduct</a></td><td rowspan="1">1682651365954</td><td rowspan="1">2582</td></tr><tr class="passedeven"><td><a href="#m91">verifySearchBoxIsClickable</a></td><td rowspan="1">1682651274534</td><td rowspan="1">17</td></tr><tr class="passedeven"><td><a href="#m92">verifySearchByProvidingASearchCriteriaThatResultsInMultipleProducts</a></td><td rowspan="1">1682651443295</td><td rowspan="1">684</td></tr><tr class="passedeven"><td><a href="#m93">verifySearchProductAfterLogin</a></td><td rowspan="1">1682651346839</td><td rowspan="1">1945</td></tr><tr class="passedeven"><td><a href="#m94">verifySearchWhenTheSearchTermIsMisspelled</a></td><td rowspan="1">1682651424593</td><td rowspan="1">734</td></tr><tr class="passedeven"><td><a href="#m95">verifySearchWithANonExistingProductName</a></td><td rowspan="1">1682651310216</td><td rowspan="1">473</td></tr><tr class="passedeven"><td><a href="#m96">verifySearchWithAllLowercase</a></td><td rowspan="1">1682651533550</td><td rowspan="1">666</td></tr><tr class="passedeven"><td><a href="#m97">verifySearchWithAllUppercase</a></td><td rowspan="1">1682651515076</td><td rowspan="1">648</td></tr><tr class="passedeven"><td><a href="#m98">verifySearchWithExistingProductName</a></td><td rowspan="1">1682651292303</td><td rowspan="1">673</td></tr><tr class="passedeven"><td><a href="#m99">verifySearchWithExtraSpacesBetweenLetters</a></td><td rowspan="1">1682651496669</td><td rowspan="1">754</td></tr><tr class="passedeven"><td><a href="#m100">verifySearchWithMixedUppercaseAndlowercase</a></td><td rowspan="1">1682651551714</td><td rowspan="1">673</td></tr><tr class="passedeven"><td><a href="#m101">verifySearchWithSpecialCharacter</a></td><td rowspan="1">1682651403643</td><td rowspan="1">507</td></tr><tr class="passedeven"><td><a href="#m102">verifySearchWithoutProvidingAnything</a></td><td rowspan="1">1682651329103</td><td rowspan="1">411</td></tr><tr class="passedeven"><td><a href="#m103">verifySearchingForProductAfterLogout</a></td><td rowspan="1">1682651571748</td><td rowspan="1">2656</td></tr><tr class="passedeven"><td><a href="#m104">verifySearchingForProductUsingTheENTERkey</a></td><td rowspan="1">1682651593283</td><td rowspan="1">624</td></tr><tr class="passedeven"><td><a href="#m105">verifyWorkingOfTABkeyWhenLookingForProducts</a></td><td rowspan="1">1682651613218</td><td rowspan="1">6026</td></tr></tbody>
</table>
<h2>Tutorials Ninja Test Cases</h2><h3 id="m0">com.tutorials.ninja.qa.testcases.SearchProductTest#setUp</h3><table class="result"><tr><th>Exception</th></tr><tr><td><div class="stacktrace">org.openqa.selenium.TimeoutException: timeout: Timed out receiving message from renderer: -0.007
  (Session info: chrome=112.0.5615.87)
Build info: version: &apos;4.8.3&apos;, revision: &apos;e5e76298c3&apos;
System info: os.name: &apos;Windows 11&apos;, os.arch: &apos;amd64&apos;, os.version: &apos;10.0&apos;, java.version: &apos;1.8.0_341&apos;
Driver info: org.openqa.selenium.chrome.ChromeDriver
Command: [f8a8b87a5027b0d35e18b9e0b4d744da, get {url=http://tutorialsninja.com/demo}]
Capabilities {acceptInsecureCerts: false, browserName: chrome, browserVersion: 112.0.5615.87, chrome: {chromedriverVersion: 112.0.5615.49 (bd2a7bcb881c..., userDataDir: C:\Users\RAFIAS~1\AppData\L...}, goog:chromeOptions: {debuggerAddress: localhost:58060}, networkConnectionEnabled: false, pageLoadStrategy: normal, platformName: WINDOWS, proxy: Proxy(), se:cdp: ws://localhost:58060/devtoo..., se:cdpVersion: 112.0.5615.87, setWindowRect: true, strictFileInteractability: false, timeouts: {implicit: 0, pageLoad: 300000, script: 30000}, unhandledPromptBehavior: dismiss and notify, webauthn:extension:credBlob: true, webauthn:extension:largeBlob: true, webauthn:extension:minPinLength: true, webauthn:extension:prf: true, webauthn:virtualAuthenticators: true}
Session ID: f8a8b87a5027b0d35e18b9e0b4d744da
	at org.openqa.selenium.remote.codec.w3c.W3CHttpResponseCodec.createException(W3CHttpResponseCodec.java:200)
	at org.openqa.selenium.remote.codec.w3c.W3CHttpResponseCodec.decode(W3CHttpResponseCodec.java:133)
	at org.openqa.selenium.remote.codec.w3c.W3CHttpResponseCodec.decode(W3CHttpResponseCodec.java:53)
	at org.openqa.selenium.remote.HttpCommandExecutor.execute(HttpCommandExecutor.java:193)
	at org.openqa.selenium.remote.service.DriverCommandExecutor.invokeExecute(DriverCommandExecutor.java:183)
	at org.openqa.selenium.remote.service.DriverCommandExecutor.execute(DriverCommandExecutor.java:158)
	at org.openqa.selenium.remote.RemoteWebDriver.execute(RemoteWebDriver.java:543)
	at org.openqa.selenium.remote.RemoteWebDriver.get(RemoteWebDriver.java:297)
	at com.tutorials.ninja.qa.testbase.TestBase.initializeBrowserAndOpenApplication(TestBase.java:54)
	at com.tutorials.ninja.qa.testcases.SearchProductTest.setUp(SearchProductTest.java:36)
... Removed 35 stack frames</div></td></tr></table><p class="totop"><a href="#summary">back to summary</a></p>
<h3 id="m1">com.tutorials.ninja.qa.testcases.LoginTest#verifyLoginPressingTheEnterKeyOfKeyboard</h3><table class="result"><tr><th>Exception</th></tr><tr><td><div class="stacktrace">java.lang.AssertionError: The following asserts failed:
	Warning message does not match did not expect to find [true] but found [false]
	at com.tutorials.ninja.qa.testcases.LoginTest.verifyLoginPressingTheEnterKeyOfKeyboard(LoginTest.java:338)
... Removed 30 stack frames</div></td></tr></table><p class="totop"><a href="#summary">back to summary</a></p>
<h3 id="m2">com.tutorials.ninja.qa.testcases.LoginTest#verifyLoginUsingValidCredentials</h3><table class="result"><tr class="param"><th>Parameter #1</th><th>Parameter #2</th></tr><tr class="param stripe"><td>rafselenium1@gmail.com</td><td>Selenium@123</td></tr><tr><th colspan="2">Exception</th></tr><tr><td colspan="2"><div class="stacktrace">org.openqa.selenium.NoSuchElementException: no such element: Unable to locate element: {&quot;method&quot;:&quot;link text&quot;,&quot;selector&quot;:&quot;Edit your account information&quot;}
  (Session info: chrome=112.0.5615.87)
For documentation on this error, please visit: https://selenium.dev/exceptions/#no_such_element
Build info: version: &apos;4.8.3&apos;, revision: &apos;e5e76298c3&apos;
System info: os.name: &apos;Windows 11&apos;, os.arch: &apos;amd64&apos;, os.version: &apos;10.0&apos;, java.version: &apos;1.8.0_341&apos;
Driver info: org.openqa.selenium.chrome.ChromeDriver
Command: [a5825033b832743da71f1f44bf2f5929, findElement {using=link text, value=Edit your account information}]
Capabilities {acceptInsecureCerts: false, browserName: chrome, browserVersion: 112.0.5615.87, chrome: {chromedriverVersion: 112.0.5615.49 (bd2a7bcb881c..., userDataDir: C:\Users\RAFIAS~1\AppData\L...}, goog:chromeOptions: {debuggerAddress: localhost:55778}, networkConnectionEnabled: false, pageLoadStrategy: normal, platformName: WINDOWS, proxy: Proxy(), se:cdp: ws://localhost:55778/devtoo..., se:cdpVersion: 112.0.5615.87, setWindowRect: true, strictFileInteractability: false, timeouts: {implicit: 0, pageLoad: 300000, script: 30000}, unhandledPromptBehavior: dismiss and notify, webauthn:extension:credBlob: true, webauthn:extension:largeBlob: true, webauthn:extension:minPinLength: true, webauthn:extension:prf: true, webauthn:virtualAuthenticators: true}
Session ID: a5825033b832743da71f1f44bf2f5929
	at org.openqa.selenium.remote.codec.w3c.W3CHttpResponseCodec.createException(W3CHttpResponseCodec.java:200)
	at org.openqa.selenium.remote.codec.w3c.W3CHttpResponseCodec.decode(W3CHttpResponseCodec.java:133)
	at org.openqa.selenium.remote.codec.w3c.W3CHttpResponseCodec.decode(W3CHttpResponseCodec.java:53)
	at org.openqa.selenium.remote.HttpCommandExecutor.execute(HttpCommandExecutor.java:193)
	at org.openqa.selenium.remote.service.DriverCommandExecutor.invokeExecute(DriverCommandExecutor.java:183)
	at org.openqa.selenium.remote.service.DriverCommandExecutor.execute(DriverCommandExecutor.java:158)
	at org.openqa.selenium.remote.RemoteWebDriver.execute(RemoteWebDriver.java:543)
	at org.openqa.selenium.remote.ElementLocation$ElementFinder$2.findElement(ElementLocation.java:162)
	at org.openqa.selenium.remote.ElementLocation.findElement(ElementLocation.java:60)
	at org.openqa.selenium.remote.RemoteWebDriver.findElement(RemoteWebDriver.java:352)
	at org.openqa.selenium.remote.RemoteWebDriver.findElement(RemoteWebDriver.java:344)
	at org.openqa.selenium.support.pagefactory.DefaultElementLocator.findElement(DefaultElementLocator.java:70)
	at org.openqa.selenium.support.pagefactory.internal.LocatingElementHandler.invoke(LocatingElementHandler.java:39)
	at com.sun.proxy.$Proxy13.getText(Unknown Source)
	at com.tutorials.ninja.qa.testpages.InsideOfLoginPage.editYourAccountInfoDisplayedOrNot(InsideOfLoginPage.java:48)
	at com.tutorials.ninja.qa.testcases.LoginTest.verifyLoginUsingValidCredentials(LoginTest.java:49)
... Removed 33 stack frames</div></td></tr></table><p class="totop"><a href="#summary">back to summary</a></p>
<h3 id="m3">com.tutorials.ninja.qa.testcases.LoginTest#verifyLoginUsingValidCredentials</h3><table class="result"><tr class="param"><th>Parameter #1</th><th>Parameter #2</th></tr><tr class="param stripe"><td>rafselenium2@gmail.com</td><td>Selenium@123</td></tr><tr><th colspan="2">Exception</th></tr><tr><td colspan="2"><div class="stacktrace">org.openqa.selenium.NoSuchElementException: no such element: Unable to locate element: {&quot;method&quot;:&quot;link text&quot;,&quot;selector&quot;:&quot;Edit your account information&quot;}
  (Session info: chrome=112.0.5615.87)
For documentation on this error, please visit: https://selenium.dev/exceptions/#no_such_element
Build info: version: &apos;4.8.3&apos;, revision: &apos;e5e76298c3&apos;
System info: os.name: &apos;Windows 11&apos;, os.arch: &apos;amd64&apos;, os.version: &apos;10.0&apos;, java.version: &apos;1.8.0_341&apos;
Driver info: org.openqa.selenium.chrome.ChromeDriver
Command: [aa3aac1f8a86229edf55ef6f3524119f, findElement {using=link text, value=Edit your account information}]
Capabilities {acceptInsecureCerts: false, browserName: chrome, browserVersion: 112.0.5615.87, chrome: {chromedriverVersion: 112.0.5615.49 (bd2a7bcb881c..., userDataDir: C:\Users\RAFIAS~1\AppData\L...}, goog:chromeOptions: {debuggerAddress: localhost:55800}, networkConnectionEnabled: false, pageLoadStrategy: normal, platformName: WINDOWS, proxy: Proxy(), se:cdp: ws://localhost:55800/devtoo..., se:cdpVersion: 112.0.5615.87, setWindowRect: true, strictFileInteractability: false, timeouts: {implicit: 0, pageLoad: 300000, script: 30000}, unhandledPromptBehavior: dismiss and notify, webauthn:extension:credBlob: true, webauthn:extension:largeBlob: true, webauthn:extension:minPinLength: true, webauthn:extension:prf: true, webauthn:virtualAuthenticators: true}
Session ID: aa3aac1f8a86229edf55ef6f3524119f
	at org.openqa.selenium.remote.codec.w3c.W3CHttpResponseCodec.createException(W3CHttpResponseCodec.java:200)
	at org.openqa.selenium.remote.codec.w3c.W3CHttpResponseCodec.decode(W3CHttpResponseCodec.java:133)
	at org.openqa.selenium.remote.codec.w3c.W3CHttpResponseCodec.decode(W3CHttpResponseCodec.java:53)
	at org.openqa.selenium.remote.HttpCommandExecutor.execute(HttpCommandExecutor.java:193)
	at org.openqa.selenium.remote.service.DriverCommandExecutor.invokeExecute(DriverCommandExecutor.java:183)
	at org.openqa.selenium.remote.service.DriverCommandExecutor.execute(DriverCommandExecutor.java:158)
	at org.openqa.selenium.remote.RemoteWebDriver.execute(RemoteWebDriver.java:543)
	at org.openqa.selenium.remote.ElementLocation$ElementFinder$2.findElement(ElementLocation.java:162)
	at org.openqa.selenium.remote.ElementLocation.findElement(ElementLocation.java:60)
	at org.openqa.selenium.remote.RemoteWebDriver.findElement(RemoteWebDriver.java:352)
	at org.openqa.selenium.remote.RemoteWebDriver.findElement(RemoteWebDriver.java:344)
	at org.openqa.selenium.support.pagefactory.DefaultElementLocator.findElement(DefaultElementLocator.java:70)
	at org.openqa.selenium.support.pagefactory.internal.LocatingElementHandler.invoke(LocatingElementHandler.java:39)
	at com.sun.proxy.$Proxy13.getText(Unknown Source)
	at com.tutorials.ninja.qa.testpages.InsideOfLoginPage.editYourAccountInfoDisplayedOrNot(InsideOfLoginPage.java:48)
	at com.tutorials.ninja.qa.testcases.LoginTest.verifyLoginUsingValidCredentials(LoginTest.java:49)
... Removed 33 stack frames</div></td></tr></table><p class="totop"><a href="#summary">back to summary</a></p>
<h3 id="m4">com.tutorials.ninja.qa.testcases.LoginTest#verifyLoginUsingValidCredentials</h3><table class="result"><tr class="param"><th>Parameter #1</th><th>Parameter #2</th></tr><tr class="param stripe"><td>rafselenium4@yahoo.com</td><td>Selenium@123</td></tr><tr><th colspan="2">Exception</th></tr><tr><td colspan="2"><div class="stacktrace">org.openqa.selenium.NoSuchElementException: no such element: Unable to locate element: {&quot;method&quot;:&quot;link text&quot;,&quot;selector&quot;:&quot;Edit your account information&quot;}
  (Session info: chrome=112.0.5615.87)
For documentation on this error, please visit: https://selenium.dev/exceptions/#no_such_element
Build info: version: &apos;4.8.3&apos;, revision: &apos;e5e76298c3&apos;
System info: os.name: &apos;Windows 11&apos;, os.arch: &apos;amd64&apos;, os.version: &apos;10.0&apos;, java.version: &apos;1.8.0_341&apos;
Driver info: org.openqa.selenium.chrome.ChromeDriver
Command: [6f0458c47e83a03f9aef4ca3a1a30711, findElement {using=link text, value=Edit your account information}]
Capabilities {acceptInsecureCerts: false, browserName: chrome, browserVersion: 112.0.5615.87, chrome: {chromedriverVersion: 112.0.5615.49 (bd2a7bcb881c..., userDataDir: C:\Users\RAFIAS~1\AppData\L...}, goog:chromeOptions: {debuggerAddress: localhost:55844}, networkConnectionEnabled: false, pageLoadStrategy: normal, platformName: WINDOWS, proxy: Proxy(), se:cdp: ws://localhost:55844/devtoo..., se:cdpVersion: 112.0.5615.87, setWindowRect: true, strictFileInteractability: false, timeouts: {implicit: 0, pageLoad: 300000, script: 30000}, unhandledPromptBehavior: dismiss and notify, webauthn:extension:credBlob: true, webauthn:extension:largeBlob: true, webauthn:extension:minPinLength: true, webauthn:extension:prf: true, webauthn:virtualAuthenticators: true}
Session ID: 6f0458c47e83a03f9aef4ca3a1a30711
	at org.openqa.selenium.remote.codec.w3c.W3CHttpResponseCodec.createException(W3CHttpResponseCodec.java:200)
	at org.openqa.selenium.remote.codec.w3c.W3CHttpResponseCodec.decode(W3CHttpResponseCodec.java:133)
	at org.openqa.selenium.remote.codec.w3c.W3CHttpResponseCodec.decode(W3CHttpResponseCodec.java:53)
	at org.openqa.selenium.remote.HttpCommandExecutor.execute(HttpCommandExecutor.java:193)
	at org.openqa.selenium.remote.service.DriverCommandExecutor.invokeExecute(DriverCommandExecutor.java:183)
	at org.openqa.selenium.remote.service.DriverCommandExecutor.execute(DriverCommandExecutor.java:158)
	at org.openqa.selenium.remote.RemoteWebDriver.execute(RemoteWebDriver.java:543)
	at org.openqa.selenium.remote.ElementLocation$ElementFinder$2.findElement(ElementLocation.java:162)
	at org.openqa.selenium.remote.ElementLocation.findElement(ElementLocation.java:60)
	at org.openqa.selenium.remote.RemoteWebDriver.findElement(RemoteWebDriver.java:352)
	at org.openqa.selenium.remote.RemoteWebDriver.findElement(RemoteWebDriver.java:344)
	at org.openqa.selenium.support.pagefactory.DefaultElementLocator.findElement(DefaultElementLocator.java:70)
	at org.openqa.selenium.support.pagefactory.internal.LocatingElementHandler.invoke(LocatingElementHandler.java:39)
	at com.sun.proxy.$Proxy13.getText(Unknown Source)
	at com.tutorials.ninja.qa.testpages.InsideOfLoginPage.editYourAccountInfoDisplayedOrNot(InsideOfLoginPage.java:48)
	at com.tutorials.ninja.qa.testcases.LoginTest.verifyLoginUsingValidCredentials(LoginTest.java:49)
... Removed 33 stack frames</div></td></tr></table><p class="totop"><a href="#summary">back to summary</a></p>
<h3 id="m5">com.tutorials.ninja.qa.testcases.LoginTest#verifyLoginWithNewPasswordAfterUpdatingThePassword</h3><table class="result"><tr><th>Exception</th></tr><tr><td><div class="stacktrace">java.lang.AssertionError: The following asserts failed:
	Warning message does not match did not expect to find [true] but found [false]
	at com.tutorials.ninja.qa.testcases.LoginTest.verifyLoginWithNewPasswordAfterUpdatingThePassword(LoginTest.java:324)
... Removed 30 stack frames</div></td></tr></table><p class="totop"><a href="#summary">back to summary</a></p>
<h3 id="m6">com.tutorials.ninja.qa.testcases.LoginTest#verifyNavigationToDifferentPagesFromLoginPage</h3><table class="result"><tr><th>Exception</th></tr><tr><td><div class="stacktrace">java.lang.AssertionError: The following asserts failed:
	Warning message does not match did not expect to find [true] but found [false]
	at com.tutorials.ninja.qa.testcases.LoginTest.verifyNavigationToDifferentPagesFromLoginPage(LoginTest.java:194)
... Removed 30 stack frames</div></td></tr></table><p class="totop"><a href="#summary">back to summary</a></p>
<h3 id="m7">com.tutorials.ninja.qa.testcases.LoginTest#verifyNumberOfUnsuccessfulLoginAttempts</h3><table class="result"><tr><th>Exception</th></tr><tr><td><div class="stacktrace">java.lang.AssertionError: The following asserts failed:
	Warning message does not match did not expect to find [true] but found [false]
	at com.tutorials.ninja.qa.testcases.LoginTest.verifyNumberOfUnsuccessfulLoginAttempts(LoginTest.java:179)
... Removed 30 stack frames</div></td></tr></table><p class="totop"><a href="#summary">back to summary</a></p>
<h3 id="m8">com.tutorials.ninja.qa.testcases.LoginTest#verifyNumberOfUnsuccessfulLoginAttempts</h3><table class="result"><tr><th>Exception</th></tr><tr><td><div class="stacktrace">java.lang.AssertionError: The following asserts failed:
	Warning message does not match did not expect to find [true] but found [false]
	at com.tutorials.ninja.qa.testcases.LoginTest.verifyNumberOfUnsuccessfulLoginAttempts(LoginTest.java:179)
... Removed 30 stack frames</div></td></tr></table><p class="totop"><a href="#summary">back to summary</a></p>
<h3 id="m9">com.tutorials.ninja.qa.testcases.LoginTest#verifyNumberOfUnsuccessfulLoginAttempts</h3><table class="result"><tr><th>Exception</th></tr><tr><td><div class="stacktrace">java.lang.AssertionError: The following asserts failed:
	Warning message does not match did not expect to find [true] but found [false]
	at com.tutorials.ninja.qa.testcases.LoginTest.verifyNumberOfUnsuccessfulLoginAttempts(LoginTest.java:179)
... Removed 30 stack frames</div></td></tr></table><p class="totop"><a href="#summary">back to summary</a></p>
<h3 id="m10">com.tutorials.ninja.qa.testcases.LoginTest#verifyNumberOfUnsuccessfulLoginAttempts</h3><table class="result"><tr><th>Exception</th></tr><tr><td><div class="stacktrace">java.lang.AssertionError: The following asserts failed:
	Warning message does not match did not expect to find [true] but found [false]
	at com.tutorials.ninja.qa.testcases.LoginTest.verifyNumberOfUnsuccessfulLoginAttempts(LoginTest.java:179)
... Removed 30 stack frames</div></td></tr></table><p class="totop"><a href="#summary">back to summary</a></p>
<h3 id="m11">com.tutorials.ninja.qa.testcases.LoginTest#verifyNumberOfUnsuccessfulLoginAttempts</h3><table class="result"><tr><th>Exception</th></tr><tr><td><div class="stacktrace">java.lang.AssertionError: The following asserts failed:
	Warning message does not match did not expect to find [true] but found [false]
	at com.tutorials.ninja.qa.testcases.LoginTest.verifyNumberOfUnsuccessfulLoginAttempts(LoginTest.java:179)
... Removed 30 stack frames</div></td></tr></table><p class="totop"><a href="#summary">back to summary</a></p>
<h3 id="m12">com.tutorials.ninja.qa.testcases.LoginTest#verifyNumberOfUnsuccessfulLoginAttempts</h3><table class="result"><tr><th>Exception</th></tr><tr><td><div class="stacktrace">java.lang.AssertionError: The following asserts failed:
	Warning message does not match did not expect to find [true] but found [false]
	at com.tutorials.ninja.qa.testcases.LoginTest.verifyNumberOfUnsuccessfulLoginAttempts(LoginTest.java:179)
... Removed 30 stack frames</div></td></tr></table><p class="totop"><a href="#summary">back to summary</a></p>
<h3 id="m13">com.tutorials.ninja.qa.testcases.LoginTest#verifyProperLogoutAfterLogin</h3><table class="result"><tr><th>Exception</th></tr><tr><td><div class="stacktrace">java.lang.AssertionError: The following asserts failed:
	Warning message does not match did not expect to find [true] but found [false]
	at com.tutorials.ninja.qa.testcases.LoginTest.verifyProperLogoutAfterLogin(LoginTest.java:234)
... Removed 30 stack frames</div></td></tr></table><p class="totop"><a href="#summary">back to summary</a></p>
<h3 id="m14">com.tutorials.ninja.qa.testcases.LoginTest#verifyProperLogoutAfterUpdatingThePassword</h3><table class="result"><tr><th>Exception</th></tr><tr><td><div class="stacktrace">java.lang.AssertionError: The following asserts failed:
	Warning message does not match did not expect to find [true] but found [false]
	at com.tutorials.ninja.qa.testcases.LoginTest.verifyProperLogoutAfterUpdatingThePassword(LoginTest.java:285)
... Removed 30 stack frames</div></td></tr></table><p class="totop"><a href="#summary">back to summary</a></p>
<h3 id="m15">com.tutorials.ninja.qa.testcases.LoginTest#verifyTabKeyOfTheKeyboardWorksOnLoginPage</h3><table class="result"><tr><th>Exception</th></tr><tr><td><div class="stacktrace">java.lang.AssertionError: The following asserts failed:
	Warning message does not match did not expect to find [true] but found [false]
	at com.tutorials.ninja.qa.testcases.LoginTest.verifyTabKeyOfTheKeyboardWorksOnLoginPage(LoginTest.java:395)
... Removed 30 stack frames</div></td></tr></table><p class="totop"><a href="#summary">back to summary</a></p>
<h3 id="m16">com.tutorials.ninja.qa.testcases.LoginTest#verifyWorkingOfBackspaceKeyOnLoginPage</h3><table class="result"><tr><th>Exception</th></tr><tr><td><div class="stacktrace">java.lang.AssertionError: The following asserts failed:
	Warning message does not match did not expect to find [true] but found [false]
	at com.tutorials.ninja.qa.testcases.LoginTest.verifyWorkingOfBackspaceKeyOnLoginPage(LoginTest.java:352)
... Removed 30 stack frames</div></td></tr></table><p class="totop"><a href="#summary">back to summary</a></p>
<h3 id="m17">com.tutorials.ninja.qa.testcases.SearchProductTest#setUp</h3><table class="result"><tr><th class="invisible"/></tr></table><p class="totop"><a href="#summary">back to summary</a></p>
<h3 id="m18">com.tutorials.ninja.qa.testcases.SearchProductTest#tearDown</h3><table class="result"><tr><th class="invisible"/></tr></table><p class="totop"><a href="#summary">back to summary</a></p>
<h3 id="m19">com.tutorials.ninja.qa.testcases.SearchProductTest#tearDown</h3><table class="result"><tr><th class="invisible"/></tr></table><p class="totop"><a href="#summary">back to summary</a></p>
<h3 id="m20">com.tutorials.ninja.qa.testcases.SearchProductTest#verifyClickingOnComponentsSublinkShowAllComponents</h3><table class="result"><tr><th>Exception</th></tr><tr><td><div class="stacktrace">org.openqa.selenium.TimeoutException: timeout: Timed out receiving message from renderer: -0.007
  (Session info: chrome=112.0.5615.87)
Build info: version: &apos;4.8.3&apos;, revision: &apos;e5e76298c3&apos;
System info: os.name: &apos;Windows 11&apos;, os.arch: &apos;amd64&apos;, os.version: &apos;10.0&apos;, java.version: &apos;1.8.0_341&apos;
Driver info: org.openqa.selenium.chrome.ChromeDriver
Command: [f8a8b87a5027b0d35e18b9e0b4d744da, get {url=http://tutorialsninja.com/demo}]
Capabilities {acceptInsecureCerts: false, browserName: chrome, browserVersion: 112.0.5615.87, chrome: {chromedriverVersion: 112.0.5615.49 (bd2a7bcb881c..., userDataDir: C:\Users\RAFIAS~1\AppData\L...}, goog:chromeOptions: {debuggerAddress: localhost:58060}, networkConnectionEnabled: false, pageLoadStrategy: normal, platformName: WINDOWS, proxy: Proxy(), se:cdp: ws://localhost:58060/devtoo..., se:cdpVersion: 112.0.5615.87, setWindowRect: true, strictFileInteractability: false, timeouts: {implicit: 0, pageLoad: 300000, script: 30000}, unhandledPromptBehavior: dismiss and notify, webauthn:extension:credBlob: true, webauthn:extension:largeBlob: true, webauthn:extension:minPinLength: true, webauthn:extension:prf: true, webauthn:virtualAuthenticators: true}
Session ID: f8a8b87a5027b0d35e18b9e0b4d744da
	at org.openqa.selenium.remote.codec.w3c.W3CHttpResponseCodec.createException(W3CHttpResponseCodec.java:200)
	at org.openqa.selenium.remote.codec.w3c.W3CHttpResponseCodec.decode(W3CHttpResponseCodec.java:133)
	at org.openqa.selenium.remote.codec.w3c.W3CHttpResponseCodec.decode(W3CHttpResponseCodec.java:53)
	at org.openqa.selenium.remote.HttpCommandExecutor.execute(HttpCommandExecutor.java:193)
	at org.openqa.selenium.remote.service.DriverCommandExecutor.invokeExecute(DriverCommandExecutor.java:183)
	at org.openqa.selenium.remote.service.DriverCommandExecutor.execute(DriverCommandExecutor.java:158)
	at org.openqa.selenium.remote.RemoteWebDriver.execute(RemoteWebDriver.java:543)
	at org.openqa.selenium.remote.RemoteWebDriver.get(RemoteWebDriver.java:297)
	at com.tutorials.ninja.qa.testbase.TestBase.initializeBrowserAndOpenApplication(TestBase.java:54)
	at com.tutorials.ninja.qa.testcases.SearchProductTest.setUp(SearchProductTest.java:36)
... Removed 35 stack frames</div></td></tr></table><p class="totop"><a href="#summary">back to summary</a></p>
<h3 id="m21">com.tutorials.ninja.qa.testcases.SearchProductTest#verifyClickingOnMP3PlayersSublinkShowAllMP3Players</h3><table class="result"><tr><th>Exception</th></tr><tr><td><div class="stacktrace">org.openqa.selenium.TimeoutException: timeout: Timed out receiving message from renderer: -0.007
  (Session info: chrome=112.0.5615.87)
Build info: version: &apos;4.8.3&apos;, revision: &apos;e5e76298c3&apos;
System info: os.name: &apos;Windows 11&apos;, os.arch: &apos;amd64&apos;, os.version: &apos;10.0&apos;, java.version: &apos;1.8.0_341&apos;
Driver info: org.openqa.selenium.chrome.ChromeDriver
Command: [f8a8b87a5027b0d35e18b9e0b4d744da, get {url=http://tutorialsninja.com/demo}]
Capabilities {acceptInsecureCerts: false, browserName: chrome, browserVersion: 112.0.5615.87, chrome: {chromedriverVersion: 112.0.5615.49 (bd2a7bcb881c..., userDataDir: C:\Users\RAFIAS~1\AppData\L...}, goog:chromeOptions: {debuggerAddress: localhost:58060}, networkConnectionEnabled: false, pageLoadStrategy: normal, platformName: WINDOWS, proxy: Proxy(), se:cdp: ws://localhost:58060/devtoo..., se:cdpVersion: 112.0.5615.87, setWindowRect: true, strictFileInteractability: false, timeouts: {implicit: 0, pageLoad: 300000, script: 30000}, unhandledPromptBehavior: dismiss and notify, webauthn:extension:credBlob: true, webauthn:extension:largeBlob: true, webauthn:extension:minPinLength: true, webauthn:extension:prf: true, webauthn:virtualAuthenticators: true}
Session ID: f8a8b87a5027b0d35e18b9e0b4d744da
	at org.openqa.selenium.remote.codec.w3c.W3CHttpResponseCodec.createException(W3CHttpResponseCodec.java:200)
	at org.openqa.selenium.remote.codec.w3c.W3CHttpResponseCodec.decode(W3CHttpResponseCodec.java:133)
	at org.openqa.selenium.remote.codec.w3c.W3CHttpResponseCodec.decode(W3CHttpResponseCodec.java:53)
	at org.openqa.selenium.remote.HttpCommandExecutor.execute(HttpCommandExecutor.java:193)
	at org.openqa.selenium.remote.service.DriverCommandExecutor.invokeExecute(DriverCommandExecutor.java:183)
	at org.openqa.selenium.remote.service.DriverCommandExecutor.execute(DriverCommandExecutor.java:158)
	at org.openqa.selenium.remote.RemoteWebDriver.execute(RemoteWebDriver.java:543)
	at org.openqa.selenium.remote.RemoteWebDriver.get(RemoteWebDriver.java:297)
	at com.tutorials.ninja.qa.testbase.TestBase.initializeBrowserAndOpenApplication(TestBase.java:54)
	at com.tutorials.ninja.qa.testcases.SearchProductTest.setUp(SearchProductTest.java:36)
... Removed 35 stack frames</div></td></tr></table><p class="totop"><a href="#summary">back to summary</a></p>
<h3 id="m22">com.tutorials.ninja.qa.testcases.LoginTest#verifyLoginIntoApplicationAndBrowsingBackWithoutBeingLoggedOut</h3><table class="result"><tr><th class="invisible"/></tr></table><p class="totop"><a href="#summary">back to summary</a></p>
<h3 id="m23">com.tutorials.ninja.qa.testcases.LoginTest#verifyLoginUsingBlankCredentials</h3><table class="result"><tr><th class="invisible"/></tr></table><p class="totop"><a href="#summary">back to summary</a></p>
<h3 id="m24">com.tutorials.ninja.qa.testcases.LoginTest#verifyLoginUsingBlankEmailandValidPassword</h3><table class="result"><tr><th class="invisible"/></tr></table><p class="totop"><a href="#summary">back to summary</a></p>
<h3 id="m25">com.tutorials.ninja.qa.testcases.LoginTest#verifyLoginUsingInactiveCredentials</h3><table class="result"><tr><th class="invisible"/></tr></table><p class="totop"><a href="#summary">back to summary</a></p>
<h3 id="m26">com.tutorials.ninja.qa.testcases.LoginTest#verifyLoginUsingInvalidCredentials</h3><table class="result"><tr><th class="invisible"/></tr></table><p class="totop"><a href="#summary">back to summary</a></p>
<h3 id="m27">com.tutorials.ninja.qa.testcases.LoginTest#verifyLoginUsingInvalidEmailandValidPassword</h3><table class="result"><tr><th class="invisible"/></tr></table><p class="totop"><a href="#summary">back to summary</a></p>
<h3 id="m28">com.tutorials.ninja.qa.testcases.LoginTest#verifyLoginUsingValidCredentials</h3><table class="result"><tr class="param"><th>Parameter #1</th><th>Parameter #2</th></tr><tr class="param stripe"><td>rafselenium3@yahoo.com</td><td>Selenium@123</td></tr></table><p class="totop"><a href="#summary">back to summary</a></p>
<h3 id="m29">com.tutorials.ninja.qa.testcases.LoginTest#verifyLoginUsingValidEmailandBlankPassword</h3><table class="result"><tr><th class="invisible"/></tr></table><p class="totop"><a href="#summary">back to summary</a></p>
<h3 id="m30">com.tutorials.ninja.qa.testcases.LoginTest#verifyLoginUsingValidEmailandInvalidPassword</h3><table class="result"><tr><th class="invisible"/></tr></table><p class="totop"><a href="#summary">back to summary</a></p>
<h3 id="m31">com.tutorials.ninja.qa.testcases.LoginTest#verifyNavigationBACKcommandInLoginPage</h3><table class="result"><tr><th class="invisible"/></tr></table><p class="totop"><a href="#summary">back to summary</a></p>
<h3 id="m32">com.tutorials.ninja.qa.testcases.LoginTest#verifyNavigationFORWARDcommandOfLoginPage</h3><table class="result"><tr><th class="invisible"/></tr></table><p class="totop"><a href="#summary">back to summary</a></p>
<h3 id="m33">com.tutorials.ninja.qa.testcases.LoginTest#verifyNavigationREFRESHcommandInLoginPage</h3><table class="result"><tr><th class="invisible"/></tr></table><p class="totop"><a href="#summary">back to summary</a></p>
<h3 id="m34">com.tutorials.ninja.qa.testcases.LoginTest#verifyNavigationTOcommandInLoginPage</h3><table class="result"><tr><th class="invisible"/></tr></table><p class="totop"><a href="#summary">back to summary</a></p>
<h3 id="m35">com.tutorials.ninja.qa.testcases.LoginTest#verifyOpeningOfLoginPageInANewTab</h3><table class="result"><tr><th class="invisible"/></tr></table><p class="totop"><a href="#summary">back to summary</a></p>
<h3 id="m36">com.tutorials.ninja.qa.testcases.LoginTest#verifyOpeningOfLoginPageInANewWindow</h3><table class="result"><tr><th class="invisible"/></tr></table><p class="totop"><a href="#summary">back to summary</a></p>
<h3 id="m37">com.tutorials.ninja.qa.testcases.LoginTest#verifyUpdatingThePassword</h3><table class="result"><tr><th class="invisible"/></tr></table><p class="totop"><a href="#summary">back to summary</a></p>
<h3 id="m38">com.tutorials.ninja.qa.testcases.LoginTest#verifyWorkingOfForgetPasswordLink</h3><table class="result"><tr><th class="invisible"/></tr></table><p class="totop"><a href="#summary">back to summary</a></p>
<h3 id="m39">com.tutorials.ninja.qa.testcases.RegisterTest#verifyBACKSPACEofKeyboardWorksInRegisterPage</h3><table class="result"><tr><th class="invisible"/></tr></table><p class="totop"><a href="#summary">back to summary</a></p>
<h3 id="m40">com.tutorials.ninja.qa.testcases.RegisterTest#verifyCopyAndPasteWorksOnRegisterPage</h3><table class="result"><tr><th class="invisible"/></tr></table><p class="totop"><a href="#summary">back to summary</a></p>
<h3 id="m41">com.tutorials.ninja.qa.testcases.RegisterTest#verifyENTERKeyOfKeyboardWorksOnRegistrationPage</h3><table class="result"><tr><th class="invisible"/></tr></table><p class="totop"><a href="#summary">back to summary</a></p>
<h3 id="m42">com.tutorials.ninja.qa.testcases.RegisterTest#verifyLoginAfterRegistration</h3><table class="result"><tr><th class="invisible"/></tr></table><p class="totop"><a href="#summary">back to summary</a></p>
<h3 id="m43">com.tutorials.ninja.qa.testcases.RegisterTest#verifyNavigateBACKcommandInRegisterPage</h3><table class="result"><tr><th class="invisible"/></tr></table><p class="totop"><a href="#summary">back to summary</a></p>
<h3 id="m44">com.tutorials.ninja.qa.testcases.RegisterTest#verifyNavigateTOcommandInRegisterPage</h3><table class="result"><tr><th class="invisible"/></tr></table><p class="totop"><a href="#summary">back to summary</a></p>
<h3 id="m45">com.tutorials.ninja.qa.testcases.RegisterTest#verifyNavigationFORWARDcommandInRegisterPage</h3><table class="result"><tr><th class="invisible"/></tr></table><p class="totop"><a href="#summary">back to summary</a></p>
<h3 id="m46">com.tutorials.ninja.qa.testcases.RegisterTest#verifyNavigationREFRESHcommandInRegisterPage</h3><table class="result"><tr><th class="invisible"/></tr></table><p class="totop"><a href="#summary">back to summary</a></p>
<h3 id="m47">com.tutorials.ninja.qa.testcases.RegisterTest#verifyOpeningOfRegisterPageInANewTab</h3><table class="result"><tr><th class="invisible"/></tr></table><p class="totop"><a href="#summary">back to summary</a></p>
<h3 id="m48">com.tutorials.ninja.qa.testcases.RegisterTest#verifyOpeningOfRegisterPageInANewWindow</h3><table class="result"><tr><th class="invisible"/></tr></table><p class="totop"><a href="#summary">back to summary</a></p>
<h3 id="m49">com.tutorials.ninja.qa.testcases.RegisterTest#verifyProperLogoutAfterRegistration</h3><table class="result"><tr><th class="invisible"/></tr></table><p class="totop"><a href="#summary">back to summary</a></p>
<h3 id="m50">com.tutorials.ninja.qa.testcases.RegisterTest#verifyRegisterAnAccountByProvidingAllFields</h3><table class="result"><tr><th class="invisible"/></tr></table><p class="totop"><a href="#summary">back to summary</a></p>
<h3 id="m51">com.tutorials.ninja.qa.testcases.RegisterTest#verifyRegisterAnAccountWithOnlyMandatoryFields</h3><table class="result"><tr><th class="invisible"/></tr></table><p class="totop"><a href="#summary">back to summary</a></p>
<h3 id="m52">com.tutorials.ninja.qa.testcases.RegisterTest#verifyRegisterAnAccountWithoutFillingAnything</h3><table class="result"><tr><th class="invisible"/></tr></table><p class="totop"><a href="#summary">back to summary</a></p>
<h3 id="m53">com.tutorials.ninja.qa.testcases.RegisterTest#verifyRegisterByEnteringDifferentPasswordForThePasswordFields</h3><table class="result"><tr><th class="invisible"/></tr></table><p class="totop"><a href="#summary">back to summary</a></p>
<h3 id="m54">com.tutorials.ninja.qa.testcases.RegisterTest#verifyRegisterSubscribedNo</h3><table class="result"><tr><th class="invisible"/></tr></table><p class="totop"><a href="#summary">back to summary</a></p>
<h3 id="m55">com.tutorials.ninja.qa.testcases.RegisterTest#verifyRegisterSubscribedYes</h3><table class="result"><tr><th class="invisible"/></tr></table><p class="totop"><a href="#summary">back to summary</a></p>
<h3 id="m56">com.tutorials.ninja.qa.testcases.RegisterTest#verifyRegisterUptoEmail</h3><table class="result"><tr><th class="invisible"/></tr></table><p class="totop"><a href="#summary">back to summary</a></p>
<h3 id="m57">com.tutorials.ninja.qa.testcases.RegisterTest#verifyRegisterUptoPassword</h3><table class="result"><tr><th class="invisible"/></tr></table><p class="totop"><a href="#summary">back to summary</a></p>
<h3 id="m58">com.tutorials.ninja.qa.testcases.RegisterTest#verifyRegisterUptoTelePhoneNumber</h3><table class="result"><tr><th class="invisible"/></tr></table><p class="totop"><a href="#summary">back to summary</a></p>
<h3 id="m59">com.tutorials.ninja.qa.testcases.RegisterTest#verifyRegisterUsingExistingEmail</h3><table class="result"><tr><th class="invisible"/></tr></table><p class="totop"><a href="#summary">back to summary</a></p>
<h3 id="m60">com.tutorials.ninja.qa.testcases.RegisterTest#verifyRegisterUsingLessThan3NumbersForTelePhoneNumber</h3><table class="result"><tr><th class="invisible"/></tr></table><p class="totop"><a href="#summary">back to summary</a></p>
<h3 id="m61">com.tutorials.ninja.qa.testcases.RegisterTest#verifyRegisterUsingLessThan4CharactersForPassword</h3><table class="result"><tr><th class="invisible"/></tr></table><p class="totop"><a href="#summary">back to summary</a></p>
<h3 id="m62">com.tutorials.ninja.qa.testcases.RegisterTest#verifyRegisterUsingMoreThan20CharactersForPassword</h3><table class="result"><tr><th class="invisible"/></tr></table><p class="totop"><a href="#summary">back to summary</a></p>
<h3 id="m63">com.tutorials.ninja.qa.testcases.RegisterTest#verifyRegisterUsingMoreThan32CharactersForFirstName</h3><table class="result"><tr><th class="invisible"/></tr></table><p class="totop"><a href="#summary">back to summary</a></p>
<h3 id="m64">com.tutorials.ninja.qa.testcases.RegisterTest#verifyRegisterUsingMoreThan32CharactersForLastName</h3><table class="result"><tr><th class="invisible"/></tr></table><p class="totop"><a href="#summary">back to summary</a></p>
<h3 id="m65">com.tutorials.ninja.qa.testcases.RegisterTest#verifyRegisterUsingMoreThan32NumbersForTelePhoneNumber</h3><table class="result"><tr><th class="invisible"/></tr></table><p class="totop"><a href="#summary">back to summary</a></p>
<h3 id="m66">com.tutorials.ninja.qa.testcases.RegisterTest#verifyRegisterWithOnlyFirstAndLastName</h3><table class="result"><tr><th class="invisible"/></tr></table><p class="totop"><a href="#summary">back to summary</a></p>
<h3 id="m67">com.tutorials.ninja.qa.testcases.RegisterTest#verifyRegisterWithOnlyFirstName</h3><table class="result"><tr><th class="invisible"/></tr></table><p class="totop"><a href="#summary">back to summary</a></p>
<h3 id="m68">com.tutorials.ninja.qa.testcases.RegisterTest#verifyRegisterWithoutCheckingPrivacyPolicy</h3><table class="result"><tr><th class="invisible"/></tr></table><p class="totop"><a href="#summary">back to summary</a></p>
<h3 id="m69">com.tutorials.ninja.qa.testcases.RegisterTest#verifyWorkingOfTABkeyOfKeyBoardInRegistrationPage</h3><table class="result"><tr><th class="invisible"/></tr></table><p class="totop"><a href="#summary">back to summary</a></p>
<h3 id="m70">com.tutorials.ninja.qa.testcases.SearchProductTest#verifyClickingOnCamerasLink</h3><table class="result"><tr><th class="invisible"/></tr></table><p class="totop"><a href="#summary">back to summary</a></p>
<h3 id="m71">com.tutorials.ninja.qa.testcases.SearchProductTest#verifyClickingOnComponentsLink</h3><table class="result"><tr><th class="invisible"/></tr></table><p class="totop"><a href="#summary">back to summary</a></p>
<h3 id="m72">com.tutorials.ninja.qa.testcases.SearchProductTest#verifyClickingOnComponentsSublinkMiceAndTrackballs</h3><table class="result"><tr><th class="invisible"/></tr></table><p class="totop"><a href="#summary">back to summary</a></p>
<h3 id="m73">com.tutorials.ninja.qa.testcases.SearchProductTest#verifyClickingOnComponentsSublinkMonitor</h3><table class="result"><tr><th class="invisible"/></tr></table><p class="totop"><a href="#summary">back to summary</a></p>
<h3 id="m74">com.tutorials.ninja.qa.testcases.SearchProductTest#verifyClickingOnComponentsSublinkPrinters</h3><table class="result"><tr><th class="invisible"/></tr></table><p class="totop"><a href="#summary">back to summary</a></p>
<h3 id="m75">com.tutorials.ninja.qa.testcases.SearchProductTest#verifyClickingOnComponentsSublinkScanners</h3><table class="result"><tr><th class="invisible"/></tr></table><p class="totop"><a href="#summary">back to summary</a></p>
<h3 id="m76">com.tutorials.ninja.qa.testcases.SearchProductTest#verifyClickingOnComponentsSublinkWebCameras</h3><table class="result"><tr><th class="invisible"/></tr></table><p class="totop"><a href="#summary">back to summary</a></p>
<h3 id="m77">com.tutorials.ninja.qa.testcases.SearchProductTest#verifyClickingOnDesktopsLink</h3><table class="result"><tr><th class="invisible"/></tr></table><p class="totop"><a href="#summary">back to summary</a></p>
<h3 id="m78">com.tutorials.ninja.qa.testcases.SearchProductTest#verifyClickingOnDesktopsSublinkMac</h3><table class="result"><tr><th class="invisible"/></tr></table><p class="totop"><a href="#summary">back to summary</a></p>
<h3 id="m79">com.tutorials.ninja.qa.testcases.SearchProductTest#verifyClickingOnDesktopsSublinkPC</h3><table class="result"><tr><th class="invisible"/></tr></table><p class="totop"><a href="#summary">back to summary</a></p>
<h3 id="m80">com.tutorials.ninja.qa.testcases.SearchProductTest#verifyClickingOnDesktopsSublinkShowAllDesktops</h3><table class="result"><tr><th class="invisible"/></tr></table><p class="totop"><a href="#summary">back to summary</a></p>
<h3 id="m81">com.tutorials.ninja.qa.testcases.SearchProductTest#verifyClickingOnLaptopsAndNotebooksLink</h3><table class="result"><tr><th class="invisible"/></tr></table><p class="totop"><a href="#summary">back to summary</a></p>
<h3 id="m82">com.tutorials.ninja.qa.testcases.SearchProductTest#verifyClickingOnLaptopsAndNotebooksSublinkMacs</h3><table class="result"><tr><th class="invisible"/></tr></table><p class="totop"><a href="#summary">back to summary</a></p>
<h3 id="m83">com.tutorials.ninja.qa.testcases.SearchProductTest#verifyClickingOnLaptopsAndNotebooksSublinkShowAll</h3><table class="result"><tr><th class="invisible"/></tr></table><p class="totop"><a href="#summary">back to summary</a></p>
<h3 id="m84">com.tutorials.ninja.qa.testcases.SearchProductTest#verifyClickingOnLaptopsAndNotebooksSublinkWindows</h3><table class="result"><tr><th class="invisible"/></tr></table><p class="totop"><a href="#summary">back to summary</a></p>
<h3 id="m85">com.tutorials.ninja.qa.testcases.SearchProductTest#verifyClickingOnMP3PlayersLink</h3><table class="result"><tr><th class="invisible"/></tr></table><p class="totop"><a href="#summary">back to summary</a></p>
<h3 id="m86">com.tutorials.ninja.qa.testcases.SearchProductTest#verifyClickingOnPhonesAndPDAsLink</h3><table class="result"><tr><th class="invisible"/></tr></table><p class="totop"><a href="#summary">back to summary</a></p>
<h3 id="m87">com.tutorials.ninja.qa.testcases.SearchProductTest#verifyClickingOnSoftwareLink</h3><table class="result"><tr><th class="invisible"/></tr></table><p class="totop"><a href="#summary">back to summary</a></p>
<h3 id="m88">com.tutorials.ninja.qa.testcases.SearchProductTest#verifyClickingOnTabletsLink</h3><table class="result"><tr><th class="invisible"/></tr></table><p class="totop"><a href="#summary">back to summary</a></p>
<h3 id="m89">com.tutorials.ninja.qa.testcases.SearchProductTest#verifyCorrectResultsAreDisplayedAfterASearch</h3><table class="result"><tr><th class="invisible"/></tr></table><p class="totop"><a href="#summary">back to summary</a></p>
<h3 id="m90">com.tutorials.ninja.qa.testcases.SearchProductTest#verifyProperLogoutAfterSearchingForProduct</h3><table class="result"><tr><th class="invisible"/></tr></table><p class="totop"><a href="#summary">back to summary</a></p>
<h3 id="m91">com.tutorials.ninja.qa.testcases.SearchProductTest#verifySearchBoxIsClickable</h3><table class="result"><tr><th class="invisible"/></tr></table><p class="totop"><a href="#summary">back to summary</a></p>
<h3 id="m92">com.tutorials.ninja.qa.testcases.SearchProductTest#verifySearchByProvidingASearchCriteriaThatResultsInMultipleProducts</h3><table class="result"><tr><th class="invisible"/></tr></table><p class="totop"><a href="#summary">back to summary</a></p>
<h3 id="m93">com.tutorials.ninja.qa.testcases.SearchProductTest#verifySearchProductAfterLogin</h3><table class="result"><tr><th class="invisible"/></tr></table><p class="totop"><a href="#summary">back to summary</a></p>
<h3 id="m94">com.tutorials.ninja.qa.testcases.SearchProductTest#verifySearchWhenTheSearchTermIsMisspelled</h3><table class="result"><tr><th class="invisible"/></tr></table><p class="totop"><a href="#summary">back to summary</a></p>
<h3 id="m95">com.tutorials.ninja.qa.testcases.SearchProductTest#verifySearchWithANonExistingProductName</h3><table class="result"><tr><th class="invisible"/></tr></table><p class="totop"><a href="#summary">back to summary</a></p>
<h3 id="m96">com.tutorials.ninja.qa.testcases.SearchProductTest#verifySearchWithAllLowercase</h3><table class="result"><tr><th class="invisible"/></tr></table><p class="totop"><a href="#summary">back to summary</a></p>
<h3 id="m97">com.tutorials.ninja.qa.testcases.SearchProductTest#verifySearchWithAllUppercase</h3><table class="result"><tr><th class="invisible"/></tr></table><p class="totop"><a href="#summary">back to summary</a></p>
<h3 id="m98">com.tutorials.ninja.qa.testcases.SearchProductTest#verifySearchWithExistingProductName</h3><table class="result"><tr><th class="invisible"/></tr></table><p class="totop"><a href="#summary">back to summary</a></p>
<h3 id="m99">com.tutorials.ninja.qa.testcases.SearchProductTest#verifySearchWithExtraSpacesBetweenLetters</h3><table class="result"><tr><th class="invisible"/></tr></table><p class="totop"><a href="#summary">back to summary</a></p>
<h3 id="m100">com.tutorials.ninja.qa.testcases.SearchProductTest#verifySearchWithMixedUppercaseAndlowercase</h3><table class="result"><tr><th class="invisible"/></tr></table><p class="totop"><a href="#summary">back to summary</a></p>
<h3 id="m101">com.tutorials.ninja.qa.testcases.SearchProductTest#verifySearchWithSpecialCharacter</h3><table class="result"><tr><th class="invisible"/></tr></table><p class="totop"><a href="#summary">back to summary</a></p>
<h3 id="m102">com.tutorials.ninja.qa.testcases.SearchProductTest#verifySearchWithoutProvidingAnything</h3><table class="result"><tr><th class="invisible"/></tr></table><p class="totop"><a href="#summary">back to summary</a></p>
<h3 id="m103">com.tutorials.ninja.qa.testcases.SearchProductTest#verifySearchingForProductAfterLogout</h3><table class="result"><tr><th class="invisible"/></tr></table><p class="totop"><a href="#summary">back to summary</a></p>
<h3 id="m104">com.tutorials.ninja.qa.testcases.SearchProductTest#verifySearchingForProductUsingTheENTERkey</h3><table class="result"><tr><th class="invisible"/></tr></table><p class="totop"><a href="#summary">back to summary</a></p>
<h3 id="m105">com.tutorials.ninja.qa.testcases.SearchProductTest#verifyWorkingOfTABkeyWhenLookingForProducts</h3><table class="result"><tr><th class="invisible"/></tr></table><p class="totop"><a href="#summary">back to summary</a></p>
</body>
</html>
