<?xml version="1.0" encoding="UTF-8"?>
<!-- Generated by org.testng.reporters.JUnitXMLReporter -->
<testsuite hostname="Rafia" ignored="0" name="Tutorials Ninja Test Cases" tests="102" failures="16" timestamp="2023-04-27T23:18:04 EDT" time="679.294" errors="0">
  <testcase name="@BeforeMethod setUp" time="10.792" classname="com.tutorials.ninja.qa.testcases.SearchProductTest">
    <failure type="org.openqa.selenium.TimeoutException" message="timeout: Timed out receiving message from renderer: -0.007
  (Session info: chrome=112.0.5615.87)
Build info: version: &amp;apos;4.8.3&amp;apos;, revision: &amp;apos;e5e76298c3&amp;apos;
System info: os.name: &amp;apos;Windows 11&amp;apos;, os.arch: &amp;apos;amd64&amp;apos;, os.version: &amp;apos;10.0&amp;apos;, java.version: &amp;apos;1.8.0_341&amp;apos;
Driver info: org.openqa.selenium.chrome.ChromeDriver
Command: [f8a8b87a5027b0d35e18b9e0b4d744da, get {url=http://tutorialsninja.com/demo}]
Capabilities {acceptInsecureCerts: false, browserName: chrome, browserVersion: 112.0.5615.87, chrome: {chromedriverVersion: 112.0.5615.49 (bd2a7bcb881c..., userDataDir: C:\Users\RAFIAS~1\AppData\L...}, goog:chromeOptions: {debuggerAddress: localhost:58060}, networkConnectionEnabled: false, pageLoadStrategy: normal, platformName: WINDOWS, proxy: Proxy(), se:cdp: ws://localhost:58060/devtoo..., se:cdpVersion: 112.0.5615.87, setWindowRect: true, strictFileInteractability: false, timeouts: {implicit: 0, pageLoad: 300000, script: 30000}, unhandledPromptBehavior: dismiss and notify, webauthn:extension:credBlob: true, webauthn:extension:largeBlob: true, webauthn:extension:minPinLength: true, webauthn:extension:prf: true, webauthn:virtualAuthenticators: true}
Session ID: f8a8b87a5027b0d35e18b9e0b4d744da">
      <![CDATA[org.openqa.selenium.TimeoutException: timeout: Timed out receiving message from renderer: -0.007
  (Session info: chrome=112.0.5615.87)
Build info: version: '4.8.3', revision: 'e5e76298c3'
System info: os.name: 'Windows 11', os.arch: 'amd64', os.version: '10.0', java.version: '1.8.0_341'
Driver info: org.openqa.selenium.chrome.ChromeDriver
Command: [f8a8b87a5027b0d35e18b9e0b4d744da, get {url=http://tutorialsninja.com/demo}]
Capabilities {acceptInsecureCerts: false, browserName: chrome, browserVersion: 112.0.5615.87, chrome: {chromedriverVersion: 112.0.5615.49 (bd2a7bcb881c..., userDataDir: C:\Users\RAFIAS~1\AppData\L...}, goog:chromeOptions: {debuggerAddress: localhost:58060}, networkConnectionEnabled: false, pageLoadStrategy: normal, platformName: WINDOWS, proxy: Proxy(), se:cdp: ws://localhost:58060/devtoo..., se:cdpVersion: 112.0.5615.87, setWindowRect: true, strictFileInteractability: false, timeouts: {implicit: 0, pageLoad: 300000, script: 30000}, unhandledPromptBehavior: dismiss and notify, webauthn:extension:credBlob: true, webauthn:extension:largeBlob: true, webauthn:extension:minPinLength: true, webauthn:extension:prf: true, webauthn:virtualAuthenticators: true}
Session ID: f8a8b87a5027b0d35e18b9e0b4d744da
at org.openqa.selenium.remote.codec.w3c.W3CHttpResponseCodec.createException(W3CHttpResponseCodec.java:200)
at org.openqa.selenium.remote.codec.w3c.W3CHttpResponseCodec.decode(W3CHttpResponseCodec.java:133)
at org.openqa.selenium.remote.codec.w3c.W3CHttpResponseCodec.decode(W3CHttpResponseCodec.java:53)
at org.openqa.selenium.remote.HttpCommandExecutor.execute(HttpCommandExecutor.java:193)
at org.openqa.selenium.remote.service.DriverCommandExecutor.invokeExecute(DriverCommandExecutor.java:183)
at org.openqa.selenium.remote.service.DriverCommandExecutor.execute(DriverCommandExecutor.java:158)
at org.openqa.selenium.remote.RemoteWebDriver.execute(RemoteWebDriver.java:543)
at org.openqa.selenium.remote.RemoteWebDriver.get(RemoteWebDriver.java:297)
at com.tutorials.ninja.qa.testbase.TestBase.initializeBrowserAndOpenApplication(TestBase.java:54)
at com.tutorials.ninja.qa.testcases.SearchProductTest.setUp(SearchProductTest.java:36)
... Removed 35 stack frames]]>
    </failure>
  </testcase> <!-- @BeforeMethod setUp -->
  <testcase name="@AfterMethod tearDown" time="-1.682651884405E9" classname="com.tutorials.ninja.qa.testcases.SearchProductTest">
    <skipped/>
  </testcase> <!-- @AfterMethod tearDown -->
  <testcase name="@BeforeMethod setUp" time="-1.682651884405E9" classname="com.tutorials.ninja.qa.testcases.SearchProductTest">
    <skipped/>
  </testcase> <!-- @BeforeMethod setUp -->
  <testcase name="@AfterMethod tearDown" time="-1.682651884406E9" classname="com.tutorials.ninja.qa.testcases.SearchProductTest">
    <skipped/>
  </testcase> <!-- @AfterMethod tearDown -->
  <testcase name="verifyLoginUsingValidCredentials" time="10.868" classname="com.tutorials.ninja.qa.testcases.LoginTest">
    <failure type="org.openqa.selenium.NoSuchElementException" message="no such element: Unable to locate element: {&amp;quot;method&amp;quot;:&amp;quot;link text&amp;quot;,&amp;quot;selector&amp;quot;:&amp;quot;Edit your account information&amp;quot;}
  (Session info: chrome=112.0.5615.87)
For documentation on this error, please visit: https://selenium.dev/exceptions/#no_such_element
Build info: version: &amp;apos;4.8.3&amp;apos;, revision: &amp;apos;e5e76298c3&amp;apos;
System info: os.name: &amp;apos;Windows 11&amp;apos;, os.arch: &amp;apos;amd64&amp;apos;, os.version: &amp;apos;10.0&amp;apos;, java.version: &amp;apos;1.8.0_341&amp;apos;
Driver info: org.openqa.selenium.chrome.ChromeDriver
Command: [a5825033b832743da71f1f44bf2f5929, findElement {using=link text, value=Edit your account information}]
Capabilities {acceptInsecureCerts: false, browserName: chrome, browserVersion: 112.0.5615.87, chrome: {chromedriverVersion: 112.0.5615.49 (bd2a7bcb881c..., userDataDir: C:\Users\RAFIAS~1\AppData\L...}, goog:chromeOptions: {debuggerAddress: localhost:55778}, networkConnectionEnabled: false, pageLoadStrategy: normal, platformName: WINDOWS, proxy: Proxy(), se:cdp: ws://localhost:55778/devtoo..., se:cdpVersion: 112.0.5615.87, setWindowRect: true, strictFileInteractability: false, timeouts: {implicit: 0, pageLoad: 300000, script: 30000}, unhandledPromptBehavior: dismiss and notify, webauthn:extension:credBlob: true, webauthn:extension:largeBlob: true, webauthn:extension:minPinLength: true, webauthn:extension:prf: true, webauthn:virtualAuthenticators: true}
Session ID: a5825033b832743da71f1f44bf2f5929">
      <![CDATA[org.openqa.selenium.NoSuchElementException: no such element: Unable to locate element: {"method":"link text","selector":"Edit your account information"}
  (Session info: chrome=112.0.5615.87)
For documentation on this error, please visit: https://selenium.dev/exceptions/#no_such_element
Build info: version: '4.8.3', revision: 'e5e76298c3'
System info: os.name: 'Windows 11', os.arch: 'amd64', os.version: '10.0', java.version: '1.8.0_341'
Driver info: org.openqa.selenium.chrome.ChromeDriver
Command: [a5825033b832743da71f1f44bf2f5929, findElement {using=link text, value=Edit your account information}]
Capabilities {acceptInsecureCerts: false, browserName: chrome, browserVersion: 112.0.5615.87, chrome: {chromedriverVersion: 112.0.5615.49 (bd2a7bcb881c..., userDataDir: C:\Users\RAFIAS~1\AppData\L...}, goog:chromeOptions: {debuggerAddress: localhost:55778}, networkConnectionEnabled: false, pageLoadStrategy: normal, platformName: WINDOWS, proxy: Proxy(), se:cdp: ws://localhost:55778/devtoo..., se:cdpVersion: 112.0.5615.87, setWindowRect: true, strictFileInteractability: false, timeouts: {implicit: 0, pageLoad: 300000, script: 30000}, unhandledPromptBehavior: dismiss and notify, webauthn:extension:credBlob: true, webauthn:extension:largeBlob: true, webauthn:extension:minPinLength: true, webauthn:extension:prf: true, webauthn:virtualAuthenticators: true}
Session ID: a5825033b832743da71f1f44bf2f5929
at org.openqa.selenium.remote.codec.w3c.W3CHttpResponseCodec.createException(W3CHttpResponseCodec.java:200)
at org.openqa.selenium.remote.codec.w3c.W3CHttpResponseCodec.decode(W3CHttpResponseCodec.java:133)
at org.openqa.selenium.remote.codec.w3c.W3CHttpResponseCodec.decode(W3CHttpResponseCodec.java:53)
at org.openqa.selenium.remote.HttpCommandExecutor.execute(HttpCommandExecutor.java:193)
at org.openqa.selenium.remote.service.DriverCommandExecutor.invokeExecute(DriverCommandExecutor.java:183)
at org.openqa.selenium.remote.service.DriverCommandExecutor.execute(DriverCommandExecutor.java:158)
at org.openqa.selenium.remote.RemoteWebDriver.execute(RemoteWebDriver.java:543)
at org.openqa.selenium.remote.ElementLocation$ElementFinder$2.findElement(ElementLocation.java:162)
at org.openqa.selenium.remote.ElementLocation.findElement(ElementLocation.java:60)
at org.openqa.selenium.remote.RemoteWebDriver.findElement(RemoteWebDriver.java:352)
at org.openqa.selenium.remote.RemoteWebDriver.findElement(RemoteWebDriver.java:344)
at org.openqa.selenium.support.pagefactory.DefaultElementLocator.findElement(DefaultElementLocator.java:70)
at org.openqa.selenium.support.pagefactory.internal.LocatingElementHandler.invoke(LocatingElementHandler.java:39)
at com.sun.proxy.$Proxy13.getText(Unknown Source)
at com.tutorials.ninja.qa.testpages.InsideOfLoginPage.editYourAccountInfoDisplayedOrNot(InsideOfLoginPage.java:48)
at com.tutorials.ninja.qa.testcases.LoginTest.verifyLoginUsingValidCredentials(LoginTest.java:49)
... Removed 33 stack frames]]>
    </failure>
  </testcase> <!-- verifyLoginUsingValidCredentials -->
  <testcase name="verifyLoginUsingValidCredentials" time="10.55" classname="com.tutorials.ninja.qa.testcases.LoginTest">
    <failure type="org.openqa.selenium.NoSuchElementException" message="no such element: Unable to locate element: {&amp;quot;method&amp;quot;:&amp;quot;link text&amp;quot;,&amp;quot;selector&amp;quot;:&amp;quot;Edit your account information&amp;quot;}
  (Session info: chrome=112.0.5615.87)
For documentation on this error, please visit: https://selenium.dev/exceptions/#no_such_element
Build info: version: &amp;apos;4.8.3&amp;apos;, revision: &amp;apos;e5e76298c3&amp;apos;
System info: os.name: &amp;apos;Windows 11&amp;apos;, os.arch: &amp;apos;amd64&amp;apos;, os.version: &amp;apos;10.0&amp;apos;, java.version: &amp;apos;1.8.0_341&amp;apos;
Driver info: org.openqa.selenium.chrome.ChromeDriver
Command: [aa3aac1f8a86229edf55ef6f3524119f, findElement {using=link text, value=Edit your account information}]
Capabilities {acceptInsecureCerts: false, browserName: chrome, browserVersion: 112.0.5615.87, chrome: {chromedriverVersion: 112.0.5615.49 (bd2a7bcb881c..., userDataDir: C:\Users\RAFIAS~1\AppData\L...}, goog:chromeOptions: {debuggerAddress: localhost:55800}, networkConnectionEnabled: false, pageLoadStrategy: normal, platformName: WINDOWS, proxy: Proxy(), se:cdp: ws://localhost:55800/devtoo..., se:cdpVersion: 112.0.5615.87, setWindowRect: true, strictFileInteractability: false, timeouts: {implicit: 0, pageLoad: 300000, script: 30000}, unhandledPromptBehavior: dismiss and notify, webauthn:extension:credBlob: true, webauthn:extension:largeBlob: true, webauthn:extension:minPinLength: true, webauthn:extension:prf: true, webauthn:virtualAuthenticators: true}
Session ID: aa3aac1f8a86229edf55ef6f3524119f">
      <![CDATA[org.openqa.selenium.NoSuchElementException: no such element: Unable to locate element: {"method":"link text","selector":"Edit your account information"}
  (Session info: chrome=112.0.5615.87)
For documentation on this error, please visit: https://selenium.dev/exceptions/#no_such_element
Build info: version: '4.8.3', revision: 'e5e76298c3'
System info: os.name: 'Windows 11', os.arch: 'amd64', os.version: '10.0', java.version: '1.8.0_341'
Driver info: org.openqa.selenium.chrome.ChromeDriver
Command: [aa3aac1f8a86229edf55ef6f3524119f, findElement {using=link text, value=Edit your account information}]
Capabilities {acceptInsecureCerts: false, browserName: chrome, browserVersion: 112.0.5615.87, chrome: {chromedriverVersion: 112.0.5615.49 (bd2a7bcb881c..., userDataDir: C:\Users\RAFIAS~1\AppData\L...}, goog:chromeOptions: {debuggerAddress: localhost:55800}, networkConnectionEnabled: false, pageLoadStrategy: normal, platformName: WINDOWS, proxy: Proxy(), se:cdp: ws://localhost:55800/devtoo..., se:cdpVersion: 112.0.5615.87, setWindowRect: true, strictFileInteractability: false, timeouts: {implicit: 0, pageLoad: 300000, script: 30000}, unhandledPromptBehavior: dismiss and notify, webauthn:extension:credBlob: true, webauthn:extension:largeBlob: true, webauthn:extension:minPinLength: true, webauthn:extension:prf: true, webauthn:virtualAuthenticators: true}
Session ID: aa3aac1f8a86229edf55ef6f3524119f
at org.openqa.selenium.remote.codec.w3c.W3CHttpResponseCodec.createException(W3CHttpResponseCodec.java:200)
at org.openqa.selenium.remote.codec.w3c.W3CHttpResponseCodec.decode(W3CHttpResponseCodec.java:133)
at org.openqa.selenium.remote.codec.w3c.W3CHttpResponseCodec.decode(W3CHttpResponseCodec.java:53)
at org.openqa.selenium.remote.HttpCommandExecutor.execute(HttpCommandExecutor.java:193)
at org.openqa.selenium.remote.service.DriverCommandExecutor.invokeExecute(DriverCommandExecutor.java:183)
at org.openqa.selenium.remote.service.DriverCommandExecutor.execute(DriverCommandExecutor.java:158)
at org.openqa.selenium.remote.RemoteWebDriver.execute(RemoteWebDriver.java:543)
at org.openqa.selenium.remote.ElementLocation$ElementFinder$2.findElement(ElementLocation.java:162)
at org.openqa.selenium.remote.ElementLocation.findElement(ElementLocation.java:60)
at org.openqa.selenium.remote.RemoteWebDriver.findElement(RemoteWebDriver.java:352)
at org.openqa.selenium.remote.RemoteWebDriver.findElement(RemoteWebDriver.java:344)
at org.openqa.selenium.support.pagefactory.DefaultElementLocator.findElement(DefaultElementLocator.java:70)
at org.openqa.selenium.support.pagefactory.internal.LocatingElementHandler.invoke(LocatingElementHandler.java:39)
at com.sun.proxy.$Proxy13.getText(Unknown Source)
at com.tutorials.ninja.qa.testpages.InsideOfLoginPage.editYourAccountInfoDisplayedOrNot(InsideOfLoginPage.java:48)
at com.tutorials.ninja.qa.testcases.LoginTest.verifyLoginUsingValidCredentials(LoginTest.java:49)
... Removed 33 stack frames]]>
    </failure>
  </testcase> <!-- verifyLoginUsingValidCredentials -->
  <testcase name="verifyLoginUsingValidCredentials" time="0.875" classname="com.tutorials.ninja.qa.testcases.LoginTest"/>
  <testcase name="verifyLoginUsingValidCredentials" time="10.581" classname="com.tutorials.ninja.qa.testcases.LoginTest">
    <failure type="org.openqa.selenium.NoSuchElementException" message="no such element: Unable to locate element: {&amp;quot;method&amp;quot;:&amp;quot;link text&amp;quot;,&amp;quot;selector&amp;quot;:&amp;quot;Edit your account information&amp;quot;}
  (Session info: chrome=112.0.5615.87)
For documentation on this error, please visit: https://selenium.dev/exceptions/#no_such_element
Build info: version: &amp;apos;4.8.3&amp;apos;, revision: &amp;apos;e5e76298c3&amp;apos;
System info: os.name: &amp;apos;Windows 11&amp;apos;, os.arch: &amp;apos;amd64&amp;apos;, os.version: &amp;apos;10.0&amp;apos;, java.version: &amp;apos;1.8.0_341&amp;apos;
Driver info: org.openqa.selenium.chrome.ChromeDriver
Command: [6f0458c47e83a03f9aef4ca3a1a30711, findElement {using=link text, value=Edit your account information}]
Capabilities {acceptInsecureCerts: false, browserName: chrome, browserVersion: 112.0.5615.87, chrome: {chromedriverVersion: 112.0.5615.49 (bd2a7bcb881c..., userDataDir: C:\Users\RAFIAS~1\AppData\L...}, goog:chromeOptions: {debuggerAddress: localhost:55844}, networkConnectionEnabled: false, pageLoadStrategy: normal, platformName: WINDOWS, proxy: Proxy(), se:cdp: ws://localhost:55844/devtoo..., se:cdpVersion: 112.0.5615.87, setWindowRect: true, strictFileInteractability: false, timeouts: {implicit: 0, pageLoad: 300000, script: 30000}, unhandledPromptBehavior: dismiss and notify, webauthn:extension:credBlob: true, webauthn:extension:largeBlob: true, webauthn:extension:minPinLength: true, webauthn:extension:prf: true, webauthn:virtualAuthenticators: true}
Session ID: 6f0458c47e83a03f9aef4ca3a1a30711">
      <![CDATA[org.openqa.selenium.NoSuchElementException: no such element: Unable to locate element: {"method":"link text","selector":"Edit your account information"}
  (Session info: chrome=112.0.5615.87)
For documentation on this error, please visit: https://selenium.dev/exceptions/#no_such_element
Build info: version: '4.8.3', revision: 'e5e76298c3'
System info: os.name: 'Windows 11', os.arch: 'amd64', os.version: '10.0', java.version: '1.8.0_341'
Driver info: org.openqa.selenium.chrome.ChromeDriver
Command: [6f0458c47e83a03f9aef4ca3a1a30711, findElement {using=link text, value=Edit your account information}]
Capabilities {acceptInsecureCerts: false, browserName: chrome, browserVersion: 112.0.5615.87, chrome: {chromedriverVersion: 112.0.5615.49 (bd2a7bcb881c..., userDataDir: C:\Users\RAFIAS~1\AppData\L...}, goog:chromeOptions: {debuggerAddress: localhost:55844}, networkConnectionEnabled: false, pageLoadStrategy: normal, platformName: WINDOWS, proxy: Proxy(), se:cdp: ws://localhost:55844/devtoo..., se:cdpVersion: 112.0.5615.87, setWindowRect: true, strictFileInteractability: false, timeouts: {implicit: 0, pageLoad: 300000, script: 30000}, unhandledPromptBehavior: dismiss and notify, webauthn:extension:credBlob: true, webauthn:extension:largeBlob: true, webauthn:extension:minPinLength: true, webauthn:extension:prf: true, webauthn:virtualAuthenticators: true}
Session ID: 6f0458c47e83a03f9aef4ca3a1a30711
at org.openqa.selenium.remote.codec.w3c.W3CHttpResponseCodec.createException(W3CHttpResponseCodec.java:200)
at org.openqa.selenium.remote.codec.w3c.W3CHttpResponseCodec.decode(W3CHttpResponseCodec.java:133)
at org.openqa.selenium.remote.codec.w3c.W3CHttpResponseCodec.decode(W3CHttpResponseCodec.java:53)
at org.openqa.selenium.remote.HttpCommandExecutor.execute(HttpCommandExecutor.java:193)
at org.openqa.selenium.remote.service.DriverCommandExecutor.invokeExecute(DriverCommandExecutor.java:183)
at org.openqa.selenium.remote.service.DriverCommandExecutor.execute(DriverCommandExecutor.java:158)
at org.openqa.selenium.remote.RemoteWebDriver.execute(RemoteWebDriver.java:543)
at org.openqa.selenium.remote.ElementLocation$ElementFinder$2.findElement(ElementLocation.java:162)
at org.openqa.selenium.remote.ElementLocation.findElement(ElementLocation.java:60)
at org.openqa.selenium.remote.RemoteWebDriver.findElement(RemoteWebDriver.java:352)
at org.openqa.selenium.remote.RemoteWebDriver.findElement(RemoteWebDriver.java:344)
at org.openqa.selenium.support.pagefactory.DefaultElementLocator.findElement(DefaultElementLocator.java:70)
at org.openqa.selenium.support.pagefactory.internal.LocatingElementHandler.invoke(LocatingElementHandler.java:39)
at com.sun.proxy.$Proxy13.getText(Unknown Source)
at com.tutorials.ninja.qa.testpages.InsideOfLoginPage.editYourAccountInfoDisplayedOrNot(InsideOfLoginPage.java:48)
at com.tutorials.ninja.qa.testcases.LoginTest.verifyLoginUsingValidCredentials(LoginTest.java:49)
... Removed 33 stack frames]]>
    </failure>
  </testcase> <!-- verifyLoginUsingValidCredentials -->
  <testcase name="verifyRegisterAnAccountWithOnlyMandatoryFields" time="1.146" classname="com.tutorials.ninja.qa.testcases.RegisterTest"/>
  <testcase name="verifySearchBoxIsClickable" time="0.017" classname="com.tutorials.ninja.qa.testcases.SearchProductTest"/>
  <testcase name="verifyLoginUsingInvalidCredentials" time="0.629" classname="com.tutorials.ninja.qa.testcases.LoginTest"/>
  <testcase name="verifyRegisterAnAccountByProvidingAllFields" time="1.196" classname="com.tutorials.ninja.qa.testcases.RegisterTest"/>
  <testcase name="verifySearchWithExistingProductName" time="0.673" classname="com.tutorials.ninja.qa.testcases.SearchProductTest"/>
  <testcase name="verifyLoginUsingInvalidEmailandValidPassword" time="0.607" classname="com.tutorials.ninja.qa.testcases.LoginTest"/>
  <testcase name="verifyRegisterWithOnlyFirstName" time="0.565" classname="com.tutorials.ninja.qa.testcases.RegisterTest"/>
  <testcase name="verifySearchWithANonExistingProductName" time="0.473" classname="com.tutorials.ninja.qa.testcases.SearchProductTest"/>
  <testcase name="verifyLoginUsingValidEmailandInvalidPassword" time="0.555" classname="com.tutorials.ninja.qa.testcases.LoginTest"/>
  <testcase name="verifyRegisterWithOnlyFirstAndLastName" time="0.622" classname="com.tutorials.ninja.qa.testcases.RegisterTest"/>
  <testcase name="verifySearchWithoutProvidingAnything" time="0.411" classname="com.tutorials.ninja.qa.testcases.SearchProductTest"/>
  <testcase name="verifyLoginUsingBlankEmailandValidPassword" time="0.455" classname="com.tutorials.ninja.qa.testcases.LoginTest"/>
  <testcase name="verifyRegisterUptoEmail" time="0.751" classname="com.tutorials.ninja.qa.testcases.RegisterTest"/>
  <testcase name="verifySearchProductAfterLogin" time="1.945" classname="com.tutorials.ninja.qa.testcases.SearchProductTest"/>
  <testcase name="verifyLoginUsingValidEmailandBlankPassword" time="0.487" classname="com.tutorials.ninja.qa.testcases.LoginTest"/>
  <testcase name="verifyRegisterUptoTelePhoneNumber" time="0.799" classname="com.tutorials.ninja.qa.testcases.RegisterTest"/>
  <testcase name="verifyProperLogoutAfterSearchingForProduct" time="2.582" classname="com.tutorials.ninja.qa.testcases.SearchProductTest"/>
  <testcase name="verifyLoginUsingBlankCredentials" time="0.416" classname="com.tutorials.ninja.qa.testcases.LoginTest"/>
  <testcase name="verifyRegisterUptoPassword" time="0.87" classname="com.tutorials.ninja.qa.testcases.RegisterTest"/>
  <testcase name="verifyCorrectResultsAreDisplayedAfterASearch" time="0.646" classname="com.tutorials.ninja.qa.testcases.SearchProductTest"/>
  <testcase name="verifyLoginUsingInactiveCredentials" time="0.544" classname="com.tutorials.ninja.qa.testcases.LoginTest"/>
  <testcase name="verifyRegisterWithoutCheckingPrivacyPolicy" time="0.911" classname="com.tutorials.ninja.qa.testcases.RegisterTest"/>
  <testcase name="verifySearchWithSpecialCharacter" time="0.507" classname="com.tutorials.ninja.qa.testcases.SearchProductTest"/>
  <testcase name="verifyWorkingOfForgetPasswordLink" time="0.402" classname="com.tutorials.ninja.qa.testcases.LoginTest"/>
  <testcase name="verifyRegisterByEnteringDifferentPasswordForThePasswordFields" time="0.939" classname="com.tutorials.ninja.qa.testcases.RegisterTest"/>
  <testcase name="verifySearchWhenTheSearchTermIsMisspelled" time="0.734" classname="com.tutorials.ninja.qa.testcases.SearchProductTest"/>
  <testcase name="verifyLoginIntoApplicationAndBrowsingBackWithoutBeingLoggedOut" time="0.85" classname="com.tutorials.ninja.qa.testcases.LoginTest"/>
  <testcase name="verifyRegisterSubscribedYes" time="1.206" classname="com.tutorials.ninja.qa.testcases.RegisterTest"/>
  <testcase name="verifySearchByProvidingASearchCriteriaThatResultsInMultipleProducts" time="0.684" classname="com.tutorials.ninja.qa.testcases.SearchProductTest"/>
  <testcase name="verifyNumberOfUnsuccessfulLoginAttempts" time="0.553" classname="com.tutorials.ninja.qa.testcases.LoginTest">
    <failure type="java.lang.AssertionError" message="The following asserts failed:
	Warning message does not match did not expect to find [true] but found [false]">
      <![CDATA[java.lang.AssertionError: The following asserts failed:
Warning message does not match did not expect to find [true] but found [false]
at com.tutorials.ninja.qa.testcases.LoginTest.verifyNumberOfUnsuccessfulLoginAttempts(LoginTest.java:179)
... Removed 30 stack frames]]>
    </failure>
  </testcase> <!-- verifyNumberOfUnsuccessfulLoginAttempts -->
  <testcase name="verifyNumberOfUnsuccessfulLoginAttempts" time="0.577" classname="com.tutorials.ninja.qa.testcases.LoginTest">
    <failure type="java.lang.AssertionError" message="The following asserts failed:
	Warning message does not match did not expect to find [true] but found [false]">
      <![CDATA[java.lang.AssertionError: The following asserts failed:
Warning message does not match did not expect to find [true] but found [false]
at com.tutorials.ninja.qa.testcases.LoginTest.verifyNumberOfUnsuccessfulLoginAttempts(LoginTest.java:179)
... Removed 30 stack frames]]>
    </failure>
  </testcase> <!-- verifyNumberOfUnsuccessfulLoginAttempts -->
  <testcase name="verifyNumberOfUnsuccessfulLoginAttempts" time="0.53" classname="com.tutorials.ninja.qa.testcases.LoginTest">
    <failure type="java.lang.AssertionError" message="The following asserts failed:
	Warning message does not match did not expect to find [true] but found [false]">
      <![CDATA[java.lang.AssertionError: The following asserts failed:
Warning message does not match did not expect to find [true] but found [false]
at com.tutorials.ninja.qa.testcases.LoginTest.verifyNumberOfUnsuccessfulLoginAttempts(LoginTest.java:179)
... Removed 30 stack frames]]>
    </failure>
  </testcase> <!-- verifyNumberOfUnsuccessfulLoginAttempts -->
  <testcase name="verifyNumberOfUnsuccessfulLoginAttempts" time="0.548" classname="com.tutorials.ninja.qa.testcases.LoginTest">
    <failure type="java.lang.AssertionError" message="The following asserts failed:
	Warning message does not match did not expect to find [true] but found [false]">
      <![CDATA[java.lang.AssertionError: The following asserts failed:
Warning message does not match did not expect to find [true] but found [false]
at com.tutorials.ninja.qa.testcases.LoginTest.verifyNumberOfUnsuccessfulLoginAttempts(LoginTest.java:179)
... Removed 30 stack frames]]>
    </failure>
  </testcase> <!-- verifyNumberOfUnsuccessfulLoginAttempts -->
  <testcase name="verifyNumberOfUnsuccessfulLoginAttempts" time="0.547" classname="com.tutorials.ninja.qa.testcases.LoginTest">
    <failure type="java.lang.AssertionError" message="The following asserts failed:
	Warning message does not match did not expect to find [true] but found [false]">
      <![CDATA[java.lang.AssertionError: The following asserts failed:
Warning message does not match did not expect to find [true] but found [false]
at com.tutorials.ninja.qa.testcases.LoginTest.verifyNumberOfUnsuccessfulLoginAttempts(LoginTest.java:179)
... Removed 30 stack frames]]>
    </failure>
  </testcase> <!-- verifyNumberOfUnsuccessfulLoginAttempts -->
  <testcase name="verifyNumberOfUnsuccessfulLoginAttempts" time="0.568" classname="com.tutorials.ninja.qa.testcases.LoginTest">
    <failure type="java.lang.AssertionError" message="The following asserts failed:
	Warning message does not match did not expect to find [true] but found [false]">
      <![CDATA[java.lang.AssertionError: The following asserts failed:
Warning message does not match did not expect to find [true] but found [false]
at com.tutorials.ninja.qa.testcases.LoginTest.verifyNumberOfUnsuccessfulLoginAttempts(LoginTest.java:179)
... Removed 30 stack frames]]>
    </failure>
  </testcase> <!-- verifyNumberOfUnsuccessfulLoginAttempts -->
  <testcase name="verifyRegisterSubscribedNo" time="1.164" classname="com.tutorials.ninja.qa.testcases.RegisterTest"/>
  <testcase name="verifySearchWithExtraSpacesBetweenLetters" time="0.754" classname="com.tutorials.ninja.qa.testcases.SearchProductTest"/>
  <testcase name="verifyNavigationToDifferentPagesFromLoginPage" time="0.851" classname="com.tutorials.ninja.qa.testcases.LoginTest">
    <failure type="java.lang.AssertionError" message="The following asserts failed:
	Warning message does not match did not expect to find [true] but found [false]">
      <![CDATA[java.lang.AssertionError: The following asserts failed:
Warning message does not match did not expect to find [true] but found [false]
at com.tutorials.ninja.qa.testcases.LoginTest.verifyNavigationToDifferentPagesFromLoginPage(LoginTest.java:194)
... Removed 30 stack frames]]>
    </failure>
  </testcase> <!-- verifyNavigationToDifferentPagesFromLoginPage -->
  <testcase name="verifyRegisterUsingExistingEmail" time="0.853" classname="com.tutorials.ninja.qa.testcases.RegisterTest"/>
  <testcase name="verifySearchWithAllUppercase" time="0.648" classname="com.tutorials.ninja.qa.testcases.SearchProductTest"/>
  <testcase name="verifyOpeningOfLoginPageInANewTab" time="0.559" classname="com.tutorials.ninja.qa.testcases.LoginTest"/>
  <testcase name="verifyRegisterUsingMoreThan32NumbersForTelePhoneNumber" time="0.899" classname="com.tutorials.ninja.qa.testcases.RegisterTest"/>
  <testcase name="verifySearchWithAllLowercase" time="0.666" classname="com.tutorials.ninja.qa.testcases.SearchProductTest"/>
  <testcase name="verifyOpeningOfLoginPageInANewWindow" time="1.119" classname="com.tutorials.ninja.qa.testcases.LoginTest"/>
  <testcase name="verifyRegisterAnAccountWithoutFillingAnything" time="0.493" classname="com.tutorials.ninja.qa.testcases.RegisterTest"/>
  <testcase name="verifySearchWithMixedUppercaseAndlowercase" time="0.673" classname="com.tutorials.ninja.qa.testcases.SearchProductTest"/>
  <testcase name="verifyProperLogoutAfterLogin" time="1.481" classname="com.tutorials.ninja.qa.testcases.LoginTest">
    <failure type="java.lang.AssertionError" message="The following asserts failed:
	Warning message does not match did not expect to find [true] but found [false]">
      <![CDATA[java.lang.AssertionError: The following asserts failed:
Warning message does not match did not expect to find [true] but found [false]
at com.tutorials.ninja.qa.testcases.LoginTest.verifyProperLogoutAfterLogin(LoginTest.java:234)
... Removed 30 stack frames]]>
    </failure>
  </testcase> <!-- verifyProperLogoutAfterLogin -->
  <testcase name="verifyRegisterUsingMoreThan32CharactersForFirstName" time="0.926" classname="com.tutorials.ninja.qa.testcases.RegisterTest"/>
  <testcase name="verifySearchingForProductAfterLogout" time="2.656" classname="com.tutorials.ninja.qa.testcases.SearchProductTest"/>
  <testcase name="verifyUpdatingThePassword" time="1.991" classname="com.tutorials.ninja.qa.testcases.LoginTest"/>
  <testcase name="verifyRegisterUsingMoreThan32CharactersForLastName" time="0.905" classname="com.tutorials.ninja.qa.testcases.RegisterTest"/>
  <testcase name="verifySearchingForProductUsingTheENTERkey" time="0.624" classname="com.tutorials.ninja.qa.testcases.SearchProductTest"/>
  <testcase name="verifyProperLogoutAfterUpdatingThePassword" time="2.661" classname="com.tutorials.ninja.qa.testcases.LoginTest">
    <failure type="java.lang.AssertionError" message="The following asserts failed:
	Warning message does not match did not expect to find [true] but found [false]">
      <![CDATA[java.lang.AssertionError: The following asserts failed:
Warning message does not match did not expect to find [true] but found [false]
at com.tutorials.ninja.qa.testcases.LoginTest.verifyProperLogoutAfterUpdatingThePassword(LoginTest.java:285)
... Removed 30 stack frames]]>
    </failure>
  </testcase> <!-- verifyProperLogoutAfterUpdatingThePassword -->
  <testcase name="verifyRegisterUsingMoreThan20CharactersForPassword" time="0.907" classname="com.tutorials.ninja.qa.testcases.RegisterTest"/>
  <testcase name="verifyWorkingOfTABkeyWhenLookingForProducts" time="6.026" classname="com.tutorials.ninja.qa.testcases.SearchProductTest"/>
  <testcase name="verifyLoginWithNewPasswordAfterUpdatingThePassword" time="3.73" classname="com.tutorials.ninja.qa.testcases.LoginTest">
    <failure type="java.lang.AssertionError" message="The following asserts failed:
	Warning message does not match did not expect to find [true] but found [false]">
      <![CDATA[java.lang.AssertionError: The following asserts failed:
Warning message does not match did not expect to find [true] but found [false]
at com.tutorials.ninja.qa.testcases.LoginTest.verifyLoginWithNewPasswordAfterUpdatingThePassword(LoginTest.java:324)
... Removed 30 stack frames]]>
    </failure>
  </testcase> <!-- verifyLoginWithNewPasswordAfterUpdatingThePassword -->
  <testcase name="verifyRegisterUsingLessThan4CharactersForPassword" time="0.871" classname="com.tutorials.ninja.qa.testcases.RegisterTest"/>
  <testcase name="verifyClickingOnDesktopsLink" time="0.083" classname="com.tutorials.ninja.qa.testcases.SearchProductTest"/>
  <testcase name="verifyLoginPressingTheEnterKeyOfKeyboard" time="0.805" classname="com.tutorials.ninja.qa.testcases.LoginTest">
    <failure type="java.lang.AssertionError" message="The following asserts failed:
	Warning message does not match did not expect to find [true] but found [false]">
      <![CDATA[java.lang.AssertionError: The following asserts failed:
Warning message does not match did not expect to find [true] but found [false]
at com.tutorials.ninja.qa.testcases.LoginTest.verifyLoginPressingTheEnterKeyOfKeyboard(LoginTest.java:338)
... Removed 30 stack frames]]>
    </failure>
  </testcase> <!-- verifyLoginPressingTheEnterKeyOfKeyboard -->
  <testcase name="verifyRegisterUsingLessThan3NumbersForTelePhoneNumber" time="0.861" classname="com.tutorials.ninja.qa.testcases.RegisterTest"/>
  <testcase name="verifyClickingOnLaptopsAndNotebooksLink" time="0.089" classname="com.tutorials.ninja.qa.testcases.SearchProductTest"/>
  <testcase name="verifyWorkingOfBackspaceKeyOnLoginPage" time="0.568" classname="com.tutorials.ninja.qa.testcases.LoginTest">
    <failure type="java.lang.AssertionError" message="The following asserts failed:
	Warning message does not match did not expect to find [true] but found [false]">
      <![CDATA[java.lang.AssertionError: The following asserts failed:
Warning message does not match did not expect to find [true] but found [false]
at com.tutorials.ninja.qa.testcases.LoginTest.verifyWorkingOfBackspaceKeyOnLoginPage(LoginTest.java:352)
... Removed 30 stack frames]]>
    </failure>
  </testcase> <!-- verifyWorkingOfBackspaceKeyOnLoginPage -->
  <testcase name="verifyOpeningOfRegisterPageInANewTab" time="0.541" classname="com.tutorials.ninja.qa.testcases.RegisterTest"/>
  <testcase name="verifyClickingOnComponentsLink" time="0.079" classname="com.tutorials.ninja.qa.testcases.SearchProductTest"/>
  <testcase name="verifyNavigationTOcommandInLoginPage" time="0.774" classname="com.tutorials.ninja.qa.testcases.LoginTest"/>
  <testcase name="verifyOpeningOfRegisterPageInANewWindow" time="1.082" classname="com.tutorials.ninja.qa.testcases.RegisterTest"/>
  <testcase name="verifyClickingOnTabletsLink" time="0.65" classname="com.tutorials.ninja.qa.testcases.SearchProductTest"/>
  <testcase name="verifyNavigationBACKcommandInLoginPage" time="1.72" classname="com.tutorials.ninja.qa.testcases.LoginTest"/>
  <testcase name="verifyLoginAfterRegistration" time="1.59" classname="com.tutorials.ninja.qa.testcases.RegisterTest"/>
  <testcase name="verifyClickingOnSoftwareLink" time="0.625" classname="com.tutorials.ninja.qa.testcases.SearchProductTest"/>
  <testcase name="verifyNavigationFORWARDcommandOfLoginPage" time="0.127" classname="com.tutorials.ninja.qa.testcases.LoginTest"/>
  <testcase name="verifyProperLogoutAfterRegistration" time="2.231" classname="com.tutorials.ninja.qa.testcases.RegisterTest"/>
  <testcase name="verifyClickingOnPhonesAndPDAsLink" time="1.178" classname="com.tutorials.ninja.qa.testcases.SearchProductTest"/>
  <testcase name="verifyNavigationREFRESHcommandInLoginPage" time="0.41" classname="com.tutorials.ninja.qa.testcases.LoginTest"/>
  <testcase name="verifyENTERKeyOfKeyboardWorksOnRegistrationPage" time="1.159" classname="com.tutorials.ninja.qa.testcases.RegisterTest"/>
  <testcase name="verifyClickingOnCamerasLink" time="0.726" classname="com.tutorials.ninja.qa.testcases.SearchProductTest"/>
  <testcase name="verifyTabKeyOfTheKeyboardWorksOnLoginPage" time="0.808" classname="com.tutorials.ninja.qa.testcases.LoginTest">
    <failure type="java.lang.AssertionError" message="The following asserts failed:
	Warning message does not match did not expect to find [true] but found [false]">
      <![CDATA[java.lang.AssertionError: The following asserts failed:
Warning message does not match did not expect to find [true] but found [false]
at com.tutorials.ninja.qa.testcases.LoginTest.verifyTabKeyOfTheKeyboardWorksOnLoginPage(LoginTest.java:395)
... Removed 30 stack frames]]>
    </failure>
  </testcase> <!-- verifyTabKeyOfTheKeyboardWorksOnLoginPage -->
  <testcase name="verifyBACKSPACEofKeyboardWorksInRegisterPage" time="0.084" classname="com.tutorials.ninja.qa.testcases.RegisterTest"/>
  <testcase name="verifyClickingOnMP3PlayersLink" time="0.08" classname="com.tutorials.ninja.qa.testcases.SearchProductTest"/>
  <testcase name="verifyCopyAndPasteWorksOnRegisterPage" time="0.161" classname="com.tutorials.ninja.qa.testcases.RegisterTest"/>
  <testcase name="verifyClickingOnDesktopsSublinkPC" time="3.278" classname="com.tutorials.ninja.qa.testcases.SearchProductTest"/>
  <testcase name="verifyNavigateTOcommandInRegisterPage" time="0.73" classname="com.tutorials.ninja.qa.testcases.RegisterTest"/>
  <testcase name="verifyClickingOnDesktopsSublinkMac" time="0.704" classname="com.tutorials.ninja.qa.testcases.SearchProductTest"/>
  <testcase name="verifyNavigateBACKcommandInRegisterPage" time="0.733" classname="com.tutorials.ninja.qa.testcases.RegisterTest"/>
  <testcase name="verifyClickingOnDesktopsSublinkShowAllDesktops" time="0.949" classname="com.tutorials.ninja.qa.testcases.SearchProductTest"/>
  <testcase name="verifyNavigationFORWARDcommandInRegisterPage" time="0.095" classname="com.tutorials.ninja.qa.testcases.RegisterTest"/>
  <testcase name="verifyClickingOnLaptopsAndNotebooksSublinkMacs" time="0.651" classname="com.tutorials.ninja.qa.testcases.SearchProductTest"/>
  <testcase name="verifyNavigationREFRESHcommandInRegisterPage" time="0.799" classname="com.tutorials.ninja.qa.testcases.RegisterTest"/>
  <testcase name="verifyClickingOnLaptopsAndNotebooksSublinkWindows" time="0.683" classname="com.tutorials.ninja.qa.testcases.SearchProductTest"/>
  <testcase name="verifyWorkingOfTABkeyOfKeyBoardInRegistrationPage" time="1.066" classname="com.tutorials.ninja.qa.testcases.RegisterTest"/>
  <testcase name="verifyClickingOnLaptopsAndNotebooksSublinkShowAll" time="0.69" classname="com.tutorials.ninja.qa.testcases.SearchProductTest"/>
  <testcase name="verifyClickingOnComponentsSublinkMiceAndTrackballs" time="0.733" classname="com.tutorials.ninja.qa.testcases.SearchProductTest"/>
  <testcase name="verifyClickingOnComponentsSublinkMonitor" time="0.69" classname="com.tutorials.ninja.qa.testcases.SearchProductTest"/>
  <testcase name="verifyClickingOnComponentsSublinkPrinters" time="0.674" classname="com.tutorials.ninja.qa.testcases.SearchProductTest"/>
  <testcase name="verifyClickingOnComponentsSublinkScanners" time="0.668" classname="com.tutorials.ninja.qa.testcases.SearchProductTest"/>
  <testcase name="verifyClickingOnComponentsSublinkWebCameras" time="0.693" classname="com.tutorials.ninja.qa.testcases.SearchProductTest"/>
  <testcase name="verifyClickingOnComponentsSublinkShowAllComponents" time="0.0" classname="com.tutorials.ninja.qa.testcases.SearchProductTest">
    <skipped/>
  </testcase> <!-- verifyClickingOnComponentsSublinkShowAllComponents -->
  <testcase name="verifyClickingOnMP3PlayersSublinkShowAllMP3Players" time="0.0" classname="com.tutorials.ninja.qa.testcases.SearchProductTest">
    <skipped/>
  </testcase> <!-- verifyClickingOnMP3PlayersSublinkShowAllMP3Players -->
</testsuite> <!-- Tutorials Ninja Test Cases -->
