<html>
<head>
<title>TestNG:  Tutorials Ninja Test Cases</title>
<link href="../testng.css" rel="stylesheet" type="text/css" />
<link href="../my-testng.css" rel="stylesheet" type="text/css" />

<style type="text/css">
.log { display: none;} 
.stack-trace { display: none;} 
</style>
<script type="text/javascript">
<!--
function flip(e) {
  current = e.style.display;
  if (current == 'block') {
    e.style.display = 'none';
    return 0;
  }
  else {
    e.style.display = 'block';
    return 1;
  }
}

function toggleBox(szDivId, elem, msg1, msg2)
{
  var res = -1;  if (document.getElementById) {
    res = flip(document.getElementById(szDivId));
  }
  else if (document.all) {
    // this is the way old msie versions work
    res = flip(document.all[szDivId]);
  }
  if(elem) {
    if(res == 0) elem.innerHTML = msg1; else elem.innerHTML = msg2;
  }

}

function toggleAllBoxes() {
  if (document.getElementsByTagName) {
    d = document.getElementsByTagName('div');
    for (i = 0; i < d.length; i++) {
      if (d[i].className == 'log') {
        flip(d[i]);
      }
    }
  }
}

// -->
</script>

</head>
<body>
<h2 align='center'>Tutorials Ninja Test Cases</h2><table border='1' align="center">
<tr>
<td>Tests passed/Failed/Skipped:</td><td>84/16/2</td>
</tr><tr>
<td>Started on:</td><td>Thu Apr 27 23:06:45 EDT 2023</td>
</tr>
<tr><td>Total time:</td><td>679 seconds (679294 ms)</td>
</tr><tr>
<td>Included groups:</td><td></td>
</tr><tr>
<td>Excluded groups:</td><td></td>
</tr>
</table><p/>
<small><i>(Hover the method name to see the test class name)</i></small><p/>
<table width='100%' border='1' class='invocation-failed'>
<tr><td colspan='4' align='center'><b>FAILED CONFIGURATIONS</b></td></tr>
<tr><td><b>Test method</b></td>
<td width="30%"><b>Exception</b></td>
<td width="10%"><b>Time (seconds)</b></td>
<td><b>Instance</b></td>
</tr>
<tr>
<td title='com.tutorials.ninja.qa.testcases.SearchProductTest.setUp()'><b>setUp</b><br>Test class: com.tutorials.ninja.qa.testcases.SearchProductTest</td>
<td><div><pre>org.openqa.selenium.TimeoutException: timeout: Timed out receiving message from renderer: -0.007
  (Session info: chrome=112.0.5615.87)
Build info: version: &apos;4.8.3&apos;, revision: &apos;e5e76298c3&apos;
System info: os.name: &apos;Windows 11&apos;, os.arch: &apos;amd64&apos;, os.version: &apos;10.0&apos;, java.version: &apos;1.8.0_341&apos;
Driver info: org.openqa.selenium.chrome.ChromeDriver
Command: [f8a8b87a5027b0d35e18b9e0b4d744da, get {url=http://tutorialsninja.com/demo}]
Capabilities {acceptInsecureCerts: false, browserName: chrome, browserVersion: 112.0.5615.87, chrome: {chromedriverVersion: 112.0.5615.49 (bd2a7bcb881c..., userDataDir: C:\Users\RAFIAS~1\AppData\L...}, goog:chromeOptions: {debuggerAddress: localhost:58060}, networkConnectionEnabled: false, pageLoadStrategy: normal, platformName: WINDOWS, proxy: Proxy(), se:cdp: ws://localhost:58060/devtoo..., se:cdpVersion: 112.0.5615.87, setWindowRect: true, strictFileInteractability: false, timeouts: {implicit: 0, pageLoad: 300000, script: 30000}, unhandledPromptBehavior: dismiss and notify, webauthn:extension:credBlob: true, webauthn:extension:largeBlob: true, webauthn:extension:minPinLength: true, webauthn:extension:prf: true, webauthn:virtualAuthenticators: true}
Session ID: f8a8b87a5027b0d35e18b9e0b4d744da
	at org.openqa.selenium.remote.codec.w3c.W3CHttpResponseCodec.createException(W3CHttpResponseCodec.java:200)
	at org.openqa.selenium.remote.codec.w3c.W3CHttpResponseCodec.decode(W3CHttpResponseCodec.java:133)
	at org.openqa.selenium.remote.codec.w3c.W3CHttpResponseCodec.decode(W3CHttpResponseCodec.java:53)
	at org.openqa.selenium.remote.HttpCommandExecutor.execute(HttpCommandExecutor.java:193)
	at org.openqa.selenium.remote.service.DriverCommandExecutor.invokeExecute(DriverCommandExecutor.java:183)
	at org.openqa.selenium.remote.service.DriverCommandExecutor.execute(DriverCommandExecutor.java:158)
	at org.openqa.selenium.remote.RemoteWebDriver.execute(RemoteWebDriver.java:543)
	at org.openqa.selenium.remote.RemoteWebDriver.get(RemoteWebDriver.java:297)
	at com.tutorials.ninja.qa.testbase.TestBase.initializeBrowserAndOpenApplication(TestBase.java:54)
	at com.tutorials.ninja.qa.testcases.SearchProductTest.setUp(SearchProductTest.java:36)
... Removed 35 stack frames</pre></div><a href='#' onClick='toggleBox("stack-trace1061226313", this, "Click to show all stack frames", "Click to hide stack frames")'>Click to show all stack frames</a>
<div class='stack-trace' id='stack-trace1061226313'><pre>org.openqa.selenium.TimeoutException: timeout: Timed out receiving message from renderer: -0.007
  (Session info: chrome=112.0.5615.87)
Build info: version: &apos;4.8.3&apos;, revision: &apos;e5e76298c3&apos;
System info: os.name: &apos;Windows 11&apos;, os.arch: &apos;amd64&apos;, os.version: &apos;10.0&apos;, java.version: &apos;1.8.0_341&apos;
Driver info: org.openqa.selenium.chrome.ChromeDriver
Command: [f8a8b87a5027b0d35e18b9e0b4d744da, get {url=http://tutorialsninja.com/demo}]
Capabilities {acceptInsecureCerts: false, browserName: chrome, browserVersion: 112.0.5615.87, chrome: {chromedriverVersion: 112.0.5615.49 (bd2a7bcb881c..., userDataDir: C:\Users\RAFIAS~1\AppData\L...}, goog:chromeOptions: {debuggerAddress: localhost:58060}, networkConnectionEnabled: false, pageLoadStrategy: normal, platformName: WINDOWS, proxy: Proxy(), se:cdp: ws://localhost:58060/devtoo..., se:cdpVersion: 112.0.5615.87, setWindowRect: true, strictFileInteractability: false, timeouts: {implicit: 0, pageLoad: 300000, script: 30000}, unhandledPromptBehavior: dismiss and notify, webauthn:extension:credBlob: true, webauthn:extension:largeBlob: true, webauthn:extension:minPinLength: true, webauthn:extension:prf: true, webauthn:virtualAuthenticators: true}
Session ID: f8a8b87a5027b0d35e18b9e0b4d744da
	at sun.reflect.NativeConstructorAccessorImpl.newInstance0(Native Method)
	at sun.reflect.NativeConstructorAccessorImpl.newInstance(NativeConstructorAccessorImpl.java:62)
	at sun.reflect.DelegatingConstructorAccessorImpl.newInstance(DelegatingConstructorAccessorImpl.java:45)
	at java.lang.reflect.Constructor.newInstance(Constructor.java:423)
	at org.openqa.selenium.remote.codec.w3c.W3CHttpResponseCodec.createException(W3CHttpResponseCodec.java:200)
	at org.openqa.selenium.remote.codec.w3c.W3CHttpResponseCodec.decode(W3CHttpResponseCodec.java:133)
	at org.openqa.selenium.remote.codec.w3c.W3CHttpResponseCodec.decode(W3CHttpResponseCodec.java:53)
	at org.openqa.selenium.remote.HttpCommandExecutor.execute(HttpCommandExecutor.java:193)
	at org.openqa.selenium.remote.service.DriverCommandExecutor.invokeExecute(DriverCommandExecutor.java:183)
	at org.openqa.selenium.remote.service.DriverCommandExecutor.execute(DriverCommandExecutor.java:158)
	at org.openqa.selenium.remote.RemoteWebDriver.execute(RemoteWebDriver.java:543)
	at org.openqa.selenium.remote.RemoteWebDriver.get(RemoteWebDriver.java:297)
	at com.tutorials.ninja.qa.testbase.TestBase.initializeBrowserAndOpenApplication(TestBase.java:54)
	at com.tutorials.ninja.qa.testcases.SearchProductTest.setUp(SearchProductTest.java:36)
	at sun.reflect.GeneratedMethodAccessor15.invoke(Unknown Source)
	at sun.reflect.DelegatingMethodAccessorImpl.invoke(DelegatingMethodAccessorImpl.java:43)
	at java.lang.reflect.Method.invoke(Method.java:498)
	at org.testng.internal.MethodInvocationHelper.invokeMethod(MethodInvocationHelper.java:131)
	at org.testng.internal.MethodInvocationHelper.invokeMethodConsideringTimeout(MethodInvocationHelper.java:61)
	at org.testng.internal.Invoker.invokeConfigurationMethod(Invoker.java:511)
	at org.testng.internal.Invoker.invokeConfigurations(Invoker.java:241)
	at org.testng.internal.Invoker.invokeMethod(Invoker.java:581)
	at org.testng.internal.Invoker.invokeTestMethod(Invoker.java:792)
	at org.testng.internal.Invoker.invokeTestMethods(Invoker.java:1103)
	at org.testng.internal.TestMethodWorker.invokeTestMethods(TestMethodWorker.java:140)
	at org.testng.internal.TestMethodWorker.run(TestMethodWorker.java:122)
	at org.testng.TestRunner.privateRun(TestRunner.java:739)
	at org.testng.TestRunner.run(TestRunner.java:589)
	at org.testng.SuiteRunner.runTest(SuiteRunner.java:398)
	at org.testng.SuiteRunner.runSequentially(SuiteRunner.java:392)
	at org.testng.SuiteRunner.privateRun(SuiteRunner.java:354)
	at org.testng.SuiteRunner.run(SuiteRunner.java:302)
	at org.testng.SuiteRunnerWorker.runSuite(SuiteRunnerWorker.java:53)
	at org.testng.SuiteRunnerWorker.run(SuiteRunnerWorker.java:96)
	at org.testng.TestNG.runSuitesSequentially(TestNG.java:1145)
	at org.testng.TestNG.runSuitesLocally(TestNG.java:1067)
	at org.testng.TestNG.runSuites(TestNG.java:997)
	at org.testng.TestNG.run(TestNG.java:965)
	at org.apache.maven.surefire.testng.TestNGExecutor.run(TestNGExecutor.java:324)
	at org.apache.maven.surefire.testng.TestNGXmlTestSuite.execute(TestNGXmlTestSuite.java:74)
	at org.apache.maven.surefire.testng.TestNGProvider.invoke(TestNGProvider.java:123)
	at org.apache.maven.surefire.booter.ForkedBooter.runSuitesInProcess(ForkedBooter.java:456)
	at org.apache.maven.surefire.booter.ForkedBooter.execute(ForkedBooter.java:169)
	at org.apache.maven.surefire.booter.ForkedBooter.run(ForkedBooter.java:595)
	at org.apache.maven.surefire.booter.ForkedBooter.main(ForkedBooter.java:581)
</pre></div></td>
<td>10</td>
<td>com.tutorials.ninja.qa.testcases.SearchProductTest@41e36e46</td></tr>
</table><p>
<table width='100%' border='1' class='invocation-skipped'>
<tr><td colspan='4' align='center'><b>SKIPPED CONFIGURATIONS</b></td></tr>
<tr><td><b>Test method</b></td>
<td width="30%"><b>Exception</b></td>
<td width="10%"><b>Time (seconds)</b></td>
<td><b>Instance</b></td>
</tr>
<tr>
<td title='com.tutorials.ninja.qa.testcases.SearchProductTest.setUp()'><b>setUp</b><br>Test class: com.tutorials.ninja.qa.testcases.SearchProductTest</td>
<td></td>
<td>-1682651884</td>
<td>com.tutorials.ninja.qa.testcases.SearchProductTest@41e36e46</td></tr>
<tr>
<td title='com.tutorials.ninja.qa.testcases.SearchProductTest.tearDown()'><b>tearDown</b><br>Test class: com.tutorials.ninja.qa.testcases.SearchProductTest</td>
<td></td>
<td>-1682651884</td>
<td>com.tutorials.ninja.qa.testcases.SearchProductTest@41e36e46</td></tr>
<tr>
<td title='com.tutorials.ninja.qa.testcases.SearchProductTest.tearDown()'><b>tearDown</b><br>Test class: com.tutorials.ninja.qa.testcases.SearchProductTest</td>
<td></td>
<td>-1682651884</td>
<td>com.tutorials.ninja.qa.testcases.SearchProductTest@41e36e46</td></tr>
</table><p>
<table width='100%' border='1' class='invocation-failed'>
<tr><td colspan='4' align='center'><b>FAILED TESTS</b></td></tr>
<tr><td><b>Test method</b></td>
<td width="30%"><b>Exception</b></td>
<td width="10%"><b>Time (seconds)</b></td>
<td><b>Instance</b></td>
</tr>
<tr>
<td title='com.tutorials.ninja.qa.testcases.LoginTest.verifyLoginPressingTheEnterKeyOfKeyboard()'><b>verifyLoginPressingTheEnterKeyOfKeyboard</b><br>Test class: com.tutorials.ninja.qa.testcases.LoginTest</td>
<td><div><pre>java.lang.AssertionError: The following asserts failed:
	Warning message does not match did not expect to find [true] but found [false]
	at com.tutorials.ninja.qa.testcases.LoginTest.verifyLoginPressingTheEnterKeyOfKeyboard(LoginTest.java:338)
... Removed 30 stack frames</pre></div><a href='#' onClick='toggleBox("stack-trace399587622", this, "Click to show all stack frames", "Click to hide stack frames")'>Click to show all stack frames</a>
<div class='stack-trace' id='stack-trace399587622'><pre>java.lang.AssertionError: The following asserts failed:
	Warning message does not match did not expect to find [true] but found [false]
	at org.testng.asserts.SoftAssert.assertAll(SoftAssert.java:47)
	at com.tutorials.ninja.qa.testcases.LoginTest.verifyLoginPressingTheEnterKeyOfKeyboard(LoginTest.java:338)
	at sun.reflect.NativeMethodAccessorImpl.invoke0(Native Method)
	at sun.reflect.NativeMethodAccessorImpl.invoke(NativeMethodAccessorImpl.java:62)
	at sun.reflect.DelegatingMethodAccessorImpl.invoke(DelegatingMethodAccessorImpl.java:43)
	at java.lang.reflect.Method.invoke(Method.java:498)
	at org.testng.internal.MethodInvocationHelper.invokeMethod(MethodInvocationHelper.java:131)
	at org.testng.internal.Invoker.invokeMethod(Invoker.java:658)
	at org.testng.internal.Invoker.invokeTestMethod(Invoker.java:792)
	at org.testng.internal.Invoker.invokeTestMethods(Invoker.java:1103)
	at org.testng.internal.TestMethodWorker.invokeTestMethods(TestMethodWorker.java:140)
	at org.testng.internal.TestMethodWorker.run(TestMethodWorker.java:122)
	at org.testng.TestRunner.privateRun(TestRunner.java:739)
	at org.testng.TestRunner.run(TestRunner.java:589)
	at org.testng.SuiteRunner.runTest(SuiteRunner.java:398)
	at org.testng.SuiteRunner.runSequentially(SuiteRunner.java:392)
	at org.testng.SuiteRunner.privateRun(SuiteRunner.java:354)
	at org.testng.SuiteRunner.run(SuiteRunner.java:302)
	at org.testng.SuiteRunnerWorker.runSuite(SuiteRunnerWorker.java:53)
	at org.testng.SuiteRunnerWorker.run(SuiteRunnerWorker.java:96)
	at org.testng.TestNG.runSuitesSequentially(TestNG.java:1145)
	at org.testng.TestNG.runSuitesLocally(TestNG.java:1067)
	at org.testng.TestNG.runSuites(TestNG.java:997)
	at org.testng.TestNG.run(TestNG.java:965)
	at org.apache.maven.surefire.testng.TestNGExecutor.run(TestNGExecutor.java:324)
	at org.apache.maven.surefire.testng.TestNGXmlTestSuite.execute(TestNGXmlTestSuite.java:74)
	at org.apache.maven.surefire.testng.TestNGProvider.invoke(TestNGProvider.java:123)
	at org.apache.maven.surefire.booter.ForkedBooter.runSuitesInProcess(ForkedBooter.java:456)
	at org.apache.maven.surefire.booter.ForkedBooter.execute(ForkedBooter.java:169)
	at org.apache.maven.surefire.booter.ForkedBooter.run(ForkedBooter.java:595)
	at org.apache.maven.surefire.booter.ForkedBooter.main(ForkedBooter.java:581)
</pre></div></td>
<td>0</td>
<td>com.tutorials.ninja.qa.testcases.LoginTest@4facf68f</td></tr>
<tr>
<td title='com.tutorials.ninja.qa.testcases.LoginTest.verifyLoginUsingValidCredentials()'><b>verifyLoginUsingValidCredentials</b><br>Test class: com.tutorials.ninja.qa.testcases.LoginTest<br>Parameters: rafselenium1@gmail.com, Selenium@123</td>
<td><div><pre>org.openqa.selenium.NoSuchElementException: no such element: Unable to locate element: {&quot;method&quot;:&quot;link text&quot;,&quot;selector&quot;:&quot;Edit your account information&quot;}
  (Session info: chrome=112.0.5615.87)
For documentation on this error, please visit: https://selenium.dev/exceptions/#no_such_element
Build info: version: &apos;4.8.3&apos;, revision: &apos;e5e76298c3&apos;
System info: os.name: &apos;Windows 11&apos;, os.arch: &apos;amd64&apos;, os.version: &apos;10.0&apos;, java.version: &apos;1.8.0_341&apos;
Driver info: org.openqa.selenium.chrome.ChromeDriver
Command: [a5825033b832743da71f1f44bf2f5929, findElement {using=link text, value=Edit your account information}]
Capabilities {acceptInsecureCerts: false, browserName: chrome, browserVersion: 112.0.5615.87, chrome: {chromedriverVersion: 112.0.5615.49 (bd2a7bcb881c..., userDataDir: C:\Users\RAFIAS~1\AppData\L...}, goog:chromeOptions: {debuggerAddress: localhost:55778}, networkConnectionEnabled: false, pageLoadStrategy: normal, platformName: WINDOWS, proxy: Proxy(), se:cdp: ws://localhost:55778/devtoo..., se:cdpVersion: 112.0.5615.87, setWindowRect: true, strictFileInteractability: false, timeouts: {implicit: 0, pageLoad: 300000, script: 30000}, unhandledPromptBehavior: dismiss and notify, webauthn:extension:credBlob: true, webauthn:extension:largeBlob: true, webauthn:extension:minPinLength: true, webauthn:extension:prf: true, webauthn:virtualAuthenticators: true}
Session ID: a5825033b832743da71f1f44bf2f5929
	at org.openqa.selenium.remote.codec.w3c.W3CHttpResponseCodec.createException(W3CHttpResponseCodec.java:200)
	at org.openqa.selenium.remote.codec.w3c.W3CHttpResponseCodec.decode(W3CHttpResponseCodec.java:133)
	at org.openqa.selenium.remote.codec.w3c.W3CHttpResponseCodec.decode(W3CHttpResponseCodec.java:53)
	at org.openqa.selenium.remote.HttpCommandExecutor.execute(HttpCommandExecutor.java:193)
	at org.openqa.selenium.remote.service.DriverCommandExecutor.invokeExecute(DriverCommandExecutor.java:183)
	at org.openqa.selenium.remote.service.DriverCommandExecutor.execute(DriverCommandExecutor.java:158)
	at org.openqa.selenium.remote.RemoteWebDriver.execute(RemoteWebDriver.java:543)
	at org.openqa.selenium.remote.ElementLocation$ElementFinder$2.findElement(ElementLocation.java:162)
	at org.openqa.selenium.remote.ElementLocation.findElement(ElementLocation.java:60)
	at org.openqa.selenium.remote.RemoteWebDriver.findElement(RemoteWebDriver.java:352)
	at org.openqa.selenium.remote.RemoteWebDriver.findElement(RemoteWebDriver.java:344)
	at org.openqa.selenium.support.pagefactory.DefaultElementLocator.findElement(DefaultElementLocator.java:70)
	at org.openqa.selenium.support.pagefactory.internal.LocatingElementHandler.invoke(LocatingElementHandler.java:39)
	at com.sun.proxy.$Proxy13.getText(Unknown Source)
	at com.tutorials.ninja.qa.testpages.InsideOfLoginPage.editYourAccountInfoDisplayedOrNot(InsideOfLoginPage.java:48)
	at com.tutorials.ninja.qa.testcases.LoginTest.verifyLoginUsingValidCredentials(LoginTest.java:49)
... Removed 33 stack frames</pre></div><a href='#' onClick='toggleBox("stack-trace649630909", this, "Click to show all stack frames", "Click to hide stack frames")'>Click to show all stack frames</a>
<div class='stack-trace' id='stack-trace649630909'><pre>org.openqa.selenium.NoSuchElementException: no such element: Unable to locate element: {&quot;method&quot;:&quot;link text&quot;,&quot;selector&quot;:&quot;Edit your account information&quot;}
  (Session info: chrome=112.0.5615.87)
For documentation on this error, please visit: https://selenium.dev/exceptions/#no_such_element
Build info: version: &apos;4.8.3&apos;, revision: &apos;e5e76298c3&apos;
System info: os.name: &apos;Windows 11&apos;, os.arch: &apos;amd64&apos;, os.version: &apos;10.0&apos;, java.version: &apos;1.8.0_341&apos;
Driver info: org.openqa.selenium.chrome.ChromeDriver
Command: [a5825033b832743da71f1f44bf2f5929, findElement {using=link text, value=Edit your account information}]
Capabilities {acceptInsecureCerts: false, browserName: chrome, browserVersion: 112.0.5615.87, chrome: {chromedriverVersion: 112.0.5615.49 (bd2a7bcb881c..., userDataDir: C:\Users\RAFIAS~1\AppData\L...}, goog:chromeOptions: {debuggerAddress: localhost:55778}, networkConnectionEnabled: false, pageLoadStrategy: normal, platformName: WINDOWS, proxy: Proxy(), se:cdp: ws://localhost:55778/devtoo..., se:cdpVersion: 112.0.5615.87, setWindowRect: true, strictFileInteractability: false, timeouts: {implicit: 0, pageLoad: 300000, script: 30000}, unhandledPromptBehavior: dismiss and notify, webauthn:extension:credBlob: true, webauthn:extension:largeBlob: true, webauthn:extension:minPinLength: true, webauthn:extension:prf: true, webauthn:virtualAuthenticators: true}
Session ID: a5825033b832743da71f1f44bf2f5929
	at sun.reflect.NativeConstructorAccessorImpl.newInstance0(Native Method)
	at sun.reflect.NativeConstructorAccessorImpl.newInstance(NativeConstructorAccessorImpl.java:62)
	at sun.reflect.DelegatingConstructorAccessorImpl.newInstance(DelegatingConstructorAccessorImpl.java:45)
	at java.lang.reflect.Constructor.newInstance(Constructor.java:423)
	at org.openqa.selenium.remote.codec.w3c.W3CHttpResponseCodec.createException(W3CHttpResponseCodec.java:200)
	at org.openqa.selenium.remote.codec.w3c.W3CHttpResponseCodec.decode(W3CHttpResponseCodec.java:133)
	at org.openqa.selenium.remote.codec.w3c.W3CHttpResponseCodec.decode(W3CHttpResponseCodec.java:53)
	at org.openqa.selenium.remote.HttpCommandExecutor.execute(HttpCommandExecutor.java:193)
	at org.openqa.selenium.remote.service.DriverCommandExecutor.invokeExecute(DriverCommandExecutor.java:183)
	at org.openqa.selenium.remote.service.DriverCommandExecutor.execute(DriverCommandExecutor.java:158)
	at org.openqa.selenium.remote.RemoteWebDriver.execute(RemoteWebDriver.java:543)
	at org.openqa.selenium.remote.ElementLocation$ElementFinder$2.findElement(ElementLocation.java:162)
	at org.openqa.selenium.remote.ElementLocation.findElement(ElementLocation.java:60)
	at org.openqa.selenium.remote.RemoteWebDriver.findElement(RemoteWebDriver.java:352)
	at org.openqa.selenium.remote.RemoteWebDriver.findElement(RemoteWebDriver.java:344)
	at org.openqa.selenium.support.pagefactory.DefaultElementLocator.findElement(DefaultElementLocator.java:70)
	at org.openqa.selenium.support.pagefactory.internal.LocatingElementHandler.invoke(LocatingElementHandler.java:39)
	at com.sun.proxy.$Proxy13.getText(Unknown Source)
	at com.tutorials.ninja.qa.testpages.InsideOfLoginPage.editYourAccountInfoDisplayedOrNot(InsideOfLoginPage.java:48)
	at com.tutorials.ninja.qa.testcases.LoginTest.verifyLoginUsingValidCredentials(LoginTest.java:49)
	at sun.reflect.NativeMethodAccessorImpl.invoke0(Native Method)
	at sun.reflect.NativeMethodAccessorImpl.invoke(NativeMethodAccessorImpl.java:62)
	at sun.reflect.DelegatingMethodAccessorImpl.invoke(DelegatingMethodAccessorImpl.java:43)
	at java.lang.reflect.Method.invoke(Method.java:498)
	at org.testng.internal.MethodInvocationHelper.invokeMethod(MethodInvocationHelper.java:131)
	at org.testng.internal.Invoker.invokeMethod(Invoker.java:658)
	at org.testng.internal.Invoker.invokeTestMethod(Invoker.java:792)
	at org.testng.internal.Invoker.invokeTestMethods(Invoker.java:1103)
	at org.testng.internal.TestMethodWorker.invokeTestMethods(TestMethodWorker.java:140)
	at org.testng.internal.TestMethodWorker.run(TestMethodWorker.java:122)
	at org.testng.TestRunner.privateRun(TestRunner.java:739)
	at org.testng.TestRunner.run(TestRunner.java:589)
	at org.testng.SuiteRunner.runTest(SuiteRunner.java:398)
	at org.testng.SuiteRunner.runSequentially(SuiteRunner.java:392)
	at org.testng.SuiteRunner.privateRun(SuiteRunner.java:354)
	at org.testng.SuiteRunner.run(SuiteRunner.java:302)
	at org.testng.SuiteRunnerWorker.runSuite(SuiteRunnerWorker.java:53)
	at org.testng.SuiteRunnerWorker.run(SuiteRunnerWorker.java:96)
	at org.testng.TestNG.runSuitesSequentially(TestNG.java:1145)
	at org.testng.TestNG.runSuitesLocally(TestNG.java:1067)
	at org.testng.TestNG.runSuites(TestNG.java:997)
	at org.testng.TestNG.run(TestNG.java:965)
	at org.apache.maven.surefire.testng.TestNGExecutor.run(TestNGExecutor.java:324)
	at org.apache.maven.surefire.testng.TestNGXmlTestSuite.execute(TestNGXmlTestSuite.java:74)
	at org.apache.maven.surefire.testng.TestNGProvider.invoke(TestNGProvider.java:123)
	at org.apache.maven.surefire.booter.ForkedBooter.runSuitesInProcess(ForkedBooter.java:456)
	at org.apache.maven.surefire.booter.ForkedBooter.execute(ForkedBooter.java:169)
	at org.apache.maven.surefire.booter.ForkedBooter.run(ForkedBooter.java:595)
	at org.apache.maven.surefire.booter.ForkedBooter.main(ForkedBooter.java:581)
</pre></div></td>
<td>10</td>
<td>com.tutorials.ninja.qa.testcases.LoginTest@4facf68f</td></tr>
<tr>
<td title='com.tutorials.ninja.qa.testcases.LoginTest.verifyLoginUsingValidCredentials()'><b>verifyLoginUsingValidCredentials</b><br>Test class: com.tutorials.ninja.qa.testcases.LoginTest<br>Parameters: rafselenium2@gmail.com, Selenium@123</td>
<td><div><pre>org.openqa.selenium.NoSuchElementException: no such element: Unable to locate element: {&quot;method&quot;:&quot;link text&quot;,&quot;selector&quot;:&quot;Edit your account information&quot;}
  (Session info: chrome=112.0.5615.87)
For documentation on this error, please visit: https://selenium.dev/exceptions/#no_such_element
Build info: version: &apos;4.8.3&apos;, revision: &apos;e5e76298c3&apos;
System info: os.name: &apos;Windows 11&apos;, os.arch: &apos;amd64&apos;, os.version: &apos;10.0&apos;, java.version: &apos;1.8.0_341&apos;
Driver info: org.openqa.selenium.chrome.ChromeDriver
Command: [aa3aac1f8a86229edf55ef6f3524119f, findElement {using=link text, value=Edit your account information}]
Capabilities {acceptInsecureCerts: false, browserName: chrome, browserVersion: 112.0.5615.87, chrome: {chromedriverVersion: 112.0.5615.49 (bd2a7bcb881c..., userDataDir: C:\Users\RAFIAS~1\AppData\L...}, goog:chromeOptions: {debuggerAddress: localhost:55800}, networkConnectionEnabled: false, pageLoadStrategy: normal, platformName: WINDOWS, proxy: Proxy(), se:cdp: ws://localhost:55800/devtoo..., se:cdpVersion: 112.0.5615.87, setWindowRect: true, strictFileInteractability: false, timeouts: {implicit: 0, pageLoad: 300000, script: 30000}, unhandledPromptBehavior: dismiss and notify, webauthn:extension:credBlob: true, webauthn:extension:largeBlob: true, webauthn:extension:minPinLength: true, webauthn:extension:prf: true, webauthn:virtualAuthenticators: true}
Session ID: aa3aac1f8a86229edf55ef6f3524119f
	at org.openqa.selenium.remote.codec.w3c.W3CHttpResponseCodec.createException(W3CHttpResponseCodec.java:200)
	at org.openqa.selenium.remote.codec.w3c.W3CHttpResponseCodec.decode(W3CHttpResponseCodec.java:133)
	at org.openqa.selenium.remote.codec.w3c.W3CHttpResponseCodec.decode(W3CHttpResponseCodec.java:53)
	at org.openqa.selenium.remote.HttpCommandExecutor.execute(HttpCommandExecutor.java:193)
	at org.openqa.selenium.remote.service.DriverCommandExecutor.invokeExecute(DriverCommandExecutor.java:183)
	at org.openqa.selenium.remote.service.DriverCommandExecutor.execute(DriverCommandExecutor.java:158)
	at org.openqa.selenium.remote.RemoteWebDriver.execute(RemoteWebDriver.java:543)
	at org.openqa.selenium.remote.ElementLocation$ElementFinder$2.findElement(ElementLocation.java:162)
	at org.openqa.selenium.remote.ElementLocation.findElement(ElementLocation.java:60)
	at org.openqa.selenium.remote.RemoteWebDriver.findElement(RemoteWebDriver.java:352)
	at org.openqa.selenium.remote.RemoteWebDriver.findElement(RemoteWebDriver.java:344)
	at org.openqa.selenium.support.pagefactory.DefaultElementLocator.findElement(DefaultElementLocator.java:70)
	at org.openqa.selenium.support.pagefactory.internal.LocatingElementHandler.invoke(LocatingElementHandler.java:39)
	at com.sun.proxy.$Proxy13.getText(Unknown Source)
	at com.tutorials.ninja.qa.testpages.InsideOfLoginPage.editYourAccountInfoDisplayedOrNot(InsideOfLoginPage.java:48)
	at com.tutorials.ninja.qa.testcases.LoginTest.verifyLoginUsingValidCredentials(LoginTest.java:49)
... Removed 33 stack frames</pre></div><a href='#' onClick='toggleBox("stack-trace1365197105", this, "Click to show all stack frames", "Click to hide stack frames")'>Click to show all stack frames</a>
<div class='stack-trace' id='stack-trace1365197105'><pre>org.openqa.selenium.NoSuchElementException: no such element: Unable to locate element: {&quot;method&quot;:&quot;link text&quot;,&quot;selector&quot;:&quot;Edit your account information&quot;}
  (Session info: chrome=112.0.5615.87)
For documentation on this error, please visit: https://selenium.dev/exceptions/#no_such_element
Build info: version: &apos;4.8.3&apos;, revision: &apos;e5e76298c3&apos;
System info: os.name: &apos;Windows 11&apos;, os.arch: &apos;amd64&apos;, os.version: &apos;10.0&apos;, java.version: &apos;1.8.0_341&apos;
Driver info: org.openqa.selenium.chrome.ChromeDriver
Command: [aa3aac1f8a86229edf55ef6f3524119f, findElement {using=link text, value=Edit your account information}]
Capabilities {acceptInsecureCerts: false, browserName: chrome, browserVersion: 112.0.5615.87, chrome: {chromedriverVersion: 112.0.5615.49 (bd2a7bcb881c..., userDataDir: C:\Users\RAFIAS~1\AppData\L...}, goog:chromeOptions: {debuggerAddress: localhost:55800}, networkConnectionEnabled: false, pageLoadStrategy: normal, platformName: WINDOWS, proxy: Proxy(), se:cdp: ws://localhost:55800/devtoo..., se:cdpVersion: 112.0.5615.87, setWindowRect: true, strictFileInteractability: false, timeouts: {implicit: 0, pageLoad: 300000, script: 30000}, unhandledPromptBehavior: dismiss and notify, webauthn:extension:credBlob: true, webauthn:extension:largeBlob: true, webauthn:extension:minPinLength: true, webauthn:extension:prf: true, webauthn:virtualAuthenticators: true}
Session ID: aa3aac1f8a86229edf55ef6f3524119f
	at sun.reflect.NativeConstructorAccessorImpl.newInstance0(Native Method)
	at sun.reflect.NativeConstructorAccessorImpl.newInstance(NativeConstructorAccessorImpl.java:62)
	at sun.reflect.DelegatingConstructorAccessorImpl.newInstance(DelegatingConstructorAccessorImpl.java:45)
	at java.lang.reflect.Constructor.newInstance(Constructor.java:423)
	at org.openqa.selenium.remote.codec.w3c.W3CHttpResponseCodec.createException(W3CHttpResponseCodec.java:200)
	at org.openqa.selenium.remote.codec.w3c.W3CHttpResponseCodec.decode(W3CHttpResponseCodec.java:133)
	at org.openqa.selenium.remote.codec.w3c.W3CHttpResponseCodec.decode(W3CHttpResponseCodec.java:53)
	at org.openqa.selenium.remote.HttpCommandExecutor.execute(HttpCommandExecutor.java:193)
	at org.openqa.selenium.remote.service.DriverCommandExecutor.invokeExecute(DriverCommandExecutor.java:183)
	at org.openqa.selenium.remote.service.DriverCommandExecutor.execute(DriverCommandExecutor.java:158)
	at org.openqa.selenium.remote.RemoteWebDriver.execute(RemoteWebDriver.java:543)
	at org.openqa.selenium.remote.ElementLocation$ElementFinder$2.findElement(ElementLocation.java:162)
	at org.openqa.selenium.remote.ElementLocation.findElement(ElementLocation.java:60)
	at org.openqa.selenium.remote.RemoteWebDriver.findElement(RemoteWebDriver.java:352)
	at org.openqa.selenium.remote.RemoteWebDriver.findElement(RemoteWebDriver.java:344)
	at org.openqa.selenium.support.pagefactory.DefaultElementLocator.findElement(DefaultElementLocator.java:70)
	at org.openqa.selenium.support.pagefactory.internal.LocatingElementHandler.invoke(LocatingElementHandler.java:39)
	at com.sun.proxy.$Proxy13.getText(Unknown Source)
	at com.tutorials.ninja.qa.testpages.InsideOfLoginPage.editYourAccountInfoDisplayedOrNot(InsideOfLoginPage.java:48)
	at com.tutorials.ninja.qa.testcases.LoginTest.verifyLoginUsingValidCredentials(LoginTest.java:49)
	at sun.reflect.NativeMethodAccessorImpl.invoke0(Native Method)
	at sun.reflect.NativeMethodAccessorImpl.invoke(NativeMethodAccessorImpl.java:62)
	at sun.reflect.DelegatingMethodAccessorImpl.invoke(DelegatingMethodAccessorImpl.java:43)
	at java.lang.reflect.Method.invoke(Method.java:498)
	at org.testng.internal.MethodInvocationHelper.invokeMethod(MethodInvocationHelper.java:131)
	at org.testng.internal.Invoker.invokeMethod(Invoker.java:658)
	at org.testng.internal.Invoker.invokeTestMethod(Invoker.java:792)
	at org.testng.internal.Invoker.invokeTestMethods(Invoker.java:1103)
	at org.testng.internal.TestMethodWorker.invokeTestMethods(TestMethodWorker.java:140)
	at org.testng.internal.TestMethodWorker.run(TestMethodWorker.java:122)
	at org.testng.TestRunner.privateRun(TestRunner.java:739)
	at org.testng.TestRunner.run(TestRunner.java:589)
	at org.testng.SuiteRunner.runTest(SuiteRunner.java:398)
	at org.testng.SuiteRunner.runSequentially(SuiteRunner.java:392)
	at org.testng.SuiteRunner.privateRun(SuiteRunner.java:354)
	at org.testng.SuiteRunner.run(SuiteRunner.java:302)
	at org.testng.SuiteRunnerWorker.runSuite(SuiteRunnerWorker.java:53)
	at org.testng.SuiteRunnerWorker.run(SuiteRunnerWorker.java:96)
	at org.testng.TestNG.runSuitesSequentially(TestNG.java:1145)
	at org.testng.TestNG.runSuitesLocally(TestNG.java:1067)
	at org.testng.TestNG.runSuites(TestNG.java:997)
	at org.testng.TestNG.run(TestNG.java:965)
	at org.apache.maven.surefire.testng.TestNGExecutor.run(TestNGExecutor.java:324)
	at org.apache.maven.surefire.testng.TestNGXmlTestSuite.execute(TestNGXmlTestSuite.java:74)
	at org.apache.maven.surefire.testng.TestNGProvider.invoke(TestNGProvider.java:123)
	at org.apache.maven.surefire.booter.ForkedBooter.runSuitesInProcess(ForkedBooter.java:456)
	at org.apache.maven.surefire.booter.ForkedBooter.execute(ForkedBooter.java:169)
	at org.apache.maven.surefire.booter.ForkedBooter.run(ForkedBooter.java:595)
	at org.apache.maven.surefire.booter.ForkedBooter.main(ForkedBooter.java:581)
</pre></div></td>
<td>10</td>
<td>com.tutorials.ninja.qa.testcases.LoginTest@4facf68f</td></tr>
<tr>
<td title='com.tutorials.ninja.qa.testcases.LoginTest.verifyLoginUsingValidCredentials()'><b>verifyLoginUsingValidCredentials</b><br>Test class: com.tutorials.ninja.qa.testcases.LoginTest<br>Parameters: rafselenium4@yahoo.com, Selenium@123</td>
<td><div><pre>org.openqa.selenium.NoSuchElementException: no such element: Unable to locate element: {&quot;method&quot;:&quot;link text&quot;,&quot;selector&quot;:&quot;Edit your account information&quot;}
  (Session info: chrome=112.0.5615.87)
For documentation on this error, please visit: https://selenium.dev/exceptions/#no_such_element
Build info: version: &apos;4.8.3&apos;, revision: &apos;e5e76298c3&apos;
System info: os.name: &apos;Windows 11&apos;, os.arch: &apos;amd64&apos;, os.version: &apos;10.0&apos;, java.version: &apos;1.8.0_341&apos;
Driver info: org.openqa.selenium.chrome.ChromeDriver
Command: [6f0458c47e83a03f9aef4ca3a1a30711, findElement {using=link text, value=Edit your account information}]
Capabilities {acceptInsecureCerts: false, browserName: chrome, browserVersion: 112.0.5615.87, chrome: {chromedriverVersion: 112.0.5615.49 (bd2a7bcb881c..., userDataDir: C:\Users\RAFIAS~1\AppData\L...}, goog:chromeOptions: {debuggerAddress: localhost:55844}, networkConnectionEnabled: false, pageLoadStrategy: normal, platformName: WINDOWS, proxy: Proxy(), se:cdp: ws://localhost:55844/devtoo..., se:cdpVersion: 112.0.5615.87, setWindowRect: true, strictFileInteractability: false, timeouts: {implicit: 0, pageLoad: 300000, script: 30000}, unhandledPromptBehavior: dismiss and notify, webauthn:extension:credBlob: true, webauthn:extension:largeBlob: true, webauthn:extension:minPinLength: true, webauthn:extension:prf: true, webauthn:virtualAuthenticators: true}
Session ID: 6f0458c47e83a03f9aef4ca3a1a30711
	at org.openqa.selenium.remote.codec.w3c.W3CHttpResponseCodec.createException(W3CHttpResponseCodec.java:200)
	at org.openqa.selenium.remote.codec.w3c.W3CHttpResponseCodec.decode(W3CHttpResponseCodec.java:133)
	at org.openqa.selenium.remote.codec.w3c.W3CHttpResponseCodec.decode(W3CHttpResponseCodec.java:53)
	at org.openqa.selenium.remote.HttpCommandExecutor.execute(HttpCommandExecutor.java:193)
	at org.openqa.selenium.remote.service.DriverCommandExecutor.invokeExecute(DriverCommandExecutor.java:183)
	at org.openqa.selenium.remote.service.DriverCommandExecutor.execute(DriverCommandExecutor.java:158)
	at org.openqa.selenium.remote.RemoteWebDriver.execute(RemoteWebDriver.java:543)
	at org.openqa.selenium.remote.ElementLocation$ElementFinder$2.findElement(ElementLocation.java:162)
	at org.openqa.selenium.remote.ElementLocation.findElement(ElementLocation.java:60)
	at org.openqa.selenium.remote.RemoteWebDriver.findElement(RemoteWebDriver.java:352)
	at org.openqa.selenium.remote.RemoteWebDriver.findElement(RemoteWebDriver.java:344)
	at org.openqa.selenium.support.pagefactory.DefaultElementLocator.findElement(DefaultElementLocator.java:70)
	at org.openqa.selenium.support.pagefactory.internal.LocatingElementHandler.invoke(LocatingElementHandler.java:39)
	at com.sun.proxy.$Proxy13.getText(Unknown Source)
	at com.tutorials.ninja.qa.testpages.InsideOfLoginPage.editYourAccountInfoDisplayedOrNot(InsideOfLoginPage.java:48)
	at com.tutorials.ninja.qa.testcases.LoginTest.verifyLoginUsingValidCredentials(LoginTest.java:49)
... Removed 33 stack frames</pre></div><a href='#' onClick='toggleBox("stack-trace766101", this, "Click to show all stack frames", "Click to hide stack frames")'>Click to show all stack frames</a>
<div class='stack-trace' id='stack-trace766101'><pre>org.openqa.selenium.NoSuchElementException: no such element: Unable to locate element: {&quot;method&quot;:&quot;link text&quot;,&quot;selector&quot;:&quot;Edit your account information&quot;}
  (Session info: chrome=112.0.5615.87)
For documentation on this error, please visit: https://selenium.dev/exceptions/#no_such_element
Build info: version: &apos;4.8.3&apos;, revision: &apos;e5e76298c3&apos;
System info: os.name: &apos;Windows 11&apos;, os.arch: &apos;amd64&apos;, os.version: &apos;10.0&apos;, java.version: &apos;1.8.0_341&apos;
Driver info: org.openqa.selenium.chrome.ChromeDriver
Command: [6f0458c47e83a03f9aef4ca3a1a30711, findElement {using=link text, value=Edit your account information}]
Capabilities {acceptInsecureCerts: false, browserName: chrome, browserVersion: 112.0.5615.87, chrome: {chromedriverVersion: 112.0.5615.49 (bd2a7bcb881c..., userDataDir: C:\Users\RAFIAS~1\AppData\L...}, goog:chromeOptions: {debuggerAddress: localhost:55844}, networkConnectionEnabled: false, pageLoadStrategy: normal, platformName: WINDOWS, proxy: Proxy(), se:cdp: ws://localhost:55844/devtoo..., se:cdpVersion: 112.0.5615.87, setWindowRect: true, strictFileInteractability: false, timeouts: {implicit: 0, pageLoad: 300000, script: 30000}, unhandledPromptBehavior: dismiss and notify, webauthn:extension:credBlob: true, webauthn:extension:largeBlob: true, webauthn:extension:minPinLength: true, webauthn:extension:prf: true, webauthn:virtualAuthenticators: true}
Session ID: 6f0458c47e83a03f9aef4ca3a1a30711
	at sun.reflect.NativeConstructorAccessorImpl.newInstance0(Native Method)
	at sun.reflect.NativeConstructorAccessorImpl.newInstance(NativeConstructorAccessorImpl.java:62)
	at sun.reflect.DelegatingConstructorAccessorImpl.newInstance(DelegatingConstructorAccessorImpl.java:45)
	at java.lang.reflect.Constructor.newInstance(Constructor.java:423)
	at org.openqa.selenium.remote.codec.w3c.W3CHttpResponseCodec.createException(W3CHttpResponseCodec.java:200)
	at org.openqa.selenium.remote.codec.w3c.W3CHttpResponseCodec.decode(W3CHttpResponseCodec.java:133)
	at org.openqa.selenium.remote.codec.w3c.W3CHttpResponseCodec.decode(W3CHttpResponseCodec.java:53)
	at org.openqa.selenium.remote.HttpCommandExecutor.execute(HttpCommandExecutor.java:193)
	at org.openqa.selenium.remote.service.DriverCommandExecutor.invokeExecute(DriverCommandExecutor.java:183)
	at org.openqa.selenium.remote.service.DriverCommandExecutor.execute(DriverCommandExecutor.java:158)
	at org.openqa.selenium.remote.RemoteWebDriver.execute(RemoteWebDriver.java:543)
	at org.openqa.selenium.remote.ElementLocation$ElementFinder$2.findElement(ElementLocation.java:162)
	at org.openqa.selenium.remote.ElementLocation.findElement(ElementLocation.java:60)
	at org.openqa.selenium.remote.RemoteWebDriver.findElement(RemoteWebDriver.java:352)
	at org.openqa.selenium.remote.RemoteWebDriver.findElement(RemoteWebDriver.java:344)
	at org.openqa.selenium.support.pagefactory.DefaultElementLocator.findElement(DefaultElementLocator.java:70)
	at org.openqa.selenium.support.pagefactory.internal.LocatingElementHandler.invoke(LocatingElementHandler.java:39)
	at com.sun.proxy.$Proxy13.getText(Unknown Source)
	at com.tutorials.ninja.qa.testpages.InsideOfLoginPage.editYourAccountInfoDisplayedOrNot(InsideOfLoginPage.java:48)
	at com.tutorials.ninja.qa.testcases.LoginTest.verifyLoginUsingValidCredentials(LoginTest.java:49)
	at sun.reflect.NativeMethodAccessorImpl.invoke0(Native Method)
	at sun.reflect.NativeMethodAccessorImpl.invoke(NativeMethodAccessorImpl.java:62)
	at sun.reflect.DelegatingMethodAccessorImpl.invoke(DelegatingMethodAccessorImpl.java:43)
	at java.lang.reflect.Method.invoke(Method.java:498)
	at org.testng.internal.MethodInvocationHelper.invokeMethod(MethodInvocationHelper.java:131)
	at org.testng.internal.Invoker.invokeMethod(Invoker.java:658)
	at org.testng.internal.Invoker.invokeTestMethod(Invoker.java:792)
	at org.testng.internal.Invoker.invokeTestMethods(Invoker.java:1103)
	at org.testng.internal.TestMethodWorker.invokeTestMethods(TestMethodWorker.java:140)
	at org.testng.internal.TestMethodWorker.run(TestMethodWorker.java:122)
	at org.testng.TestRunner.privateRun(TestRunner.java:739)
	at org.testng.TestRunner.run(TestRunner.java:589)
	at org.testng.SuiteRunner.runTest(SuiteRunner.java:398)
	at org.testng.SuiteRunner.runSequentially(SuiteRunner.java:392)
	at org.testng.SuiteRunner.privateRun(SuiteRunner.java:354)
	at org.testng.SuiteRunner.run(SuiteRunner.java:302)
	at org.testng.SuiteRunnerWorker.runSuite(SuiteRunnerWorker.java:53)
	at org.testng.SuiteRunnerWorker.run(SuiteRunnerWorker.java:96)
	at org.testng.TestNG.runSuitesSequentially(TestNG.java:1145)
	at org.testng.TestNG.runSuitesLocally(TestNG.java:1067)
	at org.testng.TestNG.runSuites(TestNG.java:997)
	at org.testng.TestNG.run(TestNG.java:965)
	at org.apache.maven.surefire.testng.TestNGExecutor.run(TestNGExecutor.java:324)
	at org.apache.maven.surefire.testng.TestNGXmlTestSuite.execute(TestNGXmlTestSuite.java:74)
	at org.apache.maven.surefire.testng.TestNGProvider.invoke(TestNGProvider.java:123)
	at org.apache.maven.surefire.booter.ForkedBooter.runSuitesInProcess(ForkedBooter.java:456)
	at org.apache.maven.surefire.booter.ForkedBooter.execute(ForkedBooter.java:169)
	at org.apache.maven.surefire.booter.ForkedBooter.run(ForkedBooter.java:595)
	at org.apache.maven.surefire.booter.ForkedBooter.main(ForkedBooter.java:581)
</pre></div></td>
<td>10</td>
<td>com.tutorials.ninja.qa.testcases.LoginTest@4facf68f</td></tr>
<tr>
<td title='com.tutorials.ninja.qa.testcases.LoginTest.verifyLoginWithNewPasswordAfterUpdatingThePassword()'><b>verifyLoginWithNewPasswordAfterUpdatingThePassword</b><br>Test class: com.tutorials.ninja.qa.testcases.LoginTest</td>
<td><div><pre>java.lang.AssertionError: The following asserts failed:
	Warning message does not match did not expect to find [true] but found [false]
	at com.tutorials.ninja.qa.testcases.LoginTest.verifyLoginWithNewPasswordAfterUpdatingThePassword(LoginTest.java:324)
... Removed 30 stack frames</pre></div><a href='#' onClick='toggleBox("stack-trace1652884090", this, "Click to show all stack frames", "Click to hide stack frames")'>Click to show all stack frames</a>
<div class='stack-trace' id='stack-trace1652884090'><pre>java.lang.AssertionError: The following asserts failed:
	Warning message does not match did not expect to find [true] but found [false]
	at org.testng.asserts.SoftAssert.assertAll(SoftAssert.java:47)
	at com.tutorials.ninja.qa.testcases.LoginTest.verifyLoginWithNewPasswordAfterUpdatingThePassword(LoginTest.java:324)
	at sun.reflect.NativeMethodAccessorImpl.invoke0(Native Method)
	at sun.reflect.NativeMethodAccessorImpl.invoke(NativeMethodAccessorImpl.java:62)
	at sun.reflect.DelegatingMethodAccessorImpl.invoke(DelegatingMethodAccessorImpl.java:43)
	at java.lang.reflect.Method.invoke(Method.java:498)
	at org.testng.internal.MethodInvocationHelper.invokeMethod(MethodInvocationHelper.java:131)
	at org.testng.internal.Invoker.invokeMethod(Invoker.java:658)
	at org.testng.internal.Invoker.invokeTestMethod(Invoker.java:792)
	at org.testng.internal.Invoker.invokeTestMethods(Invoker.java:1103)
	at org.testng.internal.TestMethodWorker.invokeTestMethods(TestMethodWorker.java:140)
	at org.testng.internal.TestMethodWorker.run(TestMethodWorker.java:122)
	at org.testng.TestRunner.privateRun(TestRunner.java:739)
	at org.testng.TestRunner.run(TestRunner.java:589)
	at org.testng.SuiteRunner.runTest(SuiteRunner.java:398)
	at org.testng.SuiteRunner.runSequentially(SuiteRunner.java:392)
	at org.testng.SuiteRunner.privateRun(SuiteRunner.java:354)
	at org.testng.SuiteRunner.run(SuiteRunner.java:302)
	at org.testng.SuiteRunnerWorker.runSuite(SuiteRunnerWorker.java:53)
	at org.testng.SuiteRunnerWorker.run(SuiteRunnerWorker.java:96)
	at org.testng.TestNG.runSuitesSequentially(TestNG.java:1145)
	at org.testng.TestNG.runSuitesLocally(TestNG.java:1067)
	at org.testng.TestNG.runSuites(TestNG.java:997)
	at org.testng.TestNG.run(TestNG.java:965)
	at org.apache.maven.surefire.testng.TestNGExecutor.run(TestNGExecutor.java:324)
	at org.apache.maven.surefire.testng.TestNGXmlTestSuite.execute(TestNGXmlTestSuite.java:74)
	at org.apache.maven.surefire.testng.TestNGProvider.invoke(TestNGProvider.java:123)
	at org.apache.maven.surefire.booter.ForkedBooter.runSuitesInProcess(ForkedBooter.java:456)
	at org.apache.maven.surefire.booter.ForkedBooter.execute(ForkedBooter.java:169)
	at org.apache.maven.surefire.booter.ForkedBooter.run(ForkedBooter.java:595)
	at org.apache.maven.surefire.booter.ForkedBooter.main(ForkedBooter.java:581)
</pre></div></td>
<td>3</td>
<td>com.tutorials.ninja.qa.testcases.LoginTest@4facf68f</td></tr>
<tr>
<td title='com.tutorials.ninja.qa.testcases.LoginTest.verifyNavigationToDifferentPagesFromLoginPage()'><b>verifyNavigationToDifferentPagesFromLoginPage</b><br>Test class: com.tutorials.ninja.qa.testcases.LoginTest</td>
<td><div><pre>java.lang.AssertionError: The following asserts failed:
	Warning message does not match did not expect to find [true] but found [false]
	at com.tutorials.ninja.qa.testcases.LoginTest.verifyNavigationToDifferentPagesFromLoginPage(LoginTest.java:194)
... Removed 30 stack frames</pre></div><a href='#' onClick='toggleBox("stack-trace419414024", this, "Click to show all stack frames", "Click to hide stack frames")'>Click to show all stack frames</a>
<div class='stack-trace' id='stack-trace419414024'><pre>java.lang.AssertionError: The following asserts failed:
	Warning message does not match did not expect to find [true] but found [false]
	at org.testng.asserts.SoftAssert.assertAll(SoftAssert.java:47)
	at com.tutorials.ninja.qa.testcases.LoginTest.verifyNavigationToDifferentPagesFromLoginPage(LoginTest.java:194)
	at sun.reflect.NativeMethodAccessorImpl.invoke0(Native Method)
	at sun.reflect.NativeMethodAccessorImpl.invoke(NativeMethodAccessorImpl.java:62)
	at sun.reflect.DelegatingMethodAccessorImpl.invoke(DelegatingMethodAccessorImpl.java:43)
	at java.lang.reflect.Method.invoke(Method.java:498)
	at org.testng.internal.MethodInvocationHelper.invokeMethod(MethodInvocationHelper.java:131)
	at org.testng.internal.Invoker.invokeMethod(Invoker.java:658)
	at org.testng.internal.Invoker.invokeTestMethod(Invoker.java:792)
	at org.testng.internal.Invoker.invokeTestMethods(Invoker.java:1103)
	at org.testng.internal.TestMethodWorker.invokeTestMethods(TestMethodWorker.java:140)
	at org.testng.internal.TestMethodWorker.run(TestMethodWorker.java:122)
	at org.testng.TestRunner.privateRun(TestRunner.java:739)
	at org.testng.TestRunner.run(TestRunner.java:589)
	at org.testng.SuiteRunner.runTest(SuiteRunner.java:398)
	at org.testng.SuiteRunner.runSequentially(SuiteRunner.java:392)
	at org.testng.SuiteRunner.privateRun(SuiteRunner.java:354)
	at org.testng.SuiteRunner.run(SuiteRunner.java:302)
	at org.testng.SuiteRunnerWorker.runSuite(SuiteRunnerWorker.java:53)
	at org.testng.SuiteRunnerWorker.run(SuiteRunnerWorker.java:96)
	at org.testng.TestNG.runSuitesSequentially(TestNG.java:1145)
	at org.testng.TestNG.runSuitesLocally(TestNG.java:1067)
	at org.testng.TestNG.runSuites(TestNG.java:997)
	at org.testng.TestNG.run(TestNG.java:965)
	at org.apache.maven.surefire.testng.TestNGExecutor.run(TestNGExecutor.java:324)
	at org.apache.maven.surefire.testng.TestNGXmlTestSuite.execute(TestNGXmlTestSuite.java:74)
	at org.apache.maven.surefire.testng.TestNGProvider.invoke(TestNGProvider.java:123)
	at org.apache.maven.surefire.booter.ForkedBooter.runSuitesInProcess(ForkedBooter.java:456)
	at org.apache.maven.surefire.booter.ForkedBooter.execute(ForkedBooter.java:169)
	at org.apache.maven.surefire.booter.ForkedBooter.run(ForkedBooter.java:595)
	at org.apache.maven.surefire.booter.ForkedBooter.main(ForkedBooter.java:581)
</pre></div></td>
<td>0</td>
<td>com.tutorials.ninja.qa.testcases.LoginTest@4facf68f</td></tr>
<tr>
<td title='com.tutorials.ninja.qa.testcases.LoginTest.verifyNumberOfUnsuccessfulLoginAttempts()'><b>verifyNumberOfUnsuccessfulLoginAttempts</b><br>Test class: com.tutorials.ninja.qa.testcases.LoginTest</td>
<td><div><pre>java.lang.AssertionError: The following asserts failed:
	Warning message does not match did not expect to find [true] but found [false]
	at com.tutorials.ninja.qa.testcases.LoginTest.verifyNumberOfUnsuccessfulLoginAttempts(LoginTest.java:179)
... Removed 30 stack frames</pre></div><a href='#' onClick='toggleBox("stack-trace1122980374", this, "Click to show all stack frames", "Click to hide stack frames")'>Click to show all stack frames</a>
<div class='stack-trace' id='stack-trace1122980374'><pre>java.lang.AssertionError: The following asserts failed:
	Warning message does not match did not expect to find [true] but found [false]
	at org.testng.asserts.SoftAssert.assertAll(SoftAssert.java:47)
	at com.tutorials.ninja.qa.testcases.LoginTest.verifyNumberOfUnsuccessfulLoginAttempts(LoginTest.java:179)
	at sun.reflect.NativeMethodAccessorImpl.invoke0(Native Method)
	at sun.reflect.NativeMethodAccessorImpl.invoke(NativeMethodAccessorImpl.java:62)
	at sun.reflect.DelegatingMethodAccessorImpl.invoke(DelegatingMethodAccessorImpl.java:43)
	at java.lang.reflect.Method.invoke(Method.java:498)
	at org.testng.internal.MethodInvocationHelper.invokeMethod(MethodInvocationHelper.java:131)
	at org.testng.internal.Invoker.invokeMethod(Invoker.java:658)
	at org.testng.internal.Invoker.invokeTestMethod(Invoker.java:792)
	at org.testng.internal.Invoker.invokeTestMethods(Invoker.java:1103)
	at org.testng.internal.TestMethodWorker.invokeTestMethods(TestMethodWorker.java:140)
	at org.testng.internal.TestMethodWorker.run(TestMethodWorker.java:122)
	at org.testng.TestRunner.privateRun(TestRunner.java:739)
	at org.testng.TestRunner.run(TestRunner.java:589)
	at org.testng.SuiteRunner.runTest(SuiteRunner.java:398)
	at org.testng.SuiteRunner.runSequentially(SuiteRunner.java:392)
	at org.testng.SuiteRunner.privateRun(SuiteRunner.java:354)
	at org.testng.SuiteRunner.run(SuiteRunner.java:302)
	at org.testng.SuiteRunnerWorker.runSuite(SuiteRunnerWorker.java:53)
	at org.testng.SuiteRunnerWorker.run(SuiteRunnerWorker.java:96)
	at org.testng.TestNG.runSuitesSequentially(TestNG.java:1145)
	at org.testng.TestNG.runSuitesLocally(TestNG.java:1067)
	at org.testng.TestNG.runSuites(TestNG.java:997)
	at org.testng.TestNG.run(TestNG.java:965)
	at org.apache.maven.surefire.testng.TestNGExecutor.run(TestNGExecutor.java:324)
	at org.apache.maven.surefire.testng.TestNGXmlTestSuite.execute(TestNGXmlTestSuite.java:74)
	at org.apache.maven.surefire.testng.TestNGProvider.invoke(TestNGProvider.java:123)
	at org.apache.maven.surefire.booter.ForkedBooter.runSuitesInProcess(ForkedBooter.java:456)
	at org.apache.maven.surefire.booter.ForkedBooter.execute(ForkedBooter.java:169)
	at org.apache.maven.surefire.booter.ForkedBooter.run(ForkedBooter.java:595)
	at org.apache.maven.surefire.booter.ForkedBooter.main(ForkedBooter.java:581)
</pre></div></td>
<td>0</td>
<td>com.tutorials.ninja.qa.testcases.LoginTest@4facf68f</td></tr>
<tr>
<td title='com.tutorials.ninja.qa.testcases.LoginTest.verifyNumberOfUnsuccessfulLoginAttempts()'><b>verifyNumberOfUnsuccessfulLoginAttempts</b><br>Test class: com.tutorials.ninja.qa.testcases.LoginTest</td>
<td><div><pre>java.lang.AssertionError: The following asserts failed:
	Warning message does not match did not expect to find [true] but found [false]
	at com.tutorials.ninja.qa.testcases.LoginTest.verifyNumberOfUnsuccessfulLoginAttempts(LoginTest.java:179)
... Removed 30 stack frames</pre></div><a href='#' onClick='toggleBox("stack-trace2060145152", this, "Click to show all stack frames", "Click to hide stack frames")'>Click to show all stack frames</a>
<div class='stack-trace' id='stack-trace2060145152'><pre>java.lang.AssertionError: The following asserts failed:
	Warning message does not match did not expect to find [true] but found [false]
	at org.testng.asserts.SoftAssert.assertAll(SoftAssert.java:47)
	at com.tutorials.ninja.qa.testcases.LoginTest.verifyNumberOfUnsuccessfulLoginAttempts(LoginTest.java:179)
	at sun.reflect.NativeMethodAccessorImpl.invoke0(Native Method)
	at sun.reflect.NativeMethodAccessorImpl.invoke(NativeMethodAccessorImpl.java:62)
	at sun.reflect.DelegatingMethodAccessorImpl.invoke(DelegatingMethodAccessorImpl.java:43)
	at java.lang.reflect.Method.invoke(Method.java:498)
	at org.testng.internal.MethodInvocationHelper.invokeMethod(MethodInvocationHelper.java:131)
	at org.testng.internal.Invoker.invokeMethod(Invoker.java:658)
	at org.testng.internal.Invoker.invokeTestMethod(Invoker.java:792)
	at org.testng.internal.Invoker.invokeTestMethods(Invoker.java:1103)
	at org.testng.internal.TestMethodWorker.invokeTestMethods(TestMethodWorker.java:140)
	at org.testng.internal.TestMethodWorker.run(TestMethodWorker.java:122)
	at org.testng.TestRunner.privateRun(TestRunner.java:739)
	at org.testng.TestRunner.run(TestRunner.java:589)
	at org.testng.SuiteRunner.runTest(SuiteRunner.java:398)
	at org.testng.SuiteRunner.runSequentially(SuiteRunner.java:392)
	at org.testng.SuiteRunner.privateRun(SuiteRunner.java:354)
	at org.testng.SuiteRunner.run(SuiteRunner.java:302)
	at org.testng.SuiteRunnerWorker.runSuite(SuiteRunnerWorker.java:53)
	at org.testng.SuiteRunnerWorker.run(SuiteRunnerWorker.java:96)
	at org.testng.TestNG.runSuitesSequentially(TestNG.java:1145)
	at org.testng.TestNG.runSuitesLocally(TestNG.java:1067)
	at org.testng.TestNG.runSuites(TestNG.java:997)
	at org.testng.TestNG.run(TestNG.java:965)
	at org.apache.maven.surefire.testng.TestNGExecutor.run(TestNGExecutor.java:324)
	at org.apache.maven.surefire.testng.TestNGXmlTestSuite.execute(TestNGXmlTestSuite.java:74)
	at org.apache.maven.surefire.testng.TestNGProvider.invoke(TestNGProvider.java:123)
	at org.apache.maven.surefire.booter.ForkedBooter.runSuitesInProcess(ForkedBooter.java:456)
	at org.apache.maven.surefire.booter.ForkedBooter.execute(ForkedBooter.java:169)
	at org.apache.maven.surefire.booter.ForkedBooter.run(ForkedBooter.java:595)
	at org.apache.maven.surefire.booter.ForkedBooter.main(ForkedBooter.java:581)
</pre></div></td>
<td>0</td>
<td>com.tutorials.ninja.qa.testcases.LoginTest@4facf68f</td></tr>
<tr>
<td title='com.tutorials.ninja.qa.testcases.LoginTest.verifyNumberOfUnsuccessfulLoginAttempts()'><b>verifyNumberOfUnsuccessfulLoginAttempts</b><br>Test class: com.tutorials.ninja.qa.testcases.LoginTest</td>
<td><div><pre>java.lang.AssertionError: The following asserts failed:
	Warning message does not match did not expect to find [true] but found [false]
	at com.tutorials.ninja.qa.testcases.LoginTest.verifyNumberOfUnsuccessfulLoginAttempts(LoginTest.java:179)
... Removed 30 stack frames</pre></div><a href='#' onClick='toggleBox("stack-trace1676500398", this, "Click to show all stack frames", "Click to hide stack frames")'>Click to show all stack frames</a>
<div class='stack-trace' id='stack-trace1676500398'><pre>java.lang.AssertionError: The following asserts failed:
	Warning message does not match did not expect to find [true] but found [false]
	at org.testng.asserts.SoftAssert.assertAll(SoftAssert.java:47)
	at com.tutorials.ninja.qa.testcases.LoginTest.verifyNumberOfUnsuccessfulLoginAttempts(LoginTest.java:179)
	at sun.reflect.NativeMethodAccessorImpl.invoke0(Native Method)
	at sun.reflect.NativeMethodAccessorImpl.invoke(NativeMethodAccessorImpl.java:62)
	at sun.reflect.DelegatingMethodAccessorImpl.invoke(DelegatingMethodAccessorImpl.java:43)
	at java.lang.reflect.Method.invoke(Method.java:498)
	at org.testng.internal.MethodInvocationHelper.invokeMethod(MethodInvocationHelper.java:131)
	at org.testng.internal.Invoker.invokeMethod(Invoker.java:658)
	at org.testng.internal.Invoker.invokeTestMethod(Invoker.java:792)
	at org.testng.internal.Invoker.invokeTestMethods(Invoker.java:1103)
	at org.testng.internal.TestMethodWorker.invokeTestMethods(TestMethodWorker.java:140)
	at org.testng.internal.TestMethodWorker.run(TestMethodWorker.java:122)
	at org.testng.TestRunner.privateRun(TestRunner.java:739)
	at org.testng.TestRunner.run(TestRunner.java:589)
	at org.testng.SuiteRunner.runTest(SuiteRunner.java:398)
	at org.testng.SuiteRunner.runSequentially(SuiteRunner.java:392)
	at org.testng.SuiteRunner.privateRun(SuiteRunner.java:354)
	at org.testng.SuiteRunner.run(SuiteRunner.java:302)
	at org.testng.SuiteRunnerWorker.runSuite(SuiteRunnerWorker.java:53)
	at org.testng.SuiteRunnerWorker.run(SuiteRunnerWorker.java:96)
	at org.testng.TestNG.runSuitesSequentially(TestNG.java:1145)
	at org.testng.TestNG.runSuitesLocally(TestNG.java:1067)
	at org.testng.TestNG.runSuites(TestNG.java:997)
	at org.testng.TestNG.run(TestNG.java:965)
	at org.apache.maven.surefire.testng.TestNGExecutor.run(TestNGExecutor.java:324)
	at org.apache.maven.surefire.testng.TestNGXmlTestSuite.execute(TestNGXmlTestSuite.java:74)
	at org.apache.maven.surefire.testng.TestNGProvider.invoke(TestNGProvider.java:123)
	at org.apache.maven.surefire.booter.ForkedBooter.runSuitesInProcess(ForkedBooter.java:456)
	at org.apache.maven.surefire.booter.ForkedBooter.execute(ForkedBooter.java:169)
	at org.apache.maven.surefire.booter.ForkedBooter.run(ForkedBooter.java:595)
	at org.apache.maven.surefire.booter.ForkedBooter.main(ForkedBooter.java:581)
</pre></div></td>
<td>0</td>
<td>com.tutorials.ninja.qa.testcases.LoginTest@4facf68f</td></tr>
<tr>
<td title='com.tutorials.ninja.qa.testcases.LoginTest.verifyNumberOfUnsuccessfulLoginAttempts()'><b>verifyNumberOfUnsuccessfulLoginAttempts</b><br>Test class: com.tutorials.ninja.qa.testcases.LoginTest</td>
<td><div><pre>java.lang.AssertionError: The following asserts failed:
	Warning message does not match did not expect to find [true] but found [false]
	at com.tutorials.ninja.qa.testcases.LoginTest.verifyNumberOfUnsuccessfulLoginAttempts(LoginTest.java:179)
... Removed 30 stack frames</pre></div><a href='#' onClick='toggleBox("stack-trace1246335388", this, "Click to show all stack frames", "Click to hide stack frames")'>Click to show all stack frames</a>
<div class='stack-trace' id='stack-trace1246335388'><pre>java.lang.AssertionError: The following asserts failed:
	Warning message does not match did not expect to find [true] but found [false]
	at org.testng.asserts.SoftAssert.assertAll(SoftAssert.java:47)
	at com.tutorials.ninja.qa.testcases.LoginTest.verifyNumberOfUnsuccessfulLoginAttempts(LoginTest.java:179)
	at sun.reflect.NativeMethodAccessorImpl.invoke0(Native Method)
	at sun.reflect.NativeMethodAccessorImpl.invoke(NativeMethodAccessorImpl.java:62)
	at sun.reflect.DelegatingMethodAccessorImpl.invoke(DelegatingMethodAccessorImpl.java:43)
	at java.lang.reflect.Method.invoke(Method.java:498)
	at org.testng.internal.MethodInvocationHelper.invokeMethod(MethodInvocationHelper.java:131)
	at org.testng.internal.Invoker.invokeMethod(Invoker.java:658)
	at org.testng.internal.Invoker.invokeTestMethod(Invoker.java:792)
	at org.testng.internal.Invoker.invokeTestMethods(Invoker.java:1103)
	at org.testng.internal.TestMethodWorker.invokeTestMethods(TestMethodWorker.java:140)
	at org.testng.internal.TestMethodWorker.run(TestMethodWorker.java:122)
	at org.testng.TestRunner.privateRun(TestRunner.java:739)
	at org.testng.TestRunner.run(TestRunner.java:589)
	at org.testng.SuiteRunner.runTest(SuiteRunner.java:398)
	at org.testng.SuiteRunner.runSequentially(SuiteRunner.java:392)
	at org.testng.SuiteRunner.privateRun(SuiteRunner.java:354)
	at org.testng.SuiteRunner.run(SuiteRunner.java:302)
	at org.testng.SuiteRunnerWorker.runSuite(SuiteRunnerWorker.java:53)
	at org.testng.SuiteRunnerWorker.run(SuiteRunnerWorker.java:96)
	at org.testng.TestNG.runSuitesSequentially(TestNG.java:1145)
	at org.testng.TestNG.runSuitesLocally(TestNG.java:1067)
	at org.testng.TestNG.runSuites(TestNG.java:997)
	at org.testng.TestNG.run(TestNG.java:965)
	at org.apache.maven.surefire.testng.TestNGExecutor.run(TestNGExecutor.java:324)
	at org.apache.maven.surefire.testng.TestNGXmlTestSuite.execute(TestNGXmlTestSuite.java:74)
	at org.apache.maven.surefire.testng.TestNGProvider.invoke(TestNGProvider.java:123)
	at org.apache.maven.surefire.booter.ForkedBooter.runSuitesInProcess(ForkedBooter.java:456)
	at org.apache.maven.surefire.booter.ForkedBooter.execute(ForkedBooter.java:169)
	at org.apache.maven.surefire.booter.ForkedBooter.run(ForkedBooter.java:595)
	at org.apache.maven.surefire.booter.ForkedBooter.main(ForkedBooter.java:581)
</pre></div></td>
<td>0</td>
<td>com.tutorials.ninja.qa.testcases.LoginTest@4facf68f</td></tr>
<tr>
<td title='com.tutorials.ninja.qa.testcases.LoginTest.verifyNumberOfUnsuccessfulLoginAttempts()'><b>verifyNumberOfUnsuccessfulLoginAttempts</b><br>Test class: com.tutorials.ninja.qa.testcases.LoginTest</td>
<td><div><pre>java.lang.AssertionError: The following asserts failed:
	Warning message does not match did not expect to find [true] but found [false]
	at com.tutorials.ninja.qa.testcases.LoginTest.verifyNumberOfUnsuccessfulLoginAttempts(LoginTest.java:179)
... Removed 30 stack frames</pre></div><a href='#' onClick='toggleBox("stack-trace865918539", this, "Click to show all stack frames", "Click to hide stack frames")'>Click to show all stack frames</a>
<div class='stack-trace' id='stack-trace865918539'><pre>java.lang.AssertionError: The following asserts failed:
	Warning message does not match did not expect to find [true] but found [false]
	at org.testng.asserts.SoftAssert.assertAll(SoftAssert.java:47)
	at com.tutorials.ninja.qa.testcases.LoginTest.verifyNumberOfUnsuccessfulLoginAttempts(LoginTest.java:179)
	at sun.reflect.NativeMethodAccessorImpl.invoke0(Native Method)
	at sun.reflect.NativeMethodAccessorImpl.invoke(NativeMethodAccessorImpl.java:62)
	at sun.reflect.DelegatingMethodAccessorImpl.invoke(DelegatingMethodAccessorImpl.java:43)
	at java.lang.reflect.Method.invoke(Method.java:498)
	at org.testng.internal.MethodInvocationHelper.invokeMethod(MethodInvocationHelper.java:131)
	at org.testng.internal.Invoker.invokeMethod(Invoker.java:658)
	at org.testng.internal.Invoker.invokeTestMethod(Invoker.java:792)
	at org.testng.internal.Invoker.invokeTestMethods(Invoker.java:1103)
	at org.testng.internal.TestMethodWorker.invokeTestMethods(TestMethodWorker.java:140)
	at org.testng.internal.TestMethodWorker.run(TestMethodWorker.java:122)
	at org.testng.TestRunner.privateRun(TestRunner.java:739)
	at org.testng.TestRunner.run(TestRunner.java:589)
	at org.testng.SuiteRunner.runTest(SuiteRunner.java:398)
	at org.testng.SuiteRunner.runSequentially(SuiteRunner.java:392)
	at org.testng.SuiteRunner.privateRun(SuiteRunner.java:354)
	at org.testng.SuiteRunner.run(SuiteRunner.java:302)
	at org.testng.SuiteRunnerWorker.runSuite(SuiteRunnerWorker.java:53)
	at org.testng.SuiteRunnerWorker.run(SuiteRunnerWorker.java:96)
	at org.testng.TestNG.runSuitesSequentially(TestNG.java:1145)
	at org.testng.TestNG.runSuitesLocally(TestNG.java:1067)
	at org.testng.TestNG.runSuites(TestNG.java:997)
	at org.testng.TestNG.run(TestNG.java:965)
	at org.apache.maven.surefire.testng.TestNGExecutor.run(TestNGExecutor.java:324)
	at org.apache.maven.surefire.testng.TestNGXmlTestSuite.execute(TestNGXmlTestSuite.java:74)
	at org.apache.maven.surefire.testng.TestNGProvider.invoke(TestNGProvider.java:123)
	at org.apache.maven.surefire.booter.ForkedBooter.runSuitesInProcess(ForkedBooter.java:456)
	at org.apache.maven.surefire.booter.ForkedBooter.execute(ForkedBooter.java:169)
	at org.apache.maven.surefire.booter.ForkedBooter.run(ForkedBooter.java:595)
	at org.apache.maven.surefire.booter.ForkedBooter.main(ForkedBooter.java:581)
</pre></div></td>
<td>0</td>
<td>com.tutorials.ninja.qa.testcases.LoginTest@4facf68f</td></tr>
<tr>
<td title='com.tutorials.ninja.qa.testcases.LoginTest.verifyNumberOfUnsuccessfulLoginAttempts()'><b>verifyNumberOfUnsuccessfulLoginAttempts</b><br>Test class: com.tutorials.ninja.qa.testcases.LoginTest</td>
<td><div><pre>java.lang.AssertionError: The following asserts failed:
	Warning message does not match did not expect to find [true] but found [false]
	at com.tutorials.ninja.qa.testcases.LoginTest.verifyNumberOfUnsuccessfulLoginAttempts(LoginTest.java:179)
... Removed 30 stack frames</pre></div><a href='#' onClick='toggleBox("stack-trace810603641", this, "Click to show all stack frames", "Click to hide stack frames")'>Click to show all stack frames</a>
<div class='stack-trace' id='stack-trace810603641'><pre>java.lang.AssertionError: The following asserts failed:
	Warning message does not match did not expect to find [true] but found [false]
	at org.testng.asserts.SoftAssert.assertAll(SoftAssert.java:47)
	at com.tutorials.ninja.qa.testcases.LoginTest.verifyNumberOfUnsuccessfulLoginAttempts(LoginTest.java:179)
	at sun.reflect.NativeMethodAccessorImpl.invoke0(Native Method)
	at sun.reflect.NativeMethodAccessorImpl.invoke(NativeMethodAccessorImpl.java:62)
	at sun.reflect.DelegatingMethodAccessorImpl.invoke(DelegatingMethodAccessorImpl.java:43)
	at java.lang.reflect.Method.invoke(Method.java:498)
	at org.testng.internal.MethodInvocationHelper.invokeMethod(MethodInvocationHelper.java:131)
	at org.testng.internal.Invoker.invokeMethod(Invoker.java:658)
	at org.testng.internal.Invoker.invokeTestMethod(Invoker.java:792)
	at org.testng.internal.Invoker.invokeTestMethods(Invoker.java:1103)
	at org.testng.internal.TestMethodWorker.invokeTestMethods(TestMethodWorker.java:140)
	at org.testng.internal.TestMethodWorker.run(TestMethodWorker.java:122)
	at org.testng.TestRunner.privateRun(TestRunner.java:739)
	at org.testng.TestRunner.run(TestRunner.java:589)
	at org.testng.SuiteRunner.runTest(SuiteRunner.java:398)
	at org.testng.SuiteRunner.runSequentially(SuiteRunner.java:392)
	at org.testng.SuiteRunner.privateRun(SuiteRunner.java:354)
	at org.testng.SuiteRunner.run(SuiteRunner.java:302)
	at org.testng.SuiteRunnerWorker.runSuite(SuiteRunnerWorker.java:53)
	at org.testng.SuiteRunnerWorker.run(SuiteRunnerWorker.java:96)
	at org.testng.TestNG.runSuitesSequentially(TestNG.java:1145)
	at org.testng.TestNG.runSuitesLocally(TestNG.java:1067)
	at org.testng.TestNG.runSuites(TestNG.java:997)
	at org.testng.TestNG.run(TestNG.java:965)
	at org.apache.maven.surefire.testng.TestNGExecutor.run(TestNGExecutor.java:324)
	at org.apache.maven.surefire.testng.TestNGXmlTestSuite.execute(TestNGXmlTestSuite.java:74)
	at org.apache.maven.surefire.testng.TestNGProvider.invoke(TestNGProvider.java:123)
	at org.apache.maven.surefire.booter.ForkedBooter.runSuitesInProcess(ForkedBooter.java:456)
	at org.apache.maven.surefire.booter.ForkedBooter.execute(ForkedBooter.java:169)
	at org.apache.maven.surefire.booter.ForkedBooter.run(ForkedBooter.java:595)
	at org.apache.maven.surefire.booter.ForkedBooter.main(ForkedBooter.java:581)
</pre></div></td>
<td>0</td>
<td>com.tutorials.ninja.qa.testcases.LoginTest@4facf68f</td></tr>
<tr>
<td title='com.tutorials.ninja.qa.testcases.LoginTest.verifyProperLogoutAfterLogin()'><b>verifyProperLogoutAfterLogin</b><br>Test class: com.tutorials.ninja.qa.testcases.LoginTest</td>
<td><div><pre>java.lang.AssertionError: The following asserts failed:
	Warning message does not match did not expect to find [true] but found [false]
	at com.tutorials.ninja.qa.testcases.LoginTest.verifyProperLogoutAfterLogin(LoginTest.java:234)
... Removed 30 stack frames</pre></div><a href='#' onClick='toggleBox("stack-trace794413935", this, "Click to show all stack frames", "Click to hide stack frames")'>Click to show all stack frames</a>
<div class='stack-trace' id='stack-trace794413935'><pre>java.lang.AssertionError: The following asserts failed:
	Warning message does not match did not expect to find [true] but found [false]
	at org.testng.asserts.SoftAssert.assertAll(SoftAssert.java:47)
	at com.tutorials.ninja.qa.testcases.LoginTest.verifyProperLogoutAfterLogin(LoginTest.java:234)
	at sun.reflect.NativeMethodAccessorImpl.invoke0(Native Method)
	at sun.reflect.NativeMethodAccessorImpl.invoke(NativeMethodAccessorImpl.java:62)
	at sun.reflect.DelegatingMethodAccessorImpl.invoke(DelegatingMethodAccessorImpl.java:43)
	at java.lang.reflect.Method.invoke(Method.java:498)
	at org.testng.internal.MethodInvocationHelper.invokeMethod(MethodInvocationHelper.java:131)
	at org.testng.internal.Invoker.invokeMethod(Invoker.java:658)
	at org.testng.internal.Invoker.invokeTestMethod(Invoker.java:792)
	at org.testng.internal.Invoker.invokeTestMethods(Invoker.java:1103)
	at org.testng.internal.TestMethodWorker.invokeTestMethods(TestMethodWorker.java:140)
	at org.testng.internal.TestMethodWorker.run(TestMethodWorker.java:122)
	at org.testng.TestRunner.privateRun(TestRunner.java:739)
	at org.testng.TestRunner.run(TestRunner.java:589)
	at org.testng.SuiteRunner.runTest(SuiteRunner.java:398)
	at org.testng.SuiteRunner.runSequentially(SuiteRunner.java:392)
	at org.testng.SuiteRunner.privateRun(SuiteRunner.java:354)
	at org.testng.SuiteRunner.run(SuiteRunner.java:302)
	at org.testng.SuiteRunnerWorker.runSuite(SuiteRunnerWorker.java:53)
	at org.testng.SuiteRunnerWorker.run(SuiteRunnerWorker.java:96)
	at org.testng.TestNG.runSuitesSequentially(TestNG.java:1145)
	at org.testng.TestNG.runSuitesLocally(TestNG.java:1067)
	at org.testng.TestNG.runSuites(TestNG.java:997)
	at org.testng.TestNG.run(TestNG.java:965)
	at org.apache.maven.surefire.testng.TestNGExecutor.run(TestNGExecutor.java:324)
	at org.apache.maven.surefire.testng.TestNGXmlTestSuite.execute(TestNGXmlTestSuite.java:74)
	at org.apache.maven.surefire.testng.TestNGProvider.invoke(TestNGProvider.java:123)
	at org.apache.maven.surefire.booter.ForkedBooter.runSuitesInProcess(ForkedBooter.java:456)
	at org.apache.maven.surefire.booter.ForkedBooter.execute(ForkedBooter.java:169)
	at org.apache.maven.surefire.booter.ForkedBooter.run(ForkedBooter.java:595)
	at org.apache.maven.surefire.booter.ForkedBooter.main(ForkedBooter.java:581)
</pre></div></td>
<td>1</td>
<td>com.tutorials.ninja.qa.testcases.LoginTest@4facf68f</td></tr>
<tr>
<td title='com.tutorials.ninja.qa.testcases.LoginTest.verifyProperLogoutAfterUpdatingThePassword()'><b>verifyProperLogoutAfterUpdatingThePassword</b><br>Test class: com.tutorials.ninja.qa.testcases.LoginTest</td>
<td><div><pre>java.lang.AssertionError: The following asserts failed:
	Warning message does not match did not expect to find [true] but found [false]
	at com.tutorials.ninja.qa.testcases.LoginTest.verifyProperLogoutAfterUpdatingThePassword(LoginTest.java:285)
... Removed 30 stack frames</pre></div><a href='#' onClick='toggleBox("stack-trace1205873289", this, "Click to show all stack frames", "Click to hide stack frames")'>Click to show all stack frames</a>
<div class='stack-trace' id='stack-trace1205873289'><pre>java.lang.AssertionError: The following asserts failed:
	Warning message does not match did not expect to find [true] but found [false]
	at org.testng.asserts.SoftAssert.assertAll(SoftAssert.java:47)
	at com.tutorials.ninja.qa.testcases.LoginTest.verifyProperLogoutAfterUpdatingThePassword(LoginTest.java:285)
	at sun.reflect.NativeMethodAccessorImpl.invoke0(Native Method)
	at sun.reflect.NativeMethodAccessorImpl.invoke(NativeMethodAccessorImpl.java:62)
	at sun.reflect.DelegatingMethodAccessorImpl.invoke(DelegatingMethodAccessorImpl.java:43)
	at java.lang.reflect.Method.invoke(Method.java:498)
	at org.testng.internal.MethodInvocationHelper.invokeMethod(MethodInvocationHelper.java:131)
	at org.testng.internal.Invoker.invokeMethod(Invoker.java:658)
	at org.testng.internal.Invoker.invokeTestMethod(Invoker.java:792)
	at org.testng.internal.Invoker.invokeTestMethods(Invoker.java:1103)
	at org.testng.internal.TestMethodWorker.invokeTestMethods(TestMethodWorker.java:140)
	at org.testng.internal.TestMethodWorker.run(TestMethodWorker.java:122)
	at org.testng.TestRunner.privateRun(TestRunner.java:739)
	at org.testng.TestRunner.run(TestRunner.java:589)
	at org.testng.SuiteRunner.runTest(SuiteRunner.java:398)
	at org.testng.SuiteRunner.runSequentially(SuiteRunner.java:392)
	at org.testng.SuiteRunner.privateRun(SuiteRunner.java:354)
	at org.testng.SuiteRunner.run(SuiteRunner.java:302)
	at org.testng.SuiteRunnerWorker.runSuite(SuiteRunnerWorker.java:53)
	at org.testng.SuiteRunnerWorker.run(SuiteRunnerWorker.java:96)
	at org.testng.TestNG.runSuitesSequentially(TestNG.java:1145)
	at org.testng.TestNG.runSuitesLocally(TestNG.java:1067)
	at org.testng.TestNG.runSuites(TestNG.java:997)
	at org.testng.TestNG.run(TestNG.java:965)
	at org.apache.maven.surefire.testng.TestNGExecutor.run(TestNGExecutor.java:324)
	at org.apache.maven.surefire.testng.TestNGXmlTestSuite.execute(TestNGXmlTestSuite.java:74)
	at org.apache.maven.surefire.testng.TestNGProvider.invoke(TestNGProvider.java:123)
	at org.apache.maven.surefire.booter.ForkedBooter.runSuitesInProcess(ForkedBooter.java:456)
	at org.apache.maven.surefire.booter.ForkedBooter.execute(ForkedBooter.java:169)
	at org.apache.maven.surefire.booter.ForkedBooter.run(ForkedBooter.java:595)
	at org.apache.maven.surefire.booter.ForkedBooter.main(ForkedBooter.java:581)
</pre></div></td>
<td>2</td>
<td>com.tutorials.ninja.qa.testcases.LoginTest@4facf68f</td></tr>
<tr>
<td title='com.tutorials.ninja.qa.testcases.LoginTest.verifyTabKeyOfTheKeyboardWorksOnLoginPage()'><b>verifyTabKeyOfTheKeyboardWorksOnLoginPage</b><br>Test class: com.tutorials.ninja.qa.testcases.LoginTest</td>
<td><div><pre>java.lang.AssertionError: The following asserts failed:
	Warning message does not match did not expect to find [true] but found [false]
	at com.tutorials.ninja.qa.testcases.LoginTest.verifyTabKeyOfTheKeyboardWorksOnLoginPage(LoginTest.java:395)
... Removed 30 stack frames</pre></div><a href='#' onClick='toggleBox("stack-trace1818730877", this, "Click to show all stack frames", "Click to hide stack frames")'>Click to show all stack frames</a>
<div class='stack-trace' id='stack-trace1818730877'><pre>java.lang.AssertionError: The following asserts failed:
	Warning message does not match did not expect to find [true] but found [false]
	at org.testng.asserts.SoftAssert.assertAll(SoftAssert.java:47)
	at com.tutorials.ninja.qa.testcases.LoginTest.verifyTabKeyOfTheKeyboardWorksOnLoginPage(LoginTest.java:395)
	at sun.reflect.NativeMethodAccessorImpl.invoke0(Native Method)
	at sun.reflect.NativeMethodAccessorImpl.invoke(NativeMethodAccessorImpl.java:62)
	at sun.reflect.DelegatingMethodAccessorImpl.invoke(DelegatingMethodAccessorImpl.java:43)
	at java.lang.reflect.Method.invoke(Method.java:498)
	at org.testng.internal.MethodInvocationHelper.invokeMethod(MethodInvocationHelper.java:131)
	at org.testng.internal.Invoker.invokeMethod(Invoker.java:658)
	at org.testng.internal.Invoker.invokeTestMethod(Invoker.java:792)
	at org.testng.internal.Invoker.invokeTestMethods(Invoker.java:1103)
	at org.testng.internal.TestMethodWorker.invokeTestMethods(TestMethodWorker.java:140)
	at org.testng.internal.TestMethodWorker.run(TestMethodWorker.java:122)
	at org.testng.TestRunner.privateRun(TestRunner.java:739)
	at org.testng.TestRunner.run(TestRunner.java:589)
	at org.testng.SuiteRunner.runTest(SuiteRunner.java:398)
	at org.testng.SuiteRunner.runSequentially(SuiteRunner.java:392)
	at org.testng.SuiteRunner.privateRun(SuiteRunner.java:354)
	at org.testng.SuiteRunner.run(SuiteRunner.java:302)
	at org.testng.SuiteRunnerWorker.runSuite(SuiteRunnerWorker.java:53)
	at org.testng.SuiteRunnerWorker.run(SuiteRunnerWorker.java:96)
	at org.testng.TestNG.runSuitesSequentially(TestNG.java:1145)
	at org.testng.TestNG.runSuitesLocally(TestNG.java:1067)
	at org.testng.TestNG.runSuites(TestNG.java:997)
	at org.testng.TestNG.run(TestNG.java:965)
	at org.apache.maven.surefire.testng.TestNGExecutor.run(TestNGExecutor.java:324)
	at org.apache.maven.surefire.testng.TestNGXmlTestSuite.execute(TestNGXmlTestSuite.java:74)
	at org.apache.maven.surefire.testng.TestNGProvider.invoke(TestNGProvider.java:123)
	at org.apache.maven.surefire.booter.ForkedBooter.runSuitesInProcess(ForkedBooter.java:456)
	at org.apache.maven.surefire.booter.ForkedBooter.execute(ForkedBooter.java:169)
	at org.apache.maven.surefire.booter.ForkedBooter.run(ForkedBooter.java:595)
	at org.apache.maven.surefire.booter.ForkedBooter.main(ForkedBooter.java:581)
</pre></div></td>
<td>0</td>
<td>com.tutorials.ninja.qa.testcases.LoginTest@4facf68f</td></tr>
<tr>
<td title='com.tutorials.ninja.qa.testcases.LoginTest.verifyWorkingOfBackspaceKeyOnLoginPage()'><b>verifyWorkingOfBackspaceKeyOnLoginPage</b><br>Test class: com.tutorials.ninja.qa.testcases.LoginTest</td>
<td><div><pre>java.lang.AssertionError: The following asserts failed:
	Warning message does not match did not expect to find [true] but found [false]
	at com.tutorials.ninja.qa.testcases.LoginTest.verifyWorkingOfBackspaceKeyOnLoginPage(LoginTest.java:352)
... Removed 30 stack frames</pre></div><a href='#' onClick='toggleBox("stack-trace576244244", this, "Click to show all stack frames", "Click to hide stack frames")'>Click to show all stack frames</a>
<div class='stack-trace' id='stack-trace576244244'><pre>java.lang.AssertionError: The following asserts failed:
	Warning message does not match did not expect to find [true] but found [false]
	at org.testng.asserts.SoftAssert.assertAll(SoftAssert.java:47)
	at com.tutorials.ninja.qa.testcases.LoginTest.verifyWorkingOfBackspaceKeyOnLoginPage(LoginTest.java:352)
	at sun.reflect.NativeMethodAccessorImpl.invoke0(Native Method)
	at sun.reflect.NativeMethodAccessorImpl.invoke(NativeMethodAccessorImpl.java:62)
	at sun.reflect.DelegatingMethodAccessorImpl.invoke(DelegatingMethodAccessorImpl.java:43)
	at java.lang.reflect.Method.invoke(Method.java:498)
	at org.testng.internal.MethodInvocationHelper.invokeMethod(MethodInvocationHelper.java:131)
	at org.testng.internal.Invoker.invokeMethod(Invoker.java:658)
	at org.testng.internal.Invoker.invokeTestMethod(Invoker.java:792)
	at org.testng.internal.Invoker.invokeTestMethods(Invoker.java:1103)
	at org.testng.internal.TestMethodWorker.invokeTestMethods(TestMethodWorker.java:140)
	at org.testng.internal.TestMethodWorker.run(TestMethodWorker.java:122)
	at org.testng.TestRunner.privateRun(TestRunner.java:739)
	at org.testng.TestRunner.run(TestRunner.java:589)
	at org.testng.SuiteRunner.runTest(SuiteRunner.java:398)
	at org.testng.SuiteRunner.runSequentially(SuiteRunner.java:392)
	at org.testng.SuiteRunner.privateRun(SuiteRunner.java:354)
	at org.testng.SuiteRunner.run(SuiteRunner.java:302)
	at org.testng.SuiteRunnerWorker.runSuite(SuiteRunnerWorker.java:53)
	at org.testng.SuiteRunnerWorker.run(SuiteRunnerWorker.java:96)
	at org.testng.TestNG.runSuitesSequentially(TestNG.java:1145)
	at org.testng.TestNG.runSuitesLocally(TestNG.java:1067)
	at org.testng.TestNG.runSuites(TestNG.java:997)
	at org.testng.TestNG.run(TestNG.java:965)
	at org.apache.maven.surefire.testng.TestNGExecutor.run(TestNGExecutor.java:324)
	at org.apache.maven.surefire.testng.TestNGXmlTestSuite.execute(TestNGXmlTestSuite.java:74)
	at org.apache.maven.surefire.testng.TestNGProvider.invoke(TestNGProvider.java:123)
	at org.apache.maven.surefire.booter.ForkedBooter.runSuitesInProcess(ForkedBooter.java:456)
	at org.apache.maven.surefire.booter.ForkedBooter.execute(ForkedBooter.java:169)
	at org.apache.maven.surefire.booter.ForkedBooter.run(ForkedBooter.java:595)
	at org.apache.maven.surefire.booter.ForkedBooter.main(ForkedBooter.java:581)
</pre></div></td>
<td>0</td>
<td>com.tutorials.ninja.qa.testcases.LoginTest@4facf68f</td></tr>
</table><p>
<table width='100%' border='1' class='invocation-passed'>
<tr><td colspan='4' align='center'><b>PASSED TESTS</b></td></tr>
<tr><td><b>Test method</b></td>
<td width="30%"><b>Exception</b></td>
<td width="10%"><b>Time (seconds)</b></td>
<td><b>Instance</b></td>
</tr>
<tr>
<td title='com.tutorials.ninja.qa.testcases.RegisterTest.verifyBACKSPACEofKeyboardWorksInRegisterPage()'><b>verifyBACKSPACEofKeyboardWorksInRegisterPage</b><br>Test class: com.tutorials.ninja.qa.testcases.RegisterTest</td>
<td></td>
<td>0</td>
<td>com.tutorials.ninja.qa.testcases.RegisterTest@76508ed1</td></tr>
<tr>
<td title='com.tutorials.ninja.qa.testcases.SearchProductTest.verifyClickingOnCamerasLink()'><b>verifyClickingOnCamerasLink</b><br>Test class: com.tutorials.ninja.qa.testcases.SearchProductTest</td>
<td></td>
<td>0</td>
<td>com.tutorials.ninja.qa.testcases.SearchProductTest@41e36e46</td></tr>
<tr>
<td title='com.tutorials.ninja.qa.testcases.SearchProductTest.verifyClickingOnComponentsLink()'><b>verifyClickingOnComponentsLink</b><br>Test class: com.tutorials.ninja.qa.testcases.SearchProductTest</td>
<td></td>
<td>0</td>
<td>com.tutorials.ninja.qa.testcases.SearchProductTest@41e36e46</td></tr>
<tr>
<td title='com.tutorials.ninja.qa.testcases.SearchProductTest.verifyClickingOnComponentsSublinkMiceAndTrackballs()'><b>verifyClickingOnComponentsSublinkMiceAndTrackballs</b><br>Test class: com.tutorials.ninja.qa.testcases.SearchProductTest</td>
<td></td>
<td>0</td>
<td>com.tutorials.ninja.qa.testcases.SearchProductTest@41e36e46</td></tr>
<tr>
<td title='com.tutorials.ninja.qa.testcases.SearchProductTest.verifyClickingOnComponentsSublinkMonitor()'><b>verifyClickingOnComponentsSublinkMonitor</b><br>Test class: com.tutorials.ninja.qa.testcases.SearchProductTest</td>
<td></td>
<td>0</td>
<td>com.tutorials.ninja.qa.testcases.SearchProductTest@41e36e46</td></tr>
<tr>
<td title='com.tutorials.ninja.qa.testcases.SearchProductTest.verifyClickingOnComponentsSublinkPrinters()'><b>verifyClickingOnComponentsSublinkPrinters</b><br>Test class: com.tutorials.ninja.qa.testcases.SearchProductTest</td>
<td></td>
<td>0</td>
<td>com.tutorials.ninja.qa.testcases.SearchProductTest@41e36e46</td></tr>
<tr>
<td title='com.tutorials.ninja.qa.testcases.SearchProductTest.verifyClickingOnComponentsSublinkScanners()'><b>verifyClickingOnComponentsSublinkScanners</b><br>Test class: com.tutorials.ninja.qa.testcases.SearchProductTest</td>
<td></td>
<td>0</td>
<td>com.tutorials.ninja.qa.testcases.SearchProductTest@41e36e46</td></tr>
<tr>
<td title='com.tutorials.ninja.qa.testcases.SearchProductTest.verifyClickingOnComponentsSublinkWebCameras()'><b>verifyClickingOnComponentsSublinkWebCameras</b><br>Test class: com.tutorials.ninja.qa.testcases.SearchProductTest</td>
<td></td>
<td>0</td>
<td>com.tutorials.ninja.qa.testcases.SearchProductTest@41e36e46</td></tr>
<tr>
<td title='com.tutorials.ninja.qa.testcases.SearchProductTest.verifyClickingOnDesktopsLink()'><b>verifyClickingOnDesktopsLink</b><br>Test class: com.tutorials.ninja.qa.testcases.SearchProductTest</td>
<td></td>
<td>0</td>
<td>com.tutorials.ninja.qa.testcases.SearchProductTest@41e36e46</td></tr>
<tr>
<td title='com.tutorials.ninja.qa.testcases.SearchProductTest.verifyClickingOnDesktopsSublinkMac()'><b>verifyClickingOnDesktopsSublinkMac</b><br>Test class: com.tutorials.ninja.qa.testcases.SearchProductTest</td>
<td></td>
<td>0</td>
<td>com.tutorials.ninja.qa.testcases.SearchProductTest@41e36e46</td></tr>
<tr>
<td title='com.tutorials.ninja.qa.testcases.SearchProductTest.verifyClickingOnDesktopsSublinkPC()'><b>verifyClickingOnDesktopsSublinkPC</b><br>Test class: com.tutorials.ninja.qa.testcases.SearchProductTest</td>
<td></td>
<td>3</td>
<td>com.tutorials.ninja.qa.testcases.SearchProductTest@41e36e46</td></tr>
<tr>
<td title='com.tutorials.ninja.qa.testcases.SearchProductTest.verifyClickingOnDesktopsSublinkShowAllDesktops()'><b>verifyClickingOnDesktopsSublinkShowAllDesktops</b><br>Test class: com.tutorials.ninja.qa.testcases.SearchProductTest</td>
<td></td>
<td>0</td>
<td>com.tutorials.ninja.qa.testcases.SearchProductTest@41e36e46</td></tr>
<tr>
<td title='com.tutorials.ninja.qa.testcases.SearchProductTest.verifyClickingOnLaptopsAndNotebooksLink()'><b>verifyClickingOnLaptopsAndNotebooksLink</b><br>Test class: com.tutorials.ninja.qa.testcases.SearchProductTest</td>
<td></td>
<td>0</td>
<td>com.tutorials.ninja.qa.testcases.SearchProductTest@41e36e46</td></tr>
<tr>
<td title='com.tutorials.ninja.qa.testcases.SearchProductTest.verifyClickingOnLaptopsAndNotebooksSublinkMacs()'><b>verifyClickingOnLaptopsAndNotebooksSublinkMacs</b><br>Test class: com.tutorials.ninja.qa.testcases.SearchProductTest</td>
<td></td>
<td>0</td>
<td>com.tutorials.ninja.qa.testcases.SearchProductTest@41e36e46</td></tr>
<tr>
<td title='com.tutorials.ninja.qa.testcases.SearchProductTest.verifyClickingOnLaptopsAndNotebooksSublinkShowAll()'><b>verifyClickingOnLaptopsAndNotebooksSublinkShowAll</b><br>Test class: com.tutorials.ninja.qa.testcases.SearchProductTest</td>
<td></td>
<td>0</td>
<td>com.tutorials.ninja.qa.testcases.SearchProductTest@41e36e46</td></tr>
<tr>
<td title='com.tutorials.ninja.qa.testcases.SearchProductTest.verifyClickingOnLaptopsAndNotebooksSublinkWindows()'><b>verifyClickingOnLaptopsAndNotebooksSublinkWindows</b><br>Test class: com.tutorials.ninja.qa.testcases.SearchProductTest</td>
<td></td>
<td>0</td>
<td>com.tutorials.ninja.qa.testcases.SearchProductTest@41e36e46</td></tr>
<tr>
<td title='com.tutorials.ninja.qa.testcases.SearchProductTest.verifyClickingOnMP3PlayersLink()'><b>verifyClickingOnMP3PlayersLink</b><br>Test class: com.tutorials.ninja.qa.testcases.SearchProductTest</td>
<td></td>
<td>0</td>
<td>com.tutorials.ninja.qa.testcases.SearchProductTest@41e36e46</td></tr>
<tr>
<td title='com.tutorials.ninja.qa.testcases.SearchProductTest.verifyClickingOnPhonesAndPDAsLink()'><b>verifyClickingOnPhonesAndPDAsLink</b><br>Test class: com.tutorials.ninja.qa.testcases.SearchProductTest</td>
<td></td>
<td>1</td>
<td>com.tutorials.ninja.qa.testcases.SearchProductTest@41e36e46</td></tr>
<tr>
<td title='com.tutorials.ninja.qa.testcases.SearchProductTest.verifyClickingOnSoftwareLink()'><b>verifyClickingOnSoftwareLink</b><br>Test class: com.tutorials.ninja.qa.testcases.SearchProductTest</td>
<td></td>
<td>0</td>
<td>com.tutorials.ninja.qa.testcases.SearchProductTest@41e36e46</td></tr>
<tr>
<td title='com.tutorials.ninja.qa.testcases.SearchProductTest.verifyClickingOnTabletsLink()'><b>verifyClickingOnTabletsLink</b><br>Test class: com.tutorials.ninja.qa.testcases.SearchProductTest</td>
<td></td>
<td>0</td>
<td>com.tutorials.ninja.qa.testcases.SearchProductTest@41e36e46</td></tr>
<tr>
<td title='com.tutorials.ninja.qa.testcases.RegisterTest.verifyCopyAndPasteWorksOnRegisterPage()'><b>verifyCopyAndPasteWorksOnRegisterPage</b><br>Test class: com.tutorials.ninja.qa.testcases.RegisterTest</td>
<td></td>
<td>0</td>
<td>com.tutorials.ninja.qa.testcases.RegisterTest@76508ed1</td></tr>
<tr>
<td title='com.tutorials.ninja.qa.testcases.SearchProductTest.verifyCorrectResultsAreDisplayedAfterASearch()'><b>verifyCorrectResultsAreDisplayedAfterASearch</b><br>Test class: com.tutorials.ninja.qa.testcases.SearchProductTest</td>
<td></td>
<td>0</td>
<td>com.tutorials.ninja.qa.testcases.SearchProductTest@41e36e46</td></tr>
<tr>
<td title='com.tutorials.ninja.qa.testcases.RegisterTest.verifyENTERKeyOfKeyboardWorksOnRegistrationPage()'><b>verifyENTERKeyOfKeyboardWorksOnRegistrationPage</b><br>Test class: com.tutorials.ninja.qa.testcases.RegisterTest</td>
<td></td>
<td>1</td>
<td>com.tutorials.ninja.qa.testcases.RegisterTest@76508ed1</td></tr>
<tr>
<td title='com.tutorials.ninja.qa.testcases.RegisterTest.verifyLoginAfterRegistration()'><b>verifyLoginAfterRegistration</b><br>Test class: com.tutorials.ninja.qa.testcases.RegisterTest</td>
<td></td>
<td>1</td>
<td>com.tutorials.ninja.qa.testcases.RegisterTest@76508ed1</td></tr>
<tr>
<td title='com.tutorials.ninja.qa.testcases.LoginTest.verifyLoginIntoApplicationAndBrowsingBackWithoutBeingLoggedOut()'><b>verifyLoginIntoApplicationAndBrowsingBackWithoutBeingLoggedOut</b><br>Test class: com.tutorials.ninja.qa.testcases.LoginTest</td>
<td></td>
<td>0</td>
<td>com.tutorials.ninja.qa.testcases.LoginTest@4facf68f</td></tr>
<tr>
<td title='com.tutorials.ninja.qa.testcases.LoginTest.verifyLoginUsingBlankCredentials()'><b>verifyLoginUsingBlankCredentials</b><br>Test class: com.tutorials.ninja.qa.testcases.LoginTest</td>
<td></td>
<td>0</td>
<td>com.tutorials.ninja.qa.testcases.LoginTest@4facf68f</td></tr>
<tr>
<td title='com.tutorials.ninja.qa.testcases.LoginTest.verifyLoginUsingBlankEmailandValidPassword()'><b>verifyLoginUsingBlankEmailandValidPassword</b><br>Test class: com.tutorials.ninja.qa.testcases.LoginTest</td>
<td></td>
<td>0</td>
<td>com.tutorials.ninja.qa.testcases.LoginTest@4facf68f</td></tr>
<tr>
<td title='com.tutorials.ninja.qa.testcases.LoginTest.verifyLoginUsingInactiveCredentials()'><b>verifyLoginUsingInactiveCredentials</b><br>Test class: com.tutorials.ninja.qa.testcases.LoginTest</td>
<td></td>
<td>0</td>
<td>com.tutorials.ninja.qa.testcases.LoginTest@4facf68f</td></tr>
<tr>
<td title='com.tutorials.ninja.qa.testcases.LoginTest.verifyLoginUsingInvalidCredentials()'><b>verifyLoginUsingInvalidCredentials</b><br>Test class: com.tutorials.ninja.qa.testcases.LoginTest</td>
<td></td>
<td>0</td>
<td>com.tutorials.ninja.qa.testcases.LoginTest@4facf68f</td></tr>
<tr>
<td title='com.tutorials.ninja.qa.testcases.LoginTest.verifyLoginUsingInvalidEmailandValidPassword()'><b>verifyLoginUsingInvalidEmailandValidPassword</b><br>Test class: com.tutorials.ninja.qa.testcases.LoginTest</td>
<td></td>
<td>0</td>
<td>com.tutorials.ninja.qa.testcases.LoginTest@4facf68f</td></tr>
<tr>
<td title='com.tutorials.ninja.qa.testcases.LoginTest.verifyLoginUsingValidCredentials()'><b>verifyLoginUsingValidCredentials</b><br>Test class: com.tutorials.ninja.qa.testcases.LoginTest<br>Parameters: rafselenium3@yahoo.com, Selenium@123</td>
<td></td>
<td>0</td>
<td>com.tutorials.ninja.qa.testcases.LoginTest@4facf68f</td></tr>
<tr>
<td title='com.tutorials.ninja.qa.testcases.LoginTest.verifyLoginUsingValidEmailandBlankPassword()'><b>verifyLoginUsingValidEmailandBlankPassword</b><br>Test class: com.tutorials.ninja.qa.testcases.LoginTest</td>
<td></td>
<td>0</td>
<td>com.tutorials.ninja.qa.testcases.LoginTest@4facf68f</td></tr>
<tr>
<td title='com.tutorials.ninja.qa.testcases.LoginTest.verifyLoginUsingValidEmailandInvalidPassword()'><b>verifyLoginUsingValidEmailandInvalidPassword</b><br>Test class: com.tutorials.ninja.qa.testcases.LoginTest</td>
<td></td>
<td>0</td>
<td>com.tutorials.ninja.qa.testcases.LoginTest@4facf68f</td></tr>
<tr>
<td title='com.tutorials.ninja.qa.testcases.RegisterTest.verifyNavigateBACKcommandInRegisterPage()'><b>verifyNavigateBACKcommandInRegisterPage</b><br>Test class: com.tutorials.ninja.qa.testcases.RegisterTest</td>
<td></td>
<td>0</td>
<td>com.tutorials.ninja.qa.testcases.RegisterTest@76508ed1</td></tr>
<tr>
<td title='com.tutorials.ninja.qa.testcases.RegisterTest.verifyNavigateTOcommandInRegisterPage()'><b>verifyNavigateTOcommandInRegisterPage</b><br>Test class: com.tutorials.ninja.qa.testcases.RegisterTest</td>
<td></td>
<td>0</td>
<td>com.tutorials.ninja.qa.testcases.RegisterTest@76508ed1</td></tr>
<tr>
<td title='com.tutorials.ninja.qa.testcases.LoginTest.verifyNavigationBACKcommandInLoginPage()'><b>verifyNavigationBACKcommandInLoginPage</b><br>Test class: com.tutorials.ninja.qa.testcases.LoginTest</td>
<td></td>
<td>1</td>
<td>com.tutorials.ninja.qa.testcases.LoginTest@4facf68f</td></tr>
<tr>
<td title='com.tutorials.ninja.qa.testcases.RegisterTest.verifyNavigationFORWARDcommandInRegisterPage()'><b>verifyNavigationFORWARDcommandInRegisterPage</b><br>Test class: com.tutorials.ninja.qa.testcases.RegisterTest</td>
<td></td>
<td>0</td>
<td>com.tutorials.ninja.qa.testcases.RegisterTest@76508ed1</td></tr>
<tr>
<td title='com.tutorials.ninja.qa.testcases.LoginTest.verifyNavigationFORWARDcommandOfLoginPage()'><b>verifyNavigationFORWARDcommandOfLoginPage</b><br>Test class: com.tutorials.ninja.qa.testcases.LoginTest</td>
<td></td>
<td>0</td>
<td>com.tutorials.ninja.qa.testcases.LoginTest@4facf68f</td></tr>
<tr>
<td title='com.tutorials.ninja.qa.testcases.LoginTest.verifyNavigationREFRESHcommandInLoginPage()'><b>verifyNavigationREFRESHcommandInLoginPage</b><br>Test class: com.tutorials.ninja.qa.testcases.LoginTest</td>
<td></td>
<td>0</td>
<td>com.tutorials.ninja.qa.testcases.LoginTest@4facf68f</td></tr>
<tr>
<td title='com.tutorials.ninja.qa.testcases.RegisterTest.verifyNavigationREFRESHcommandInRegisterPage()'><b>verifyNavigationREFRESHcommandInRegisterPage</b><br>Test class: com.tutorials.ninja.qa.testcases.RegisterTest</td>
<td></td>
<td>0</td>
<td>com.tutorials.ninja.qa.testcases.RegisterTest@76508ed1</td></tr>
<tr>
<td title='com.tutorials.ninja.qa.testcases.LoginTest.verifyNavigationTOcommandInLoginPage()'><b>verifyNavigationTOcommandInLoginPage</b><br>Test class: com.tutorials.ninja.qa.testcases.LoginTest</td>
<td></td>
<td>0</td>
<td>com.tutorials.ninja.qa.testcases.LoginTest@4facf68f</td></tr>
<tr>
<td title='com.tutorials.ninja.qa.testcases.LoginTest.verifyOpeningOfLoginPageInANewTab()'><b>verifyOpeningOfLoginPageInANewTab</b><br>Test class: com.tutorials.ninja.qa.testcases.LoginTest</td>
<td></td>
<td>0</td>
<td>com.tutorials.ninja.qa.testcases.LoginTest@4facf68f</td></tr>
<tr>
<td title='com.tutorials.ninja.qa.testcases.LoginTest.verifyOpeningOfLoginPageInANewWindow()'><b>verifyOpeningOfLoginPageInANewWindow</b><br>Test class: com.tutorials.ninja.qa.testcases.LoginTest</td>
<td></td>
<td>1</td>
<td>com.tutorials.ninja.qa.testcases.LoginTest@4facf68f</td></tr>
<tr>
<td title='com.tutorials.ninja.qa.testcases.RegisterTest.verifyOpeningOfRegisterPageInANewTab()'><b>verifyOpeningOfRegisterPageInANewTab</b><br>Test class: com.tutorials.ninja.qa.testcases.RegisterTest</td>
<td></td>
<td>0</td>
<td>com.tutorials.ninja.qa.testcases.RegisterTest@76508ed1</td></tr>
<tr>
<td title='com.tutorials.ninja.qa.testcases.RegisterTest.verifyOpeningOfRegisterPageInANewWindow()'><b>verifyOpeningOfRegisterPageInANewWindow</b><br>Test class: com.tutorials.ninja.qa.testcases.RegisterTest</td>
<td></td>
<td>1</td>
<td>com.tutorials.ninja.qa.testcases.RegisterTest@76508ed1</td></tr>
<tr>
<td title='com.tutorials.ninja.qa.testcases.RegisterTest.verifyProperLogoutAfterRegistration()'><b>verifyProperLogoutAfterRegistration</b><br>Test class: com.tutorials.ninja.qa.testcases.RegisterTest</td>
<td></td>
<td>2</td>
<td>com.tutorials.ninja.qa.testcases.RegisterTest@76508ed1</td></tr>
<tr>
<td title='com.tutorials.ninja.qa.testcases.SearchProductTest.verifyProperLogoutAfterSearchingForProduct()'><b>verifyProperLogoutAfterSearchingForProduct</b><br>Test class: com.tutorials.ninja.qa.testcases.SearchProductTest</td>
<td></td>
<td>2</td>
<td>com.tutorials.ninja.qa.testcases.SearchProductTest@41e36e46</td></tr>
<tr>
<td title='com.tutorials.ninja.qa.testcases.RegisterTest.verifyRegisterAnAccountByProvidingAllFields()'><b>verifyRegisterAnAccountByProvidingAllFields</b><br>Test class: com.tutorials.ninja.qa.testcases.RegisterTest</td>
<td></td>
<td>1</td>
<td>com.tutorials.ninja.qa.testcases.RegisterTest@76508ed1</td></tr>
<tr>
<td title='com.tutorials.ninja.qa.testcases.RegisterTest.verifyRegisterAnAccountWithOnlyMandatoryFields()'><b>verifyRegisterAnAccountWithOnlyMandatoryFields</b><br>Test class: com.tutorials.ninja.qa.testcases.RegisterTest</td>
<td></td>
<td>1</td>
<td>com.tutorials.ninja.qa.testcases.RegisterTest@76508ed1</td></tr>
<tr>
<td title='com.tutorials.ninja.qa.testcases.RegisterTest.verifyRegisterAnAccountWithoutFillingAnything()'><b>verifyRegisterAnAccountWithoutFillingAnything</b><br>Test class: com.tutorials.ninja.qa.testcases.RegisterTest</td>
<td></td>
<td>0</td>
<td>com.tutorials.ninja.qa.testcases.RegisterTest@76508ed1</td></tr>
<tr>
<td title='com.tutorials.ninja.qa.testcases.RegisterTest.verifyRegisterByEnteringDifferentPasswordForThePasswordFields()'><b>verifyRegisterByEnteringDifferentPasswordForThePasswordFields</b><br>Test class: com.tutorials.ninja.qa.testcases.RegisterTest</td>
<td></td>
<td>0</td>
<td>com.tutorials.ninja.qa.testcases.RegisterTest@76508ed1</td></tr>
<tr>
<td title='com.tutorials.ninja.qa.testcases.RegisterTest.verifyRegisterSubscribedNo()'><b>verifyRegisterSubscribedNo</b><br>Test class: com.tutorials.ninja.qa.testcases.RegisterTest</td>
<td></td>
<td>1</td>
<td>com.tutorials.ninja.qa.testcases.RegisterTest@76508ed1</td></tr>
<tr>
<td title='com.tutorials.ninja.qa.testcases.RegisterTest.verifyRegisterSubscribedYes()'><b>verifyRegisterSubscribedYes</b><br>Test class: com.tutorials.ninja.qa.testcases.RegisterTest</td>
<td></td>
<td>1</td>
<td>com.tutorials.ninja.qa.testcases.RegisterTest@76508ed1</td></tr>
<tr>
<td title='com.tutorials.ninja.qa.testcases.RegisterTest.verifyRegisterUptoEmail()'><b>verifyRegisterUptoEmail</b><br>Test class: com.tutorials.ninja.qa.testcases.RegisterTest</td>
<td></td>
<td>0</td>
<td>com.tutorials.ninja.qa.testcases.RegisterTest@76508ed1</td></tr>
<tr>
<td title='com.tutorials.ninja.qa.testcases.RegisterTest.verifyRegisterUptoPassword()'><b>verifyRegisterUptoPassword</b><br>Test class: com.tutorials.ninja.qa.testcases.RegisterTest</td>
<td></td>
<td>0</td>
<td>com.tutorials.ninja.qa.testcases.RegisterTest@76508ed1</td></tr>
<tr>
<td title='com.tutorials.ninja.qa.testcases.RegisterTest.verifyRegisterUptoTelePhoneNumber()'><b>verifyRegisterUptoTelePhoneNumber</b><br>Test class: com.tutorials.ninja.qa.testcases.RegisterTest</td>
<td></td>
<td>0</td>
<td>com.tutorials.ninja.qa.testcases.RegisterTest@76508ed1</td></tr>
<tr>
<td title='com.tutorials.ninja.qa.testcases.RegisterTest.verifyRegisterUsingExistingEmail()'><b>verifyRegisterUsingExistingEmail</b><br>Test class: com.tutorials.ninja.qa.testcases.RegisterTest</td>
<td></td>
<td>0</td>
<td>com.tutorials.ninja.qa.testcases.RegisterTest@76508ed1</td></tr>
<tr>
<td title='com.tutorials.ninja.qa.testcases.RegisterTest.verifyRegisterUsingLessThan3NumbersForTelePhoneNumber()'><b>verifyRegisterUsingLessThan3NumbersForTelePhoneNumber</b><br>Test class: com.tutorials.ninja.qa.testcases.RegisterTest</td>
<td></td>
<td>0</td>
<td>com.tutorials.ninja.qa.testcases.RegisterTest@76508ed1</td></tr>
<tr>
<td title='com.tutorials.ninja.qa.testcases.RegisterTest.verifyRegisterUsingLessThan4CharactersForPassword()'><b>verifyRegisterUsingLessThan4CharactersForPassword</b><br>Test class: com.tutorials.ninja.qa.testcases.RegisterTest</td>
<td></td>
<td>0</td>
<td>com.tutorials.ninja.qa.testcases.RegisterTest@76508ed1</td></tr>
<tr>
<td title='com.tutorials.ninja.qa.testcases.RegisterTest.verifyRegisterUsingMoreThan20CharactersForPassword()'><b>verifyRegisterUsingMoreThan20CharactersForPassword</b><br>Test class: com.tutorials.ninja.qa.testcases.RegisterTest</td>
<td></td>
<td>0</td>
<td>com.tutorials.ninja.qa.testcases.RegisterTest@76508ed1</td></tr>
<tr>
<td title='com.tutorials.ninja.qa.testcases.RegisterTest.verifyRegisterUsingMoreThan32CharactersForFirstName()'><b>verifyRegisterUsingMoreThan32CharactersForFirstName</b><br>Test class: com.tutorials.ninja.qa.testcases.RegisterTest</td>
<td></td>
<td>0</td>
<td>com.tutorials.ninja.qa.testcases.RegisterTest@76508ed1</td></tr>
<tr>
<td title='com.tutorials.ninja.qa.testcases.RegisterTest.verifyRegisterUsingMoreThan32CharactersForLastName()'><b>verifyRegisterUsingMoreThan32CharactersForLastName</b><br>Test class: com.tutorials.ninja.qa.testcases.RegisterTest</td>
<td></td>
<td>0</td>
<td>com.tutorials.ninja.qa.testcases.RegisterTest@76508ed1</td></tr>
<tr>
<td title='com.tutorials.ninja.qa.testcases.RegisterTest.verifyRegisterUsingMoreThan32NumbersForTelePhoneNumber()'><b>verifyRegisterUsingMoreThan32NumbersForTelePhoneNumber</b><br>Test class: com.tutorials.ninja.qa.testcases.RegisterTest</td>
<td></td>
<td>0</td>
<td>com.tutorials.ninja.qa.testcases.RegisterTest@76508ed1</td></tr>
<tr>
<td title='com.tutorials.ninja.qa.testcases.RegisterTest.verifyRegisterWithOnlyFirstAndLastName()'><b>verifyRegisterWithOnlyFirstAndLastName</b><br>Test class: com.tutorials.ninja.qa.testcases.RegisterTest</td>
<td></td>
<td>0</td>
<td>com.tutorials.ninja.qa.testcases.RegisterTest@76508ed1</td></tr>
<tr>
<td title='com.tutorials.ninja.qa.testcases.RegisterTest.verifyRegisterWithOnlyFirstName()'><b>verifyRegisterWithOnlyFirstName</b><br>Test class: com.tutorials.ninja.qa.testcases.RegisterTest</td>
<td></td>
<td>0</td>
<td>com.tutorials.ninja.qa.testcases.RegisterTest@76508ed1</td></tr>
<tr>
<td title='com.tutorials.ninja.qa.testcases.RegisterTest.verifyRegisterWithoutCheckingPrivacyPolicy()'><b>verifyRegisterWithoutCheckingPrivacyPolicy</b><br>Test class: com.tutorials.ninja.qa.testcases.RegisterTest</td>
<td></td>
<td>0</td>
<td>com.tutorials.ninja.qa.testcases.RegisterTest@76508ed1</td></tr>
<tr>
<td title='com.tutorials.ninja.qa.testcases.SearchProductTest.verifySearchBoxIsClickable()'><b>verifySearchBoxIsClickable</b><br>Test class: com.tutorials.ninja.qa.testcases.SearchProductTest</td>
<td></td>
<td>0</td>
<td>com.tutorials.ninja.qa.testcases.SearchProductTest@41e36e46</td></tr>
<tr>
<td title='com.tutorials.ninja.qa.testcases.SearchProductTest.verifySearchByProvidingASearchCriteriaThatResultsInMultipleProducts()'><b>verifySearchByProvidingASearchCriteriaThatResultsInMultipleProducts</b><br>Test class: com.tutorials.ninja.qa.testcases.SearchProductTest</td>
<td></td>
<td>0</td>
<td>com.tutorials.ninja.qa.testcases.SearchProductTest@41e36e46</td></tr>
<tr>
<td title='com.tutorials.ninja.qa.testcases.SearchProductTest.verifySearchProductAfterLogin()'><b>verifySearchProductAfterLogin</b><br>Test class: com.tutorials.ninja.qa.testcases.SearchProductTest</td>
<td></td>
<td>1</td>
<td>com.tutorials.ninja.qa.testcases.SearchProductTest@41e36e46</td></tr>
<tr>
<td title='com.tutorials.ninja.qa.testcases.SearchProductTest.verifySearchWhenTheSearchTermIsMisspelled()'><b>verifySearchWhenTheSearchTermIsMisspelled</b><br>Test class: com.tutorials.ninja.qa.testcases.SearchProductTest</td>
<td></td>
<td>0</td>
<td>com.tutorials.ninja.qa.testcases.SearchProductTest@41e36e46</td></tr>
<tr>
<td title='com.tutorials.ninja.qa.testcases.SearchProductTest.verifySearchWithANonExistingProductName()'><b>verifySearchWithANonExistingProductName</b><br>Test class: com.tutorials.ninja.qa.testcases.SearchProductTest</td>
<td></td>
<td>0</td>
<td>com.tutorials.ninja.qa.testcases.SearchProductTest@41e36e46</td></tr>
<tr>
<td title='com.tutorials.ninja.qa.testcases.SearchProductTest.verifySearchWithAllLowercase()'><b>verifySearchWithAllLowercase</b><br>Test class: com.tutorials.ninja.qa.testcases.SearchProductTest</td>
<td></td>
<td>0</td>
<td>com.tutorials.ninja.qa.testcases.SearchProductTest@41e36e46</td></tr>
<tr>
<td title='com.tutorials.ninja.qa.testcases.SearchProductTest.verifySearchWithAllUppercase()'><b>verifySearchWithAllUppercase</b><br>Test class: com.tutorials.ninja.qa.testcases.SearchProductTest</td>
<td></td>
<td>0</td>
<td>com.tutorials.ninja.qa.testcases.SearchProductTest@41e36e46</td></tr>
<tr>
<td title='com.tutorials.ninja.qa.testcases.SearchProductTest.verifySearchWithExistingProductName()'><b>verifySearchWithExistingProductName</b><br>Test class: com.tutorials.ninja.qa.testcases.SearchProductTest</td>
<td></td>
<td>0</td>
<td>com.tutorials.ninja.qa.testcases.SearchProductTest@41e36e46</td></tr>
<tr>
<td title='com.tutorials.ninja.qa.testcases.SearchProductTest.verifySearchWithExtraSpacesBetweenLetters()'><b>verifySearchWithExtraSpacesBetweenLetters</b><br>Test class: com.tutorials.ninja.qa.testcases.SearchProductTest</td>
<td></td>
<td>0</td>
<td>com.tutorials.ninja.qa.testcases.SearchProductTest@41e36e46</td></tr>
<tr>
<td title='com.tutorials.ninja.qa.testcases.SearchProductTest.verifySearchWithMixedUppercaseAndlowercase()'><b>verifySearchWithMixedUppercaseAndlowercase</b><br>Test class: com.tutorials.ninja.qa.testcases.SearchProductTest</td>
<td></td>
<td>0</td>
<td>com.tutorials.ninja.qa.testcases.SearchProductTest@41e36e46</td></tr>
<tr>
<td title='com.tutorials.ninja.qa.testcases.SearchProductTest.verifySearchWithSpecialCharacter()'><b>verifySearchWithSpecialCharacter</b><br>Test class: com.tutorials.ninja.qa.testcases.SearchProductTest</td>
<td></td>
<td>0</td>
<td>com.tutorials.ninja.qa.testcases.SearchProductTest@41e36e46</td></tr>
<tr>
<td title='com.tutorials.ninja.qa.testcases.SearchProductTest.verifySearchWithoutProvidingAnything()'><b>verifySearchWithoutProvidingAnything</b><br>Test class: com.tutorials.ninja.qa.testcases.SearchProductTest</td>
<td></td>
<td>0</td>
<td>com.tutorials.ninja.qa.testcases.SearchProductTest@41e36e46</td></tr>
<tr>
<td title='com.tutorials.ninja.qa.testcases.SearchProductTest.verifySearchingForProductAfterLogout()'><b>verifySearchingForProductAfterLogout</b><br>Test class: com.tutorials.ninja.qa.testcases.SearchProductTest</td>
<td></td>
<td>2</td>
<td>com.tutorials.ninja.qa.testcases.SearchProductTest@41e36e46</td></tr>
<tr>
<td title='com.tutorials.ninja.qa.testcases.SearchProductTest.verifySearchingForProductUsingTheENTERkey()'><b>verifySearchingForProductUsingTheENTERkey</b><br>Test class: com.tutorials.ninja.qa.testcases.SearchProductTest</td>
<td></td>
<td>0</td>
<td>com.tutorials.ninja.qa.testcases.SearchProductTest@41e36e46</td></tr>
<tr>
<td title='com.tutorials.ninja.qa.testcases.LoginTest.verifyUpdatingThePassword()'><b>verifyUpdatingThePassword</b><br>Test class: com.tutorials.ninja.qa.testcases.LoginTest</td>
<td></td>
<td>1</td>
<td>com.tutorials.ninja.qa.testcases.LoginTest@4facf68f</td></tr>
<tr>
<td title='com.tutorials.ninja.qa.testcases.LoginTest.verifyWorkingOfForgetPasswordLink()'><b>verifyWorkingOfForgetPasswordLink</b><br>Test class: com.tutorials.ninja.qa.testcases.LoginTest</td>
<td></td>
<td>0</td>
<td>com.tutorials.ninja.qa.testcases.LoginTest@4facf68f</td></tr>
<tr>
<td title='com.tutorials.ninja.qa.testcases.RegisterTest.verifyWorkingOfTABkeyOfKeyBoardInRegistrationPage()'><b>verifyWorkingOfTABkeyOfKeyBoardInRegistrationPage</b><br>Test class: com.tutorials.ninja.qa.testcases.RegisterTest</td>
<td></td>
<td>1</td>
<td>com.tutorials.ninja.qa.testcases.RegisterTest@76508ed1</td></tr>
<tr>
<td title='com.tutorials.ninja.qa.testcases.SearchProductTest.verifyWorkingOfTABkeyWhenLookingForProducts()'><b>verifyWorkingOfTABkeyWhenLookingForProducts</b><br>Test class: com.tutorials.ninja.qa.testcases.SearchProductTest</td>
<td></td>
<td>6</td>
<td>com.tutorials.ninja.qa.testcases.SearchProductTest@41e36e46</td></tr>
</table><p>
<table width='100%' border='1' class='invocation-skipped'>
<tr><td colspan='4' align='center'><b>SKIPPED TESTS</b></td></tr>
<tr><td><b>Test method</b></td>
<td width="30%"><b>Exception</b></td>
<td width="10%"><b>Time (seconds)</b></td>
<td><b>Instance</b></td>
</tr>
<tr>
<td title='com.tutorials.ninja.qa.testcases.SearchProductTest.verifyClickingOnComponentsSublinkShowAllComponents()'><b>verifyClickingOnComponentsSublinkShowAllComponents</b><br>Test class: com.tutorials.ninja.qa.testcases.SearchProductTest</td>
<td><div><pre>org.openqa.selenium.TimeoutException: timeout: Timed out receiving message from renderer: -0.007
  (Session info: chrome=112.0.5615.87)
Build info: version: &apos;4.8.3&apos;, revision: &apos;e5e76298c3&apos;
System info: os.name: &apos;Windows 11&apos;, os.arch: &apos;amd64&apos;, os.version: &apos;10.0&apos;, java.version: &apos;1.8.0_341&apos;
Driver info: org.openqa.selenium.chrome.ChromeDriver
Command: [f8a8b87a5027b0d35e18b9e0b4d744da, get {url=http://tutorialsninja.com/demo}]
Capabilities {acceptInsecureCerts: false, browserName: chrome, browserVersion: 112.0.5615.87, chrome: {chromedriverVersion: 112.0.5615.49 (bd2a7bcb881c..., userDataDir: C:\Users\RAFIAS~1\AppData\L...}, goog:chromeOptions: {debuggerAddress: localhost:58060}, networkConnectionEnabled: false, pageLoadStrategy: normal, platformName: WINDOWS, proxy: Proxy(), se:cdp: ws://localhost:58060/devtoo..., se:cdpVersion: 112.0.5615.87, setWindowRect: true, strictFileInteractability: false, timeouts: {implicit: 0, pageLoad: 300000, script: 30000}, unhandledPromptBehavior: dismiss and notify, webauthn:extension:credBlob: true, webauthn:extension:largeBlob: true, webauthn:extension:minPinLength: true, webauthn:extension:prf: true, webauthn:virtualAuthenticators: true}
Session ID: f8a8b87a5027b0d35e18b9e0b4d744da
	at org.openqa.selenium.remote.codec.w3c.W3CHttpResponseCodec.createException(W3CHttpResponseCodec.java:200)
	at org.openqa.selenium.remote.codec.w3c.W3CHttpResponseCodec.decode(W3CHttpResponseCodec.java:133)
	at org.openqa.selenium.remote.codec.w3c.W3CHttpResponseCodec.decode(W3CHttpResponseCodec.java:53)
	at org.openqa.selenium.remote.HttpCommandExecutor.execute(HttpCommandExecutor.java:193)
	at org.openqa.selenium.remote.service.DriverCommandExecutor.invokeExecute(DriverCommandExecutor.java:183)
	at org.openqa.selenium.remote.service.DriverCommandExecutor.execute(DriverCommandExecutor.java:158)
	at org.openqa.selenium.remote.RemoteWebDriver.execute(RemoteWebDriver.java:543)
	at org.openqa.selenium.remote.RemoteWebDriver.get(RemoteWebDriver.java:297)
	at com.tutorials.ninja.qa.testbase.TestBase.initializeBrowserAndOpenApplication(TestBase.java:54)
	at com.tutorials.ninja.qa.testcases.SearchProductTest.setUp(SearchProductTest.java:36)
... Removed 35 stack frames</pre></div><a href='#' onClick='toggleBox("stack-trace1911056834", this, "Click to show all stack frames", "Click to hide stack frames")'>Click to show all stack frames</a>
<div class='stack-trace' id='stack-trace1911056834'><pre>org.openqa.selenium.TimeoutException: timeout: Timed out receiving message from renderer: -0.007
  (Session info: chrome=112.0.5615.87)
Build info: version: &apos;4.8.3&apos;, revision: &apos;e5e76298c3&apos;
System info: os.name: &apos;Windows 11&apos;, os.arch: &apos;amd64&apos;, os.version: &apos;10.0&apos;, java.version: &apos;1.8.0_341&apos;
Driver info: org.openqa.selenium.chrome.ChromeDriver
Command: [f8a8b87a5027b0d35e18b9e0b4d744da, get {url=http://tutorialsninja.com/demo}]
Capabilities {acceptInsecureCerts: false, browserName: chrome, browserVersion: 112.0.5615.87, chrome: {chromedriverVersion: 112.0.5615.49 (bd2a7bcb881c..., userDataDir: C:\Users\RAFIAS~1\AppData\L...}, goog:chromeOptions: {debuggerAddress: localhost:58060}, networkConnectionEnabled: false, pageLoadStrategy: normal, platformName: WINDOWS, proxy: Proxy(), se:cdp: ws://localhost:58060/devtoo..., se:cdpVersion: 112.0.5615.87, setWindowRect: true, strictFileInteractability: false, timeouts: {implicit: 0, pageLoad: 300000, script: 30000}, unhandledPromptBehavior: dismiss and notify, webauthn:extension:credBlob: true, webauthn:extension:largeBlob: true, webauthn:extension:minPinLength: true, webauthn:extension:prf: true, webauthn:virtualAuthenticators: true}
Session ID: f8a8b87a5027b0d35e18b9e0b4d744da
	at sun.reflect.NativeConstructorAccessorImpl.newInstance0(Native Method)
	at sun.reflect.NativeConstructorAccessorImpl.newInstance(NativeConstructorAccessorImpl.java:62)
	at sun.reflect.DelegatingConstructorAccessorImpl.newInstance(DelegatingConstructorAccessorImpl.java:45)
	at java.lang.reflect.Constructor.newInstance(Constructor.java:423)
	at org.openqa.selenium.remote.codec.w3c.W3CHttpResponseCodec.createException(W3CHttpResponseCodec.java:200)
	at org.openqa.selenium.remote.codec.w3c.W3CHttpResponseCodec.decode(W3CHttpResponseCodec.java:133)
	at org.openqa.selenium.remote.codec.w3c.W3CHttpResponseCodec.decode(W3CHttpResponseCodec.java:53)
	at org.openqa.selenium.remote.HttpCommandExecutor.execute(HttpCommandExecutor.java:193)
	at org.openqa.selenium.remote.service.DriverCommandExecutor.invokeExecute(DriverCommandExecutor.java:183)
	at org.openqa.selenium.remote.service.DriverCommandExecutor.execute(DriverCommandExecutor.java:158)
	at org.openqa.selenium.remote.RemoteWebDriver.execute(RemoteWebDriver.java:543)
	at org.openqa.selenium.remote.RemoteWebDriver.get(RemoteWebDriver.java:297)
	at com.tutorials.ninja.qa.testbase.TestBase.initializeBrowserAndOpenApplication(TestBase.java:54)
	at com.tutorials.ninja.qa.testcases.SearchProductTest.setUp(SearchProductTest.java:36)
	at sun.reflect.GeneratedMethodAccessor15.invoke(Unknown Source)
	at sun.reflect.DelegatingMethodAccessorImpl.invoke(DelegatingMethodAccessorImpl.java:43)
	at java.lang.reflect.Method.invoke(Method.java:498)
	at org.testng.internal.MethodInvocationHelper.invokeMethod(MethodInvocationHelper.java:131)
	at org.testng.internal.MethodInvocationHelper.invokeMethodConsideringTimeout(MethodInvocationHelper.java:61)
	at org.testng.internal.Invoker.invokeConfigurationMethod(Invoker.java:511)
	at org.testng.internal.Invoker.invokeConfigurations(Invoker.java:241)
	at org.testng.internal.Invoker.invokeMethod(Invoker.java:581)
	at org.testng.internal.Invoker.invokeTestMethod(Invoker.java:792)
	at org.testng.internal.Invoker.invokeTestMethods(Invoker.java:1103)
	at org.testng.internal.TestMethodWorker.invokeTestMethods(TestMethodWorker.java:140)
	at org.testng.internal.TestMethodWorker.run(TestMethodWorker.java:122)
	at org.testng.TestRunner.privateRun(TestRunner.java:739)
	at org.testng.TestRunner.run(TestRunner.java:589)
	at org.testng.SuiteRunner.runTest(SuiteRunner.java:398)
	at org.testng.SuiteRunner.runSequentially(SuiteRunner.java:392)
	at org.testng.SuiteRunner.privateRun(SuiteRunner.java:354)
	at org.testng.SuiteRunner.run(SuiteRunner.java:302)
	at org.testng.SuiteRunnerWorker.runSuite(SuiteRunnerWorker.java:53)
	at org.testng.SuiteRunnerWorker.run(SuiteRunnerWorker.java:96)
	at org.testng.TestNG.runSuitesSequentially(TestNG.java:1145)
	at org.testng.TestNG.runSuitesLocally(TestNG.java:1067)
	at org.testng.TestNG.runSuites(TestNG.java:997)
	at org.testng.TestNG.run(TestNG.java:965)
	at org.apache.maven.surefire.testng.TestNGExecutor.run(TestNGExecutor.java:324)
	at org.apache.maven.surefire.testng.TestNGXmlTestSuite.execute(TestNGXmlTestSuite.java:74)
	at org.apache.maven.surefire.testng.TestNGProvider.invoke(TestNGProvider.java:123)
	at org.apache.maven.surefire.booter.ForkedBooter.runSuitesInProcess(ForkedBooter.java:456)
	at org.apache.maven.surefire.booter.ForkedBooter.execute(ForkedBooter.java:169)
	at org.apache.maven.surefire.booter.ForkedBooter.run(ForkedBooter.java:595)
	at org.apache.maven.surefire.booter.ForkedBooter.main(ForkedBooter.java:581)
</pre></div></td>
<td>0</td>
<td>com.tutorials.ninja.qa.testcases.SearchProductTest@41e36e46</td></tr>
<tr>
<td title='com.tutorials.ninja.qa.testcases.SearchProductTest.verifyClickingOnMP3PlayersSublinkShowAllMP3Players()'><b>verifyClickingOnMP3PlayersSublinkShowAllMP3Players</b><br>Test class: com.tutorials.ninja.qa.testcases.SearchProductTest</td>
<td><div><pre>org.openqa.selenium.TimeoutException: timeout: Timed out receiving message from renderer: -0.007
  (Session info: chrome=112.0.5615.87)
Build info: version: &apos;4.8.3&apos;, revision: &apos;e5e76298c3&apos;
System info: os.name: &apos;Windows 11&apos;, os.arch: &apos;amd64&apos;, os.version: &apos;10.0&apos;, java.version: &apos;1.8.0_341&apos;
Driver info: org.openqa.selenium.chrome.ChromeDriver
Command: [f8a8b87a5027b0d35e18b9e0b4d744da, get {url=http://tutorialsninja.com/demo}]
Capabilities {acceptInsecureCerts: false, browserName: chrome, browserVersion: 112.0.5615.87, chrome: {chromedriverVersion: 112.0.5615.49 (bd2a7bcb881c..., userDataDir: C:\Users\RAFIAS~1\AppData\L...}, goog:chromeOptions: {debuggerAddress: localhost:58060}, networkConnectionEnabled: false, pageLoadStrategy: normal, platformName: WINDOWS, proxy: Proxy(), se:cdp: ws://localhost:58060/devtoo..., se:cdpVersion: 112.0.5615.87, setWindowRect: true, strictFileInteractability: false, timeouts: {implicit: 0, pageLoad: 300000, script: 30000}, unhandledPromptBehavior: dismiss and notify, webauthn:extension:credBlob: true, webauthn:extension:largeBlob: true, webauthn:extension:minPinLength: true, webauthn:extension:prf: true, webauthn:virtualAuthenticators: true}
Session ID: f8a8b87a5027b0d35e18b9e0b4d744da
	at org.openqa.selenium.remote.codec.w3c.W3CHttpResponseCodec.createException(W3CHttpResponseCodec.java:200)
	at org.openqa.selenium.remote.codec.w3c.W3CHttpResponseCodec.decode(W3CHttpResponseCodec.java:133)
	at org.openqa.selenium.remote.codec.w3c.W3CHttpResponseCodec.decode(W3CHttpResponseCodec.java:53)
	at org.openqa.selenium.remote.HttpCommandExecutor.execute(HttpCommandExecutor.java:193)
	at org.openqa.selenium.remote.service.DriverCommandExecutor.invokeExecute(DriverCommandExecutor.java:183)
	at org.openqa.selenium.remote.service.DriverCommandExecutor.execute(DriverCommandExecutor.java:158)
	at org.openqa.selenium.remote.RemoteWebDriver.execute(RemoteWebDriver.java:543)
	at org.openqa.selenium.remote.RemoteWebDriver.get(RemoteWebDriver.java:297)
	at com.tutorials.ninja.qa.testbase.TestBase.initializeBrowserAndOpenApplication(TestBase.java:54)
	at com.tutorials.ninja.qa.testcases.SearchProductTest.setUp(SearchProductTest.java:36)
... Removed 35 stack frames</pre></div><a href='#' onClick='toggleBox("stack-trace1202678204", this, "Click to show all stack frames", "Click to hide stack frames")'>Click to show all stack frames</a>
<div class='stack-trace' id='stack-trace1202678204'><pre>org.openqa.selenium.TimeoutException: timeout: Timed out receiving message from renderer: -0.007
  (Session info: chrome=112.0.5615.87)
Build info: version: &apos;4.8.3&apos;, revision: &apos;e5e76298c3&apos;
System info: os.name: &apos;Windows 11&apos;, os.arch: &apos;amd64&apos;, os.version: &apos;10.0&apos;, java.version: &apos;1.8.0_341&apos;
Driver info: org.openqa.selenium.chrome.ChromeDriver
Command: [f8a8b87a5027b0d35e18b9e0b4d744da, get {url=http://tutorialsninja.com/demo}]
Capabilities {acceptInsecureCerts: false, browserName: chrome, browserVersion: 112.0.5615.87, chrome: {chromedriverVersion: 112.0.5615.49 (bd2a7bcb881c..., userDataDir: C:\Users\RAFIAS~1\AppData\L...}, goog:chromeOptions: {debuggerAddress: localhost:58060}, networkConnectionEnabled: false, pageLoadStrategy: normal, platformName: WINDOWS, proxy: Proxy(), se:cdp: ws://localhost:58060/devtoo..., se:cdpVersion: 112.0.5615.87, setWindowRect: true, strictFileInteractability: false, timeouts: {implicit: 0, pageLoad: 300000, script: 30000}, unhandledPromptBehavior: dismiss and notify, webauthn:extension:credBlob: true, webauthn:extension:largeBlob: true, webauthn:extension:minPinLength: true, webauthn:extension:prf: true, webauthn:virtualAuthenticators: true}
Session ID: f8a8b87a5027b0d35e18b9e0b4d744da
	at sun.reflect.NativeConstructorAccessorImpl.newInstance0(Native Method)
	at sun.reflect.NativeConstructorAccessorImpl.newInstance(NativeConstructorAccessorImpl.java:62)
	at sun.reflect.DelegatingConstructorAccessorImpl.newInstance(DelegatingConstructorAccessorImpl.java:45)
	at java.lang.reflect.Constructor.newInstance(Constructor.java:423)
	at org.openqa.selenium.remote.codec.w3c.W3CHttpResponseCodec.createException(W3CHttpResponseCodec.java:200)
	at org.openqa.selenium.remote.codec.w3c.W3CHttpResponseCodec.decode(W3CHttpResponseCodec.java:133)
	at org.openqa.selenium.remote.codec.w3c.W3CHttpResponseCodec.decode(W3CHttpResponseCodec.java:53)
	at org.openqa.selenium.remote.HttpCommandExecutor.execute(HttpCommandExecutor.java:193)
	at org.openqa.selenium.remote.service.DriverCommandExecutor.invokeExecute(DriverCommandExecutor.java:183)
	at org.openqa.selenium.remote.service.DriverCommandExecutor.execute(DriverCommandExecutor.java:158)
	at org.openqa.selenium.remote.RemoteWebDriver.execute(RemoteWebDriver.java:543)
	at org.openqa.selenium.remote.RemoteWebDriver.get(RemoteWebDriver.java:297)
	at com.tutorials.ninja.qa.testbase.TestBase.initializeBrowserAndOpenApplication(TestBase.java:54)
	at com.tutorials.ninja.qa.testcases.SearchProductTest.setUp(SearchProductTest.java:36)
	at sun.reflect.GeneratedMethodAccessor15.invoke(Unknown Source)
	at sun.reflect.DelegatingMethodAccessorImpl.invoke(DelegatingMethodAccessorImpl.java:43)
	at java.lang.reflect.Method.invoke(Method.java:498)
	at org.testng.internal.MethodInvocationHelper.invokeMethod(MethodInvocationHelper.java:131)
	at org.testng.internal.MethodInvocationHelper.invokeMethodConsideringTimeout(MethodInvocationHelper.java:61)
	at org.testng.internal.Invoker.invokeConfigurationMethod(Invoker.java:511)
	at org.testng.internal.Invoker.invokeConfigurations(Invoker.java:241)
	at org.testng.internal.Invoker.invokeMethod(Invoker.java:581)
	at org.testng.internal.Invoker.invokeTestMethod(Invoker.java:792)
	at org.testng.internal.Invoker.invokeTestMethods(Invoker.java:1103)
	at org.testng.internal.TestMethodWorker.invokeTestMethods(TestMethodWorker.java:140)
	at org.testng.internal.TestMethodWorker.run(TestMethodWorker.java:122)
	at org.testng.TestRunner.privateRun(TestRunner.java:739)
	at org.testng.TestRunner.run(TestRunner.java:589)
	at org.testng.SuiteRunner.runTest(SuiteRunner.java:398)
	at org.testng.SuiteRunner.runSequentially(SuiteRunner.java:392)
	at org.testng.SuiteRunner.privateRun(SuiteRunner.java:354)
	at org.testng.SuiteRunner.run(SuiteRunner.java:302)
	at org.testng.SuiteRunnerWorker.runSuite(SuiteRunnerWorker.java:53)
	at org.testng.SuiteRunnerWorker.run(SuiteRunnerWorker.java:96)
	at org.testng.TestNG.runSuitesSequentially(TestNG.java:1145)
	at org.testng.TestNG.runSuitesLocally(TestNG.java:1067)
	at org.testng.TestNG.runSuites(TestNG.java:997)
	at org.testng.TestNG.run(TestNG.java:965)
	at org.apache.maven.surefire.testng.TestNGExecutor.run(TestNGExecutor.java:324)
	at org.apache.maven.surefire.testng.TestNGXmlTestSuite.execute(TestNGXmlTestSuite.java:74)
	at org.apache.maven.surefire.testng.TestNGProvider.invoke(TestNGProvider.java:123)
	at org.apache.maven.surefire.booter.ForkedBooter.runSuitesInProcess(ForkedBooter.java:456)
	at org.apache.maven.surefire.booter.ForkedBooter.execute(ForkedBooter.java:169)
	at org.apache.maven.surefire.booter.ForkedBooter.run(ForkedBooter.java:595)
	at org.apache.maven.surefire.booter.ForkedBooter.main(ForkedBooter.java:581)
</pre></div></td>
<td>0</td>
<td>com.tutorials.ninja.qa.testcases.SearchProductTest@41e36e46</td></tr>
</table><p>
</body>
</html>