<?xml version="1.0" encoding="UTF-8"?>
<!-- Generated by org.testng.reporters.JUnitReportReporter -->
<testsuite hostname="Rafia" failures="0" tests="22" name="com.tutorials.ninja.qa.testcases.RegisterTest" time="4.333" errors="1" timestamp="2023-04-16T22:41:38 EDT" skipped="21">
  <testcase classname="com.tutorials.ninja.qa.testcases.RegisterTest" name="setUp" time="4.332">
    <error message="no such window: target window already closed
from unknown error: web view not found
  (Session info: chrome=112.0.5615.87)
Build info: version: &#039;4.7.2&#039;, revision: &#039;4d4020c3b7&#039;
System info: os.name: &#039;Windows 11&#039;, os.arch: &#039;amd64&#039;, os.version: &#039;10.0&#039;, java.version: &#039;17.0.5&#039;
Driver info: org.openqa.selenium.chrome.ChromeDriver
Command: [a719ed22b78847668a2290971c3814ac, findElement {using=link text, value=My Account}]
Capabilities {acceptInsecureCerts: false, browserName: chrome, browserVersion: 112.0.5615.87, chrome: {chromedriverVersion: 112.0.5615.49 (bd2a7bcb881c..., userDataDir: C:\Users\RAFIAS~1\AppData\L...}, goog:chromeOptions: {debuggerAddress: localhost:64361}, networkConnectionEnabled: false, pageLoadStrategy: normal, platformName: WINDOWS, proxy: Proxy(), se:cdp: ws://localhost:64361/devtoo..., se:cdpVersion: 112.0.5615.87, setWindowRect: true, strictFileInteractability: false, timeouts: {implicit: 0, pageLoad: 300000, script: 30000}, unhandledPromptBehavior: dismiss and notify, webauthn:extension:credBlob: true, webauthn:extension:largeBlob: true, webauthn:extension:minPinLength: true, webauthn:extension:prf: true, webauthn:virtualAuthenticators: true}
Session ID: a719ed22b78847668a2290971c3814ac" type="org.openqa.selenium.NoSuchWindowException">
      <![CDATA[org.openqa.selenium.NoSuchWindowException: no such window: target window already closed
from unknown error: web view not found
  (Session info: chrome=112.0.5615.87)
Build info: version: '4.7.2', revision: '4d4020c3b7'
System info: os.name: 'Windows 11', os.arch: 'amd64', os.version: '10.0', java.version: '17.0.5'
Driver info: org.openqa.selenium.chrome.ChromeDriver
Command: [a719ed22b78847668a2290971c3814ac, findElement {using=link text, value=My Account}]
Capabilities {acceptInsecureCerts: false, browserName: chrome, browserVersion: 112.0.5615.87, chrome: {chromedriverVersion: 112.0.5615.49 (bd2a7bcb881c..., userDataDir: C:\Users\RAFIAS~1\AppData\L...}, goog:chromeOptions: {debuggerAddress: localhost:64361}, networkConnectionEnabled: false, pageLoadStrategy: normal, platformName: WINDOWS, proxy: Proxy(), se:cdp: ws://localhost:64361/devtoo..., se:cdpVersion: 112.0.5615.87, setWindowRect: true, strictFileInteractability: false, timeouts: {implicit: 0, pageLoad: 300000, script: 30000}, unhandledPromptBehavior: dismiss and notify, webauthn:extension:credBlob: true, webauthn:extension:largeBlob: true, webauthn:extension:minPinLength: true, webauthn:extension:prf: true, webauthn:virtualAuthenticators: true}
Session ID: a719ed22b78847668a2290971c3814ac
at java.base/jdk.internal.reflect.NativeConstructorAccessorImpl.newInstance0(Native Method)
at java.base/jdk.internal.reflect.NativeConstructorAccessorImpl.newInstance(NativeConstructorAccessorImpl.java:77)
at java.base/jdk.internal.reflect.DelegatingConstructorAccessorImpl.newInstance(DelegatingConstructorAccessorImpl.java:45)
at java.base/java.lang.reflect.Constructor.newInstanceWithCaller(Constructor.java:499)
at java.base/java.lang.reflect.Constructor.newInstance(Constructor.java:480)
at org.openqa.selenium.remote.codec.w3c.W3CHttpResponseCodec.createException(W3CHttpResponseCodec.java:200)
at org.openqa.selenium.remote.codec.w3c.W3CHttpResponseCodec.decode(W3CHttpResponseCodec.java:133)
at org.openqa.selenium.remote.codec.w3c.W3CHttpResponseCodec.decode(W3CHttpResponseCodec.java:53)
at org.openqa.selenium.remote.HttpCommandExecutor.execute(HttpCommandExecutor.java:184)
at org.openqa.selenium.remote.service.DriverCommandExecutor.invokeExecute(DriverCommandExecutor.java:167)
at org.openqa.selenium.remote.service.DriverCommandExecutor.execute(DriverCommandExecutor.java:142)
at org.openqa.selenium.remote.RemoteWebDriver.execute(RemoteWebDriver.java:535)
at org.openqa.selenium.remote.ElementLocation$ElementFinder$2.findElement(ElementLocation.java:162)
at org.openqa.selenium.remote.ElementLocation.findElement(ElementLocation.java:60)
at org.openqa.selenium.remote.RemoteWebDriver.findElement(RemoteWebDriver.java:351)
at org.openqa.selenium.remote.RemoteWebDriver.findElement(RemoteWebDriver.java:343)
at com.tutorials.ninja.qa.testcases.RegisterTest.setUp(RegisterTest.java:31)
at java.base/jdk.internal.reflect.NativeMethodAccessorImpl.invoke0(Native Method)
at java.base/jdk.internal.reflect.NativeMethodAccessorImpl.invoke(NativeMethodAccessorImpl.java:77)
at java.base/jdk.internal.reflect.DelegatingMethodAccessorImpl.invoke(DelegatingMethodAccessorImpl.java:43)
at java.base/java.lang.reflect.Method.invoke(Method.java:568)
at org.testng.internal.invokers.MethodInvocationHelper.invokeMethod(MethodInvocationHelper.java:139)
at org.testng.internal.invokers.MethodInvocationHelper.invokeMethodConsideringTimeout(MethodInvocationHelper.java:69)
at org.testng.internal.invokers.ConfigInvoker.invokeConfigurationMethod(ConfigInvoker.java:361)
at org.testng.internal.invokers.ConfigInvoker.invokeConfigurations(ConfigInvoker.java:296)
at org.testng.internal.invokers.TestInvoker.runConfigMethods(TestInvoker.java:823)
at org.testng.internal.invokers.TestInvoker.invokeMethod(TestInvoker.java:590)
at org.testng.internal.invokers.TestInvoker.invokeTestMethod(TestInvoker.java:221)
at org.testng.internal.invokers.MethodRunner.runInSequence(MethodRunner.java:50)
at org.testng.internal.invokers.TestInvoker$MethodInvocationAgent.invoke(TestInvoker.java:969)
at org.testng.internal.invokers.TestInvoker.invokeTestMethods(TestInvoker.java:194)
at org.testng.internal.invokers.TestMethodWorker.invokeTestMethods(TestMethodWorker.java:148)
at org.testng.internal.invokers.TestMethodWorker.run(TestMethodWorker.java:128)
at java.base/java.util.ArrayList.forEach(ArrayList.java:1511)
at org.testng.TestRunner.privateRun(TestRunner.java:829)
at org.testng.TestRunner.run(TestRunner.java:602)
at org.testng.SuiteRunner.runTest(SuiteRunner.java:437)
at org.testng.SuiteRunner.runSequentially(SuiteRunner.java:431)
at org.testng.SuiteRunner.privateRun(SuiteRunner.java:391)
at org.testng.SuiteRunner.run(SuiteRunner.java:330)
at org.testng.SuiteRunnerWorker.runSuite(SuiteRunnerWorker.java:52)
at org.testng.SuiteRunnerWorker.run(SuiteRunnerWorker.java:95)
at org.testng.TestNG.runSuitesSequentially(TestNG.java:1256)
at org.testng.TestNG.runSuitesLocally(TestNG.java:1176)
at org.testng.TestNG.runSuites(TestNG.java:1099)
at org.testng.TestNG.run(TestNG.java:1067)
at org.testng.remote.AbstractRemoteTestNG.run(AbstractRemoteTestNG.java:115)
at org.testng.remote.RemoteTestNG.initAndRun(RemoteTestNG.java:251)
at org.testng.remote.RemoteTestNG.main(RemoteTestNG.java:77)
]]>
    </error>
  </testcase> <!-- setUp -->
  <system-out/>
  <testcase classname="com.tutorials.ninja.qa.testcases.RegisterTest" name="verifyRegisterAnAccountWithMandatoryFields" time="0.000">
    <skipped/>
  </testcase> <!-- verifyRegisterAnAccountWithMandatoryFields -->
  <system-out/>
  <testcase classname="com.tutorials.ninja.qa.testcases.RegisterTest" name="verifyRegisterAnAccountByProvidingAllFields" time="0.000">
    <skipped/>
  </testcase> <!-- verifyRegisterAnAccountByProvidingAllFields -->
  <system-out/>
  <testcase classname="com.tutorials.ninja.qa.testcases.RegisterTest" name="verifyRegisterWithOnlyFirstName" time="0.000">
    <skipped/>
  </testcase> <!-- verifyRegisterWithOnlyFirstName -->
  <system-out/>
  <testcase classname="com.tutorials.ninja.qa.testcases.RegisterTest" name="verifyRegisterWithOnlyFirstAndLastName" time="0.000">
    <skipped/>
  </testcase> <!-- verifyRegisterWithOnlyFirstAndLastName -->
  <system-out/>
  <testcase classname="com.tutorials.ninja.qa.testcases.RegisterTest" name="verifyRegisterUptoEmail" time="0.001">
    <skipped/>
  </testcase> <!-- verifyRegisterUptoEmail -->
  <system-out/>
  <testcase classname="com.tutorials.ninja.qa.testcases.RegisterTest" name="verifyRegisterUptoTelePhoneNumber" time="0.000">
    <skipped/>
  </testcase> <!-- verifyRegisterUptoTelePhoneNumber -->
  <system-out/>
  <testcase classname="com.tutorials.ninja.qa.testcases.RegisterTest" name="verifyRegisterUptoPassword" time="0.000">
    <skipped/>
  </testcase> <!-- verifyRegisterUptoPassword -->
  <system-out/>
  <testcase classname="com.tutorials.ninja.qa.testcases.RegisterTest" name="verifyRegisterWithoutCheckingPrivacyPolicy" time="0.000">
    <skipped/>
  </testcase> <!-- verifyRegisterWithoutCheckingPrivacyPolicy -->
  <system-out/>
  <testcase classname="com.tutorials.ninja.qa.testcases.RegisterTest" name="verifyRegisterByEnteringDifferentPasswordForThePasswordFields" time="0.000">
    <skipped/>
  </testcase> <!-- verifyRegisterByEnteringDifferentPasswordForThePasswordFields -->
  <system-out/>
  <testcase classname="com.tutorials.ninja.qa.testcases.RegisterTest" name="verifyRegisterSubscribedYes" time="0.000">
    <skipped/>
  </testcase> <!-- verifyRegisterSubscribedYes -->
  <system-out/>
  <testcase classname="com.tutorials.ninja.qa.testcases.RegisterTest" name="verifyRegisterSubscribedNo" time="0.000">
    <skipped/>
  </testcase> <!-- verifyRegisterSubscribedNo -->
  <system-out/>
  <testcase classname="com.tutorials.ninja.qa.testcases.RegisterTest" name="verifyRegisterUsingExistingEmail" time="0.000">
    <skipped/>
  </testcase> <!-- verifyRegisterUsingExistingEmail -->
  <system-out/>
  <testcase classname="com.tutorials.ninja.qa.testcases.RegisterTest" name="verifyRegisterUsingMoreThan32NumbersForTelePhoneNumber" time="0.000">
    <skipped/>
  </testcase> <!-- verifyRegisterUsingMoreThan32NumbersForTelePhoneNumber -->
  <system-out/>
  <testcase classname="com.tutorials.ninja.qa.testcases.RegisterTest" name="verifyRegisterAnAccountWithoutFilling" time="0.000">
    <skipped/>
  </testcase> <!-- verifyRegisterAnAccountWithoutFilling -->
  <system-out/>
  <testcase classname="com.tutorials.ninja.qa.testcases.RegisterTest" name="verifyRegisterUsingMoreThan32CharactersForFirstName" time="0.000">
    <skipped/>
  </testcase> <!-- verifyRegisterUsingMoreThan32CharactersForFirstName -->
  <system-out/>
  <testcase classname="com.tutorials.ninja.qa.testcases.RegisterTest" name="verifyRegisterUsingMoreThan32CharactersForLastName" time="0.000">
    <skipped/>
  </testcase> <!-- verifyRegisterUsingMoreThan32CharactersForLastName -->
  <system-out/>
  <testcase classname="com.tutorials.ninja.qa.testcases.RegisterTest" name="verifyRegisterUsingMoreThan20CharactersForPassword" time="0.000">
    <skipped/>
  </testcase> <!-- verifyRegisterUsingMoreThan20CharactersForPassword -->
  <system-out/>
  <testcase classname="com.tutorials.ninja.qa.testcases.RegisterTest" name="verifyRegisterUsingLessThan4CharactersForPassword" time="0.000">
    <skipped/>
  </testcase> <!-- verifyRegisterUsingLessThan4CharactersForPassword -->
  <system-out/>
  <testcase classname="com.tutorials.ninja.qa.testcases.RegisterTest" name="verifyRegisterUsingLessThan3NumbersForTelePhoneNumber" time="0.000">
    <skipped/>
  </testcase> <!-- verifyRegisterUsingLessThan3NumbersForTelePhoneNumber -->
  <system-out/>
  <testcase classname="com.tutorials.ninja.qa.testcases.RegisterTest" name="verifyOpeningOfLoginLinkInANewTab" time="0.000">
    <skipped/>
  </testcase> <!-- verifyOpeningOfLoginLinkInANewTab -->
  <system-out/>
  <testcase classname="com.tutorials.ninja.qa.testcases.RegisterTest" name="verifyOpeningOfLoginLinkInANewWindow" time="0.000">
    <skipped/>
  </testcase> <!-- verifyOpeningOfLoginLinkInANewWindow -->
  <system-out/>
</testsuite> <!-- com.tutorials.ninja.qa.testcases.RegisterTest -->
