<?xml version="1.0" encoding="UTF-8"?>
<!-- Generated by org.testng.reporters.JUnitReportReporter -->
<testsuite skipped="2" hostname="Rafia" name="com.tutorials.ninja.qa.testcases.SearchProductTest" tests="39" failures="0" timestamp="2023-04-27T23:18:04 EDT" time="231.601" errors="1">
  <testcase name="setUp" time="18.816" classname="com.tutorials.ninja.qa.testcases.SearchProductTest">
    <error type="org.openqa.selenium.TimeoutException" message="timeout: Timed out receiving message from renderer: -0.007
  (Session info: chrome=112.0.5615.87)
Build info: version: &#039;4.8.3&#039;, revision: &#039;e5e76298c3&#039;
System info: os.name: &#039;Windows 11&#039;, os.arch: &#039;amd64&#039;, os.version: &#039;10.0&#039;, java.version: &#039;1.8.0_341&#039;
Driver info: org.openqa.selenium.chrome.ChromeDriver
Command: [f8a8b87a5027b0d35e18b9e0b4d744da, get {url=http://tutorialsninja.com/demo}]
Capabilities {acceptInsecureCerts: false, browserName: chrome, browserVersion: 112.0.5615.87, chrome: {chromedriverVersion: 112.0.5615.49 (bd2a7bcb881c..., userDataDir: C:\Users\RAFIAS~1\AppData\L...}, goog:chromeOptions: {debuggerAddress: localhost:58060}, networkConnectionEnabled: false, pageLoadStrategy: normal, platformName: WINDOWS, proxy: Proxy(), se:cdp: ws://localhost:58060/devtoo..., se:cdpVersion: 112.0.5615.87, setWindowRect: true, strictFileInteractability: false, timeouts: {implicit: 0, pageLoad: 300000, script: 30000}, unhandledPromptBehavior: dismiss and notify, webauthn:extension:credBlob: true, webauthn:extension:largeBlob: true, webauthn:extension:minPinLength: true, webauthn:extension:prf: true, webauthn:virtualAuthenticators: true}
Session ID: f8a8b87a5027b0d35e18b9e0b4d744da">
      <![CDATA[org.openqa.selenium.TimeoutException: timeout: Timed out receiving message from renderer: -0.007
  (Session info: chrome=112.0.5615.87)
Build info: version: '4.8.3', revision: 'e5e76298c3'
System info: os.name: 'Windows 11', os.arch: 'amd64', os.version: '10.0', java.version: '1.8.0_341'
Driver info: org.openqa.selenium.chrome.ChromeDriver
Command: [f8a8b87a5027b0d35e18b9e0b4d744da, get {url=http://tutorialsninja.com/demo}]
Capabilities {acceptInsecureCerts: false, browserName: chrome, browserVersion: 112.0.5615.87, chrome: {chromedriverVersion: 112.0.5615.49 (bd2a7bcb881c..., userDataDir: C:\Users\RAFIAS~1\AppData\L...}, goog:chromeOptions: {debuggerAddress: localhost:58060}, networkConnectionEnabled: false, pageLoadStrategy: normal, platformName: WINDOWS, proxy: Proxy(), se:cdp: ws://localhost:58060/devtoo..., se:cdpVersion: 112.0.5615.87, setWindowRect: true, strictFileInteractability: false, timeouts: {implicit: 0, pageLoad: 300000, script: 30000}, unhandledPromptBehavior: dismiss and notify, webauthn:extension:credBlob: true, webauthn:extension:largeBlob: true, webauthn:extension:minPinLength: true, webauthn:extension:prf: true, webauthn:virtualAuthenticators: true}
Session ID: f8a8b87a5027b0d35e18b9e0b4d744da
at sun.reflect.NativeConstructorAccessorImpl.newInstance0(Native Method)
at sun.reflect.NativeConstructorAccessorImpl.newInstance(NativeConstructorAccessorImpl.java:62)
at sun.reflect.DelegatingConstructorAccessorImpl.newInstance(DelegatingConstructorAccessorImpl.java:45)
at java.lang.reflect.Constructor.newInstance(Constructor.java:423)
at org.openqa.selenium.remote.codec.w3c.W3CHttpResponseCodec.createException(W3CHttpResponseCodec.java:200)
at org.openqa.selenium.remote.codec.w3c.W3CHttpResponseCodec.decode(W3CHttpResponseCodec.java:133)
at org.openqa.selenium.remote.codec.w3c.W3CHttpResponseCodec.decode(W3CHttpResponseCodec.java:53)
at org.openqa.selenium.remote.HttpCommandExecutor.execute(HttpCommandExecutor.java:193)
at org.openqa.selenium.remote.service.DriverCommandExecutor.invokeExecute(DriverCommandExecutor.java:183)
at org.openqa.selenium.remote.service.DriverCommandExecutor.execute(DriverCommandExecutor.java:158)
at org.openqa.selenium.remote.RemoteWebDriver.execute(RemoteWebDriver.java:543)
at org.openqa.selenium.remote.RemoteWebDriver.get(RemoteWebDriver.java:297)
at com.tutorials.ninja.qa.testbase.TestBase.initializeBrowserAndOpenApplication(TestBase.java:54)
at com.tutorials.ninja.qa.testcases.SearchProductTest.setUp(SearchProductTest.java:36)
at sun.reflect.GeneratedMethodAccessor15.invoke(Unknown Source)
at sun.reflect.DelegatingMethodAccessorImpl.invoke(DelegatingMethodAccessorImpl.java:43)
at java.lang.reflect.Method.invoke(Method.java:498)
at org.testng.internal.MethodInvocationHelper.invokeMethod(MethodInvocationHelper.java:131)
at org.testng.internal.MethodInvocationHelper.invokeMethodConsideringTimeout(MethodInvocationHelper.java:61)
at org.testng.internal.Invoker.invokeConfigurationMethod(Invoker.java:511)
at org.testng.internal.Invoker.invokeConfigurations(Invoker.java:241)
at org.testng.internal.Invoker.invokeMethod(Invoker.java:581)
at org.testng.internal.Invoker.invokeTestMethod(Invoker.java:792)
at org.testng.internal.Invoker.invokeTestMethods(Invoker.java:1103)
at org.testng.internal.TestMethodWorker.invokeTestMethods(TestMethodWorker.java:140)
at org.testng.internal.TestMethodWorker.run(TestMethodWorker.java:122)
at org.testng.TestRunner.privateRun(TestRunner.java:739)
at org.testng.TestRunner.run(TestRunner.java:589)
at org.testng.SuiteRunner.runTest(SuiteRunner.java:398)
at org.testng.SuiteRunner.runSequentially(SuiteRunner.java:392)
at org.testng.SuiteRunner.privateRun(SuiteRunner.java:354)
at org.testng.SuiteRunner.run(SuiteRunner.java:302)
at org.testng.SuiteRunnerWorker.runSuite(SuiteRunnerWorker.java:53)
at org.testng.SuiteRunnerWorker.run(SuiteRunnerWorker.java:96)
at org.testng.TestNG.runSuitesSequentially(TestNG.java:1145)
at org.testng.TestNG.runSuitesLocally(TestNG.java:1067)
at org.testng.TestNG.runSuites(TestNG.java:997)
at org.testng.TestNG.run(TestNG.java:965)
at org.apache.maven.surefire.testng.TestNGExecutor.run(TestNGExecutor.java:324)
at org.apache.maven.surefire.testng.TestNGXmlTestSuite.execute(TestNGXmlTestSuite.java:74)
at org.apache.maven.surefire.testng.TestNGProvider.invoke(TestNGProvider.java:123)
at org.apache.maven.surefire.booter.ForkedBooter.runSuitesInProcess(ForkedBooter.java:456)
at org.apache.maven.surefire.booter.ForkedBooter.execute(ForkedBooter.java:169)
at org.apache.maven.surefire.booter.ForkedBooter.run(ForkedBooter.java:595)
at org.apache.maven.surefire.booter.ForkedBooter.main(ForkedBooter.java:581)
]]>
    </error>
  </testcase> <!-- setUp -->
  <testcase name="verifySearchBoxIsClickable" time="4.916" classname="com.tutorials.ninja.qa.testcases.SearchProductTest"/>
  <testcase name="verifySearchWithExistingProductName" time="5.695" classname="com.tutorials.ninja.qa.testcases.SearchProductTest"/>
  <testcase name="verifySearchWithANonExistingProductName" time="5.380" classname="com.tutorials.ninja.qa.testcases.SearchProductTest"/>
  <testcase name="verifySearchWithoutProvidingAnything" time="5.270" classname="com.tutorials.ninja.qa.testcases.SearchProductTest"/>
  <testcase name="verifySearchProductAfterLogin" time="6.925" classname="com.tutorials.ninja.qa.testcases.SearchProductTest"/>
  <testcase name="verifyProperLogoutAfterSearchingForProduct" time="7.470" classname="com.tutorials.ninja.qa.testcases.SearchProductTest"/>
  <testcase name="verifyCorrectResultsAreDisplayedAfterASearch" time="5.622" classname="com.tutorials.ninja.qa.testcases.SearchProductTest"/>
  <testcase name="verifySearchWithSpecialCharacter" time="5.433" classname="com.tutorials.ninja.qa.testcases.SearchProductTest"/>
  <testcase name="verifySearchWhenTheSearchTermIsMisspelled" time="5.833" classname="com.tutorials.ninja.qa.testcases.SearchProductTest"/>
  <testcase name="verifySearchByProvidingASearchCriteriaThatResultsInMultipleProducts" time="5.606" classname="com.tutorials.ninja.qa.testcases.SearchProductTest"/>
  <testcase name="verifySearchWithExtraSpacesBetweenLetters" time="5.627" classname="com.tutorials.ninja.qa.testcases.SearchProductTest"/>
  <testcase name="verifySearchWithAllUppercase" time="6.758" classname="com.tutorials.ninja.qa.testcases.SearchProductTest"/>
  <testcase name="verifySearchWithAllLowercase" time="5.657" classname="com.tutorials.ninja.qa.testcases.SearchProductTest"/>
  <testcase name="verifySearchWithMixedUppercaseAndlowercase" time="5.655" classname="com.tutorials.ninja.qa.testcases.SearchProductTest"/>
  <testcase name="verifySearchingForProductAfterLogout" time="7.536" classname="com.tutorials.ninja.qa.testcases.SearchProductTest"/>
  <testcase name="verifySearchingForProductUsingTheENTERkey" time="5.657" classname="com.tutorials.ninja.qa.testcases.SearchProductTest"/>
  <testcase name="verifyWorkingOfTABkeyWhenLookingForProducts" time="10.907" classname="com.tutorials.ninja.qa.testcases.SearchProductTest"/>
  <testcase name="verifyClickingOnDesktopsLink" time="5.011" classname="com.tutorials.ninja.qa.testcases.SearchProductTest"/>
  <testcase name="verifyClickingOnLaptopsAndNotebooksLink" time="5.145" classname="com.tutorials.ninja.qa.testcases.SearchProductTest"/>
  <testcase name="verifyClickingOnComponentsLink" time="5.239" classname="com.tutorials.ninja.qa.testcases.SearchProductTest"/>
  <testcase name="verifyClickingOnTabletsLink" time="5.542" classname="com.tutorials.ninja.qa.testcases.SearchProductTest"/>
  <testcase name="verifyClickingOnSoftwareLink" time="6.841" classname="com.tutorials.ninja.qa.testcases.SearchProductTest"/>
  <testcase name="verifyClickingOnPhonesAndPDAsLink" time="6.174" classname="com.tutorials.ninja.qa.testcases.SearchProductTest"/>
  <testcase name="verifyClickingOnCamerasLink" time="5.754" classname="com.tutorials.ninja.qa.testcases.SearchProductTest"/>
  <testcase name="verifyClickingOnMP3PlayersLink" time="5.147" classname="com.tutorials.ninja.qa.testcases.SearchProductTest"/>
  <testcase name="verifyClickingOnDesktopsSublinkPC" time="8.479" classname="com.tutorials.ninja.qa.testcases.SearchProductTest"/>
  <testcase name="verifyClickingOnDesktopsSublinkMac" time="6.909" classname="com.tutorials.ninja.qa.testcases.SearchProductTest"/>
  <testcase name="verifyClickingOnDesktopsSublinkShowAllDesktops" time="5.936" classname="com.tutorials.ninja.qa.testcases.SearchProductTest"/>
  <testcase name="verifyClickingOnLaptopsAndNotebooksSublinkMacs" time="5.793" classname="com.tutorials.ninja.qa.testcases.SearchProductTest"/>
  <testcase name="verifyClickingOnLaptopsAndNotebooksSublinkWindows" time="5.797" classname="com.tutorials.ninja.qa.testcases.SearchProductTest"/>
  <testcase name="verifyClickingOnLaptopsAndNotebooksSublinkShowAll" time="5.645" classname="com.tutorials.ninja.qa.testcases.SearchProductTest"/>
  <testcase name="verifyClickingOnComponentsSublinkMiceAndTrackballs" time="5.672" classname="com.tutorials.ninja.qa.testcases.SearchProductTest"/>
  <testcase name="verifyClickingOnComponentsSublinkMonitor" time="5.845" classname="com.tutorials.ninja.qa.testcases.SearchProductTest"/>
  <testcase name="verifyClickingOnComponentsSublinkPrinters" time="5.645" classname="com.tutorials.ninja.qa.testcases.SearchProductTest"/>
  <testcase name="verifyClickingOnComponentsSublinkScanners" time="5.571" classname="com.tutorials.ninja.qa.testcases.SearchProductTest"/>
  <testcase name="verifyClickingOnComponentsSublinkWebCameras" time="0.693" classname="com.tutorials.ninja.qa.testcases.SearchProductTest"/>
  <testcase name="verifyClickingOnComponentsSublinkShowAllComponents" time="0.000" classname="com.tutorials.ninja.qa.testcases.SearchProductTest">
    <skipped/>
  </testcase> <!-- verifyClickingOnComponentsSublinkShowAllComponents -->
  <testcase name="verifyClickingOnMP3PlayersSublinkShowAllMP3Players" time="0.000" classname="com.tutorials.ninja.qa.testcases.SearchProductTest">
    <skipped/>
  </testcase> <!-- verifyClickingOnMP3PlayersSublinkShowAllMP3Players -->
</testsuite> <!-- com.tutorials.ninja.qa.testcases.SearchProductTest -->
